TpTrace Verbose: 0 : 20916, 1, 2023/04/28, 11:37:38.670, 6677527488912, testhost.dll, Version: 17.5.0 Current process architecture: X64
TpTrace Verbose: 0 : 20916, 1, 2023/04/28, 11:37:38.672, 6677527505377, testhost.dll, Runtime location: C:\Program Files\dotnet\shared\Microsoft.NETCore.App\6.0.16
TpTrace Information: 0 : 20916, 1, 2023/04/28, 11:37:38.673, 6677527520141, testhost.dll, DefaultEngineInvoker.Invoke: Testhost process started with args :[--port, 52813],[--endpoint, 127.0.0.1:052813],[--role, client],[--parentprocessid, 21236],[--diag, C:\MyDev\Sources\diag6.host.23-04-28_11-37-38_56899_5.txt],[--tracelevel, 4],[--telemetryoptedin, false]
TpTrace Information: 0 : 20916, 1, 2023/04/28, 11:37:38.674, 6677527526209, testhost.dll, Setting up debug trace listener.
TpTrace Verbose: 0 : 20916, 1, 2023/04/28, 11:37:38.674, 6677527526998, testhost.dll, TestPlatformTraceListener.Setup: Replacing listener System.Diagnostics.DefaultTraceListener with TestHostTraceListener.
TpTrace Verbose: 0 : 20916, 1, 2023/04/28, 11:37:38.674, 6677527527202, testhost.dll, TestPlatformTraceListener.Setup: Added test platform trace listener.
TpTrace Information: 0 : 20916, 1, 2023/04/28, 11:37:38.674, 6677527528573, testhost.dll, DefaultEngineInvoker.SetParentProcessExitCallback: Monitoring parent process with id: '21236'
TpTrace Information: 0 : 20916, 1, 2023/04/28, 11:37:38.684, 6677527623789, testhost.dll, DefaultEngineInvoker.GetConnectionInfo: Initialize communication on endpoint address: '127.0.0.1:052813'
TpTrace Information: 0 : 20916, 1, 2023/04/28, 11:37:38.689, 6677527675168, testhost.dll, SocketClient.Start: connecting to server endpoint: 127.0.0.1:052813
TpTrace Information: 0 : 20916, 1, 2023/04/28, 11:37:38.693, 6677527718937, testhost.dll, DefaultEngineInvoker.Invoke: Start Request Processing.
TpTrace Information: 0 : 20916, 10, 2023/04/28, 11:37:38.694, 6677527728147, testhost.dll, SocketClient.OnServerConnected: connected to server endpoint: 127.0.0.1:052813
TpTrace Information: 0 : 20916, 11, 2023/04/28, 11:37:38.696, 6677527748788, testhost.dll, DefaultEngineInvoker.StartProcessingAsync: Connected to vstest.console, Starting process requests.
TpTrace Verbose: 0 : 20916, 10, 2023/04/28, 11:37:38.696, 6677527748861, testhost.dll, MulticastDelegateUtilities.SafeInvoke: SocketClient: ServerConnected: Invoking callback 1/1 for Microsoft.VisualStudio.TestPlatform.CommunicationUtilities.TestRequestHandler., took 0 ms.
TpTrace Verbose: 0 : 20916, 10, 2023/04/28, 11:37:38.696, 6677527749573, testhost.dll, Connected to server, and starting MessageLoopAsync
TpTrace Verbose: 0 : 20916, 9, 2023/04/28, 11:37:38.698, 6677527769206, testhost.dll, TcpClientExtensions.MessageLoopAsync: Polling on remoteEndPoint: [::ffff:127.0.0.1]:52813 localEndPoint: [::ffff:127.0.0.1]:52814
TpTrace Verbose: 0 : 20916, 9, 2023/04/28, 11:37:38.705, 6677527837719, testhost.dll, TcpClientExtensions.MessageLoopAsync: NotifyDataAvailable remoteEndPoint: [::ffff:127.0.0.1]:52813 localEndPoint: [::ffff:127.0.0.1]:52814
TpTrace Information: 0 : 20916, 9, 2023/04/28, 11:37:38.707, 6677527861389, testhost.dll, TestRequestHandler.OnMessageReceived: received message: (ProtocolVersion) -> {"MessageType":"ProtocolVersion","Payload":7}
TpTrace Verbose: 0 : 20916, 9, 2023/04/28, 11:37:38.790, 6677528683669, testhost.dll, TestRequestHandler.SendData: sending data from testhost: {"Version":7,"MessageType":"TestSession.Message","Payload":{"MessageLevel":0,"Message":"Logging TestHost Diagnostics in file: C:\\MyDev\\Sources\\diag6.host.23-04-28_11-37-38_56899_5.txt"}}
TpTrace Verbose: 0 : 20916, 9, 2023/04/28, 11:37:38.790, 6677528685287, testhost.dll, MulticastDelegateUtilities.SafeInvoke: LengthPrefixCommunicationChannel: MessageReceived: Invoking callback 1/1 for Microsoft.VisualStudio.TestPlatform.CommunicationUtilities.TestRequestHandler., took 83 ms.
TpTrace Verbose: 0 : 20916, 9, 2023/04/28, 11:37:38.790, 6677528685592, testhost.dll, TcpClientExtensions.MessageLoopAsync: Polling on remoteEndPoint: [::ffff:127.0.0.1]:52813 localEndPoint: [::ffff:127.0.0.1]:52814
TpTrace Verbose: 0 : 20916, 9, 2023/04/28, 11:37:38.794, 6677528730650, testhost.dll, TcpClientExtensions.MessageLoopAsync: NotifyDataAvailable remoteEndPoint: [::ffff:127.0.0.1]:52813 localEndPoint: [::ffff:127.0.0.1]:52814
TpTrace Information: 0 : 20916, 9, 2023/04/28, 11:37:38.794, 6677528731312, testhost.dll, TestRequestHandler.OnMessageReceived: received message: (TestExecution.Initialize) -> {"Version":7,"MessageType":"TestExecution.Initialize","Payload":["C:\\MyDev\\Sources\\unittest\\net6.0\\Microsoft.VisualStudio.TestPlatform.MSTest.TestAdapter.dll"]}
TpTrace Verbose: 0 : 20916, 9, 2023/04/28, 11:37:38.799, 6677528778351, testhost.dll, MulticastDelegateUtilities.SafeInvoke: LengthPrefixCommunicationChannel: MessageReceived: Invoking callback 1/1 for Microsoft.VisualStudio.TestPlatform.CommunicationUtilities.TestRequestHandler., took 4 ms.
TpTrace Verbose: 0 : 20916, 9, 2023/04/28, 11:37:38.799, 6677528778919, testhost.dll, TcpClientExtensions.MessageLoopAsync: Polling on remoteEndPoint: [::ffff:127.0.0.1]:52813 localEndPoint: [::ffff:127.0.0.1]:52814
TpTrace Information: 0 : 20916, 4, 2023/04/28, 11:37:38.799, 6677528781592, testhost.dll, TestRequestHandler.OnMessageReceived: Running job 'TestExecution.Initialize'.
TpTrace Verbose: 0 : 20916, 4, 2023/04/28, 11:37:38.801, 6677528793805, testhost.dll, TestExecutorService: Loading the extensions
TpTrace Verbose: 0 : 20916, 4, 2023/04/28, 11:37:38.802, 6677528804777, testhost.dll, TestPluginCache.DiscoverTestExtensions: finding test extensions in assemblies ends with: TestAdapter.dll TPluginInfo: Microsoft.VisualStudio.TestPlatform.Common.ExtensionFramework.Utilities.TestExecutorPluginInformation TExtension: Microsoft.VisualStudio.TestPlatform.ObjectModel.Adapter.ITestExecutor
TpTrace Verbose: 0 : 20916, 4, 2023/04/28, 11:37:38.802, 6677528811447, testhost.dll, TestPluginCache.GetExtensionPaths: Filtered extension paths: 
TpTrace Verbose: 0 : 20916, 4, 2023/04/28, 11:37:38.803, 6677528813868, testhost.dll, TestPluginCache.GetExtensionPaths: Added default extension paths: C:\MyDev\Sources\unittest\net6.0\Microsoft.VisualStudio.TestPlatform.MSTest.TestAdapter.dll
TpTrace Verbose: 0 : 20916, 4, 2023/04/28, 11:37:38.803, 6677528814102, testhost.dll, TestPluginCache.GetExtensionPaths: Added unfilterableExtensionPaths: 
TpTrace Information: 0 : 20916, 4, 2023/04/28, 11:37:38.803, 6677528821456, testhost.dll, AssemblyResolver.ctor: Creating AssemblyResolver with searchDirectories C:\MyDev\Sources\unittest\net6.0
TpTrace Verbose: 0 : 20916, 9, 2023/04/28, 11:37:38.804, 6677528825839, testhost.dll, TcpClientExtensions.MessageLoopAsync: NotifyDataAvailable remoteEndPoint: [::ffff:127.0.0.1]:52813 localEndPoint: [::ffff:127.0.0.1]:52814
TpTrace Information: 0 : 20916, 9, 2023/04/28, 11:37:38.804, 6677528826661, testhost.dll, TestRequestHandler.OnMessageReceived: received message: (TestExecution.StartWithSources) -> {"Version":7,"MessageType":"TestExecution.StartWithSources","Payload":{"AdapterSourceMap":{"_none_":["C:\\MyDev\\Sources\\unittest\\net6.0\\DemoUnitTestProject.dll"]},"RunSettings":"<RunSettings>\r\n  <MSTest>\r\n    <MapInconclusiveToFailed>True</MapInconclusiveToFailed>\r\n    <CaptureTraceOutput>False</CaptureTraceOutput>\r\n    <DeleteDeploymentDirectoryAfterTestRunIsComplete>False</DeleteDeploymentDirectoryAfterTestRunIsComplete>\r\n    <DeploymentEnabled>True</DeploymentEnabled>\r\n    <AssemblyResolution>\r\n      <Directory path=\"..\\..\\\" includeSubDirectories=\"true\" />\r\n    </AssemblyResolution>\r\n  </MSTest>\r\n  <RunSettingsDirectory>C:\\MyDev\\Sources</RunSettingsDirectory>\r\n  <RunConfiguration>\r\n    <ResultsDirectory>C:\\MyDev\\Sources\\TestResults</ResultsDirectory>\r\n    <TargetFrameworkVersion>.NETCoreApp,Version=v6.0</TargetFrameworkVersion>\r\n    <DesignMode>False</DesignMode>\r\n    <CollectSourceInformation>False</CollectSourceInformation>\r\n  </RunConfiguration>\r\n  <LoggerRunSettings>\r\n    <Loggers>\r\n      <Logger friendlyName=\"trx\" enabled=\"True\">\r\n        <Configuration>\r\n          <LoggerFileName>C:\\MyDev\\Sources\\trx6.log</LoggerFileName>\r\n        </Configuration>\r\n      </Logger>\r\n      <Logger friendlyName=\"Console\" uri=\"logger://microsoft/TestPlatform/ConsoleLogger/v1\" assemblyQualifiedName=\"Microsoft.VisualStudio.TestPlatform.CommandLine.Internal.ConsoleLogger, vstest.console, Version=15.0.0.0, Culture=neutral, PublicKeyToken=b03f5f7f11d50a3a\" codeBase=\"C:\\Program Files\\Microsoft Visual Studio\\2022\\Enterprise\\Common7\\IDE\\Extensions\\TestPlatform\\vstest.console.exe\" enabled=\"True\" />\r\n    </Loggers>\r\n  </LoggerRunSettings>\r\n</RunSettings>","TestExecutionContext":{"FrequencyOfRunStatsChangeEvent":10,"RunStatsChangeEventTimeout":"00:00:01.5000000","InIsolation":false,"KeepAlive":false,"AreTestCaseLevelEventsRequired":false,"IsDebug":false,"TestCaseFilter":null,"FilterOptions":null},"Package":null}}
TpTrace Verbose: 0 : 20916, 4, 2023/04/28, 11:37:38.804, 6677528831441, testhost.dll, TestPluginCache.DiscoverTestExtensions: Discovering the extensions using extension path.
TpTrace Verbose: 0 : 20916, 4, 2023/04/28, 11:37:38.805, 6677528832461, testhost.dll, TestPluginCache.GetExtensionPaths: Filtered extension paths: 
TpTrace Verbose: 0 : 20916, 4, 2023/04/28, 11:37:38.805, 6677528833077, testhost.dll, TestPluginCache.GetExtensionPaths: Added default extension paths: C:\MyDev\Sources\unittest\net6.0\Microsoft.VisualStudio.TestPlatform.MSTest.TestAdapter.dll
TpTrace Verbose: 0 : 20916, 4, 2023/04/28, 11:37:38.805, 6677528833259, testhost.dll, TestPluginCache.GetExtensionPaths: Added unfilterableExtensionPaths: 
TpTrace Verbose: 0 : 20916, 4, 2023/04/28, 11:37:38.805, 6677528833547, testhost.dll, TestPluginCache.DiscoverTestExtensions: Discovering the extensions using allExtensionPaths: C:\MyDev\Sources\unittest\net6.0\Microsoft.VisualStudio.TestPlatform.MSTest.TestAdapter.dll
TpTrace Information: 0 : 20916, 4, 2023/04/28, 11:37:38.805, 6677528839407, testhost.dll, AssemblyResolver.AddSearchDirectories: Adding more searchDirectories C:\MyDev\Sources\unittest\net6.0
TpTrace Information: 0 : 20916, 4, 2023/04/28, 11:37:38.808, 6677528869850, testhost.dll, AssemblyResolver.OnResolve: Microsoft.VisualStudio.TestPlatform.MSTest.TestAdapter: Resolving assembly.
TpTrace Information: 0 : 20916, 4, 2023/04/28, 11:37:38.808, 6677528870281, testhost.dll, AssemblyResolver.OnResolve: Microsoft.VisualStudio.TestPlatform.MSTest.TestAdapter: Searching in: 'C:\MyDev\Sources\unittest\net6.0'.
TpTrace Information: 0 : 20916, 4, 2023/04/28, 11:37:38.809, 6677528877414, testhost.dll, AssemblyResolver.OnResolve: Microsoft.VisualStudio.TestPlatform.MSTest.TestAdapter: Loading assembly 'C:\MyDev\Sources\unittest\net6.0\Microsoft.VisualStudio.TestPlatform.MSTest.TestAdapter.dll'.
TpTrace Information: 0 : 20916, 4, 2023/04/28, 11:37:38.809, 6677528881073, testhost.dll, AssemblyResolver.OnResolve: Resolved assembly: Microsoft.VisualStudio.TestPlatform.MSTest.TestAdapter, from path: C:\MyDev\Sources\unittest\net6.0\Microsoft.VisualStudio.TestPlatform.MSTest.TestAdapter.dll
TpTrace Verbose: 0 : 20916, 9, 2023/04/28, 11:37:38.821, 6677529001564, testhost.dll, MulticastDelegateUtilities.SafeInvoke: LengthPrefixCommunicationChannel: MessageReceived: Invoking callback 1/1 for Microsoft.VisualStudio.TestPlatform.CommunicationUtilities.TestRequestHandler., took 17 ms.
TpTrace Verbose: 0 : 20916, 9, 2023/04/28, 11:37:38.822, 6677529001984, testhost.dll, TcpClientExtensions.MessageLoopAsync: Polling on remoteEndPoint: [::ffff:127.0.0.1]:52813 localEndPoint: [::ffff:127.0.0.1]:52814
TpTrace Verbose: 0 : 20916, 4, 2023/04/28, 11:37:38.826, 6677529041800, testhost.dll, MetadataReaderExtensionsHelper: Discovering extensions inside assembly 'Microsoft.VisualStudio.TestPlatform.MSTest.TestAdapter, Version=14.0.0.0, Culture=neutral, PublicKeyToken=b03f5f7f11d50a3a' file path 'C:\MyDev\Sources\unittest\net6.0\Microsoft.VisualStudio.TestPlatform.MSTest.TestAdapter.dll'
TpTrace Information: 0 : 20916, 4, 2023/04/28, 11:37:38.831, 6677529094251, testhost.dll, GetTestExtensionFromType: Register extension with identifier data 'executor://MSTestAdapter/v2' and type 'Microsoft.VisualStudio.TestPlatform.MSTest.TestAdapter.MSTestExecutor, Microsoft.VisualStudio.TestPlatform.MSTest.TestAdapter, Version=14.0.0.0, Culture=neutral, PublicKeyToken=b03f5f7f11d50a3a' inside file 'C:\MyDev\Sources\unittest\net6.0\Microsoft.VisualStudio.TestPlatform.MSTest.TestAdapter.dll'
TpTrace Verbose: 0 : 20916, 4, 2023/04/28, 11:37:38.832, 6677529109773, testhost.dll, TestPluginCache: Discovered the extensions using extension path ''.
TpTrace Verbose: 0 : 20916, 4, 2023/04/28, 11:37:38.833, 6677529112868, testhost.dll, TestPluginCache: Discoverers are ''.
TpTrace Verbose: 0 : 20916, 4, 2023/04/28, 11:37:38.833, 6677529113372, testhost.dll, TestPluginCache: Executors are 'executor://MSTestAdapter/v2'.
TpTrace Verbose: 0 : 20916, 4, 2023/04/28, 11:37:38.833, 6677529113674, testhost.dll, TestPluginCache: Executors2 are ''.
TpTrace Verbose: 0 : 20916, 4, 2023/04/28, 11:37:38.833, 6677529113925, testhost.dll, TestPluginCache: Setting providers are ''.
TpTrace Verbose: 0 : 20916, 4, 2023/04/28, 11:37:38.833, 6677529114166, testhost.dll, TestPluginCache: Loggers are ''.
TpTrace Verbose: 0 : 20916, 4, 2023/04/28, 11:37:38.833, 6677529114433, testhost.dll, TestPluginCache: TestHosts are ''.
TpTrace Verbose: 0 : 20916, 4, 2023/04/28, 11:37:38.833, 6677529114671, testhost.dll, TestPluginCache: DataCollectors are ''.
TpTrace Verbose: 0 : 20916, 4, 2023/04/28, 11:37:38.835, 6677529131773, testhost.dll, TestPluginCache.DiscoverTestExtensions: finding test extensions in assemblies ends with: TestAdapter.dll TPluginInfo: Microsoft.VisualStudio.TestPlatform.Common.ExtensionFramework.Utilities.TestExecutorPluginInformation2 TExtension: Microsoft.VisualStudio.TestPlatform.ObjectModel.Adapter.ITestExecutor2
TpTrace Verbose: 0 : 20916, 4, 2023/04/28, 11:37:38.835, 6677529133614, testhost.dll, TestPluginCache.GetExtensionPaths: Filtered extension paths: 
TpTrace Verbose: 0 : 20916, 4, 2023/04/28, 11:37:38.835, 6677529133926, testhost.dll, TestPluginCache.GetExtensionPaths: Added default extension paths: C:\MyDev\Sources\unittest\net6.0\Microsoft.VisualStudio.TestPlatform.MSTest.TestAdapter.dll
TpTrace Verbose: 0 : 20916, 4, 2023/04/28, 11:37:38.835, 6677529134060, testhost.dll, TestPluginCache.GetExtensionPaths: Added unfilterableExtensionPaths: 
TpTrace Information: 0 : 20916, 4, 2023/04/28, 11:37:38.835, 6677529135035, testhost.dll, AssemblyResolver.AddSearchDirectories: Adding more searchDirectories C:\MyDev\Sources\unittest\net6.0
TpTrace Verbose: 0 : 20916, 4, 2023/04/28, 11:37:38.835, 6677529135260, testhost.dll, TestPluginCache.DiscoverTestExtensions: Discovering the extensions using extension path.
TpTrace Verbose: 0 : 20916, 4, 2023/04/28, 11:37:38.835, 6677529135430, testhost.dll, TestPluginCache.GetExtensionPaths: Filtered extension paths: 
TpTrace Verbose: 0 : 20916, 4, 2023/04/28, 11:37:38.835, 6677529135555, testhost.dll, TestPluginCache.GetExtensionPaths: Added default extension paths: C:\MyDev\Sources\unittest\net6.0\Microsoft.VisualStudio.TestPlatform.MSTest.TestAdapter.dll
TpTrace Verbose: 0 : 20916, 4, 2023/04/28, 11:37:38.835, 6677529135673, testhost.dll, TestPluginCache.GetExtensionPaths: Added unfilterableExtensionPaths: 
TpTrace Verbose: 0 : 20916, 4, 2023/04/28, 11:37:38.835, 6677529135810, testhost.dll, TestPluginCache.DiscoverTestExtensions: Discovering the extensions using allExtensionPaths: C:\MyDev\Sources\unittest\net6.0\Microsoft.VisualStudio.TestPlatform.MSTest.TestAdapter.dll
TpTrace Information: 0 : 20916, 4, 2023/04/28, 11:37:38.835, 6677529135996, testhost.dll, AssemblyResolver.AddSearchDirectories: Adding more searchDirectories C:\MyDev\Sources\unittest\net6.0
TpTrace Verbose: 0 : 20916, 4, 2023/04/28, 11:37:38.835, 6677529136474, testhost.dll, MetadataReaderExtensionsHelper: Discovering extensions inside assembly 'Microsoft.VisualStudio.TestPlatform.MSTest.TestAdapter, Version=14.0.0.0, Culture=neutral, PublicKeyToken=b03f5f7f11d50a3a' file path 'C:\MyDev\Sources\unittest\net6.0\Microsoft.VisualStudio.TestPlatform.MSTest.TestAdapter.dll'
TpTrace Verbose: 0 : 20916, 4, 2023/04/28, 11:37:38.835, 6677529139424, testhost.dll, TestPluginCache: Discovered the extensions using extension path ''.
TpTrace Verbose: 0 : 20916, 4, 2023/04/28, 11:37:38.835, 6677529139715, testhost.dll, TestPluginCache: Discoverers are ''.
TpTrace Verbose: 0 : 20916, 4, 2023/04/28, 11:37:38.835, 6677529139892, testhost.dll, TestPluginCache: Executors are 'executor://MSTestAdapter/v2'.
TpTrace Verbose: 0 : 20916, 4, 2023/04/28, 11:37:38.835, 6677529140249, testhost.dll, TestPluginCache: Executors2 are ''.
TpTrace Verbose: 0 : 20916, 4, 2023/04/28, 11:37:38.835, 6677529140391, testhost.dll, TestPluginCache: Setting providers are ''.
TpTrace Verbose: 0 : 20916, 4, 2023/04/28, 11:37:38.835, 6677529140506, testhost.dll, TestPluginCache: Loggers are ''.
TpTrace Verbose: 0 : 20916, 4, 2023/04/28, 11:37:38.835, 6677529140619, testhost.dll, TestPluginCache: TestHosts are ''.
TpTrace Verbose: 0 : 20916, 4, 2023/04/28, 11:37:38.835, 6677529140732, testhost.dll, TestPluginCache: DataCollectors are ''.
TpTrace Information: 0 : 20916, 4, 2023/04/28, 11:37:38.838, 6677529170262, testhost.dll, TestPluginManager.CreateTestExtension: Attempting to load test extension: Microsoft.VisualStudio.TestPlatform.MSTest.TestAdapter.MSTestExecutor
TpTrace Verbose: 0 : 20916, 4, 2023/04/28, 11:37:38.843, 6677529216975, testhost.dll, TestExecutorExtensionManager: Loading executor Microsoft.VisualStudio.TestPlatform.Common.ExtensionDecorators.SerialTestRunDecorator
TpTrace Verbose: 0 : 20916, 4, 2023/04/28, 11:37:38.843, 6677529217382, testhost.dll, TestExecutorService: Loaded the executors
TpTrace Verbose: 0 : 20916, 4, 2023/04/28, 11:37:38.844, 6677529224133, testhost.dll, TestPluginCache.DiscoverTestExtensions: finding test extensions in assemblies ends with: TestAdapter.dll TPluginInfo: Microsoft.VisualStudio.TestPlatform.Common.ExtensionFramework.Utilities.TestSettingsProviderPluginInformation TExtension: Microsoft.VisualStudio.TestPlatform.ObjectModel.Adapter.ISettingsProvider
TpTrace Verbose: 0 : 20916, 4, 2023/04/28, 11:37:38.844, 6677529224655, testhost.dll, TestPluginCache.GetExtensionPaths: Filtered extension paths: 
TpTrace Verbose: 0 : 20916, 4, 2023/04/28, 11:37:38.844, 6677529224834, testhost.dll, TestPluginCache.GetExtensionPaths: Added default extension paths: C:\MyDev\Sources\unittest\net6.0\Microsoft.VisualStudio.TestPlatform.MSTest.TestAdapter.dll
TpTrace Verbose: 0 : 20916, 4, 2023/04/28, 11:37:38.844, 6677529224987, testhost.dll, TestPluginCache.GetExtensionPaths: Added unfilterableExtensionPaths: 
TpTrace Information: 0 : 20916, 4, 2023/04/28, 11:37:38.844, 6677529225546, testhost.dll, AssemblyResolver.AddSearchDirectories: Adding more searchDirectories C:\MyDev\Sources\unittest\net6.0
TpTrace Verbose: 0 : 20916, 4, 2023/04/28, 11:37:38.844, 6677529225739, testhost.dll, TestPluginCache.DiscoverTestExtensions: Discovering the extensions using extension path.
TpTrace Verbose: 0 : 20916, 4, 2023/04/28, 11:37:38.844, 6677529225875, testhost.dll, TestPluginCache.GetExtensionPaths: Filtered extension paths: 
TpTrace Verbose: 0 : 20916, 4, 2023/04/28, 11:37:38.844, 6677529226054, testhost.dll, TestPluginCache.GetExtensionPaths: Added default extension paths: C:\MyDev\Sources\unittest\net6.0\Microsoft.VisualStudio.TestPlatform.MSTest.TestAdapter.dll
TpTrace Verbose: 0 : 20916, 4, 2023/04/28, 11:37:38.844, 6677529226172, testhost.dll, TestPluginCache.GetExtensionPaths: Added unfilterableExtensionPaths: 
TpTrace Verbose: 0 : 20916, 4, 2023/04/28, 11:37:38.844, 6677529226301, testhost.dll, TestPluginCache.DiscoverTestExtensions: Discovering the extensions using allExtensionPaths: C:\MyDev\Sources\unittest\net6.0\Microsoft.VisualStudio.TestPlatform.MSTest.TestAdapter.dll
TpTrace Information: 0 : 20916, 4, 2023/04/28, 11:37:38.844, 6677529226512, testhost.dll, AssemblyResolver.AddSearchDirectories: Adding more searchDirectories C:\MyDev\Sources\unittest\net6.0
TpTrace Verbose: 0 : 20916, 4, 2023/04/28, 11:37:38.844, 6677529226830, testhost.dll, MetadataReaderExtensionsHelper: Discovering extensions inside assembly 'Microsoft.VisualStudio.TestPlatform.MSTest.TestAdapter, Version=14.0.0.0, Culture=neutral, PublicKeyToken=b03f5f7f11d50a3a' file path 'C:\MyDev\Sources\unittest\net6.0\Microsoft.VisualStudio.TestPlatform.MSTest.TestAdapter.dll'
TpTrace Verbose: 0 : 20916, 4, 2023/04/28, 11:37:38.844, 6677529228918, testhost.dll, TestPluginCache: Discovered the extensions using extension path ''.
TpTrace Verbose: 0 : 20916, 4, 2023/04/28, 11:37:38.844, 6677529229208, testhost.dll, TestPluginCache: Discoverers are ''.
TpTrace Verbose: 0 : 20916, 4, 2023/04/28, 11:37:38.844, 6677529229349, testhost.dll, TestPluginCache: Executors are 'executor://MSTestAdapter/v2'.
TpTrace Verbose: 0 : 20916, 4, 2023/04/28, 11:37:38.844, 6677529229475, testhost.dll, TestPluginCache: Executors2 are ''.
TpTrace Verbose: 0 : 20916, 4, 2023/04/28, 11:37:38.844, 6677529229700, testhost.dll, TestPluginCache: Setting providers are ''.
TpTrace Verbose: 0 : 20916, 4, 2023/04/28, 11:37:38.844, 6677529229823, testhost.dll, TestPluginCache: Loggers are ''.
TpTrace Verbose: 0 : 20916, 4, 2023/04/28, 11:37:38.844, 6677529229935, testhost.dll, TestPluginCache: TestHosts are ''.
TpTrace Verbose: 0 : 20916, 4, 2023/04/28, 11:37:38.844, 6677529230060, testhost.dll, TestPluginCache: DataCollectors are ''.
TpTrace Verbose: 0 : 20916, 4, 2023/04/28, 11:37:38.845, 6677529235539, testhost.dll, TestExecutorService: Loaded the settings providers
TpTrace Information: 0 : 20916, 4, 2023/04/28, 11:37:38.845, 6677529235853, testhost.dll, TestExecutorService: Loaded the extensions
TpTrace Information: 0 : 20916, 4, 2023/04/28, 11:37:38.845, 6677529238666, testhost.dll, TestRequestHandler.OnMessageReceived: Running job 'TestExecution.StartWithSources'.
TpTrace Information: 0 : 20916, 4, 2023/04/28, 11:37:38.884, 6677529631332, testhost.dll, TestDiscoveryManager: Discovering tests from sources C:\MyDev\Sources\unittest\net6.0\DemoUnitTestProject.dll
TpTrace Verbose: 0 : 20916, 4, 2023/04/28, 11:37:38.887, 6677529655336, testhost.dll, TestPluginCache.DiscoverTestExtensions: finding test extensions in assemblies ends with: TestAdapter.dll TPluginInfo: Microsoft.VisualStudio.TestPlatform.Common.ExtensionFramework.Utilities.TestDiscovererPluginInformation TExtension: Microsoft.VisualStudio.TestPlatform.ObjectModel.Adapter.ITestDiscoverer
TpTrace Verbose: 0 : 20916, 4, 2023/04/28, 11:37:38.887, 6677529656051, testhost.dll, TestPluginCache.GetExtensionPaths: Filtered extension paths: 
TpTrace Verbose: 0 : 20916, 4, 2023/04/28, 11:37:38.887, 6677529656252, testhost.dll, TestPluginCache.GetExtensionPaths: Added default extension paths: C:\MyDev\Sources\unittest\net6.0\Microsoft.VisualStudio.TestPlatform.MSTest.TestAdapter.dll
TpTrace Verbose: 0 : 20916, 4, 2023/04/28, 11:37:38.887, 6677529656386, testhost.dll, TestPluginCache.GetExtensionPaths: Added unfilterableExtensionPaths: 
TpTrace Information: 0 : 20916, 4, 2023/04/28, 11:37:38.887, 6677529657158, testhost.dll, AssemblyResolver.AddSearchDirectories: Adding more searchDirectories C:\MyDev\Sources\unittest\net6.0
TpTrace Verbose: 0 : 20916, 4, 2023/04/28, 11:37:38.887, 6677529657370, testhost.dll, TestPluginCache.DiscoverTestExtensions: Discovering the extensions using extension path.
TpTrace Verbose: 0 : 20916, 4, 2023/04/28, 11:37:38.887, 6677529657519, testhost.dll, TestPluginCache.GetExtensionPaths: Filtered extension paths: 
TpTrace Verbose: 0 : 20916, 4, 2023/04/28, 11:37:38.887, 6677529657646, testhost.dll, TestPluginCache.GetExtensionPaths: Added default extension paths: C:\MyDev\Sources\unittest\net6.0\Microsoft.VisualStudio.TestPlatform.MSTest.TestAdapter.dll
TpTrace Verbose: 0 : 20916, 4, 2023/04/28, 11:37:38.887, 6677529657769, testhost.dll, TestPluginCache.GetExtensionPaths: Added unfilterableExtensionPaths: 
TpTrace Verbose: 0 : 20916, 4, 2023/04/28, 11:37:38.887, 6677529657940, testhost.dll, TestPluginCache.DiscoverTestExtensions: Discovering the extensions using allExtensionPaths: C:\MyDev\Sources\unittest\net6.0\Microsoft.VisualStudio.TestPlatform.MSTest.TestAdapter.dll
TpTrace Information: 0 : 20916, 4, 2023/04/28, 11:37:38.887, 6677529658207, testhost.dll, AssemblyResolver.AddSearchDirectories: Adding more searchDirectories C:\MyDev\Sources\unittest\net6.0
TpTrace Verbose: 0 : 20916, 4, 2023/04/28, 11:37:38.887, 6677529658597, testhost.dll, MetadataReaderExtensionsHelper: Discovering extensions inside assembly 'Microsoft.VisualStudio.TestPlatform.MSTest.TestAdapter, Version=14.0.0.0, Culture=neutral, PublicKeyToken=b03f5f7f11d50a3a' file path 'C:\MyDev\Sources\unittest\net6.0\Microsoft.VisualStudio.TestPlatform.MSTest.TestAdapter.dll'
TpTrace Information: 0 : 20916, 4, 2023/04/28, 11:37:38.888, 6677529670458, testhost.dll, GetTestExtensionFromType: Register extension with identifier data 'Microsoft.VisualStudio.TestPlatform.MSTest.TestAdapter.MSTestDiscoverer, Microsoft.VisualStudio.TestPlatform.MSTest.TestAdapter, Version=14.0.0.0, Culture=neutral, PublicKeyToken=b03f5f7f11d50a3a' and type 'Microsoft.VisualStudio.TestPlatform.MSTest.TestAdapter.MSTestDiscoverer, Microsoft.VisualStudio.TestPlatform.MSTest.TestAdapter, Version=14.0.0.0, Culture=neutral, PublicKeyToken=b03f5f7f11d50a3a' inside file 'C:\MyDev\Sources\unittest\net6.0\Microsoft.VisualStudio.TestPlatform.MSTest.TestAdapter.dll'
TpTrace Verbose: 0 : 20916, 4, 2023/04/28, 11:37:38.888, 6677529671362, testhost.dll, TestPluginCache: Discovered the extensions using extension path ''.
TpTrace Verbose: 0 : 20916, 4, 2023/04/28, 11:37:38.889, 6677529671647, testhost.dll, TestPluginCache: Discoverers are 'Microsoft.VisualStudio.TestPlatform.MSTest.TestAdapter.MSTestDiscoverer, Microsoft.VisualStudio.TestPlatform.MSTest.TestAdapter, Version=14.0.0.0, Culture=neutral, PublicKeyToken=b03f5f7f11d50a3a'.
TpTrace Verbose: 0 : 20916, 4, 2023/04/28, 11:37:38.889, 6677529671905, testhost.dll, TestPluginCache: Executors are 'executor://MSTestAdapter/v2'.
TpTrace Verbose: 0 : 20916, 4, 2023/04/28, 11:37:38.889, 6677529672099, testhost.dll, TestPluginCache: Executors2 are ''.
TpTrace Verbose: 0 : 20916, 4, 2023/04/28, 11:37:38.889, 6677529672231, testhost.dll, TestPluginCache: Setting providers are ''.
TpTrace Verbose: 0 : 20916, 4, 2023/04/28, 11:37:38.889, 6677529672354, testhost.dll, TestPluginCache: Loggers are ''.
TpTrace Verbose: 0 : 20916, 4, 2023/04/28, 11:37:38.889, 6677529672541, testhost.dll, TestPluginCache: TestHosts are ''.
TpTrace Verbose: 0 : 20916, 4, 2023/04/28, 11:37:38.889, 6677529672663, testhost.dll, TestPluginCache: DataCollectors are ''.
TpTrace Verbose: 0 : 20916, 4, 2023/04/28, 11:37:38.892, 6677529706088, testhost.dll, BaseRunTests.RunTestInternalWithExecutors: Running tests for executor://MSTestAdapter/v2
TpTrace Information: 0 : 20916, 4, 2023/04/28, 11:37:38.894, 6677529726596, testhost.dll, AssemblyResolver.OnResolve: Microsoft.VisualStudio.TestPlatform.MSTestAdapter.PlatformServices: Resolving assembly.
TpTrace Information: 0 : 20916, 4, 2023/04/28, 11:37:38.894, 6677529727018, testhost.dll, AssemblyResolver.OnResolve: Microsoft.VisualStudio.TestPlatform.MSTestAdapter.PlatformServices: Searching in: 'C:\MyDev\Sources\unittest\net6.0'.
TpTrace Information: 0 : 20916, 4, 2023/04/28, 11:37:38.894, 6677529728603, testhost.dll, AssemblyResolver.OnResolve: Microsoft.VisualStudio.TestPlatform.MSTestAdapter.PlatformServices: Loading assembly 'C:\MyDev\Sources\unittest\net6.0\Microsoft.VisualStudio.TestPlatform.MSTestAdapter.PlatformServices.dll'.
TpTrace Information: 0 : 20916, 4, 2023/04/28, 11:37:38.894, 6677529731076, testhost.dll, AssemblyResolver.OnResolve: Resolved assembly: Microsoft.VisualStudio.TestPlatform.MSTestAdapter.PlatformServices, from path: C:\MyDev\Sources\unittest\net6.0\Microsoft.VisualStudio.TestPlatform.MSTestAdapter.PlatformServices.dll
TpTrace Information: 0 : 20916, 4, 2023/04/28, 11:37:38.895, 6677529738368, testhost.dll, MSTest - MSTestExecutor.RunTests: Running tests from sources.
TpTrace Information: 0 : 20916, 4, 2023/04/28, 11:37:38.897, 6677529756690, testhost.dll, MSTest - CollectSourceInformation value Found : False 
TpTrace Information: 0 : 20916, 4, 2023/04/28, 11:37:38.906, 6677529849663, testhost.dll, AssemblyResolver.OnResolve: DemoTestBase: Resolving assembly.
TpTrace Information: 0 : 20916, 4, 2023/04/28, 11:37:38.906, 6677529850108, testhost.dll, AssemblyResolver.OnResolve: DemoTestBase: Searching in: 'C:\MyDev\Sources\unittest\net6.0'.
TpTrace Information: 0 : 20916, 4, 2023/04/28, 11:37:38.906, 6677529850683, testhost.dll, AssemblyResolver.OnResolve: DemoTestBase: Assembly path does not exist: 'C:\MyDev\Sources\unittest\net6.0\DemoTestBase.dll', returning.
TpTrace Information: 0 : 20916, 4, 2023/04/28, 11:37:38.906, 6677529851064, testhost.dll, AssemblyResolver.OnResolve: DemoTestBase: Assembly path does not exist: 'C:\MyDev\Sources\unittest\net6.0\DemoTestBase.exe', returning.
TpTrace Information: 0 : 20916, 4, 2023/04/28, 11:37:38.906, 6677529851211, testhost.dll, AssemblyResolver.OnResolve: DemoTestBase: Failed to load assembly.
TpTrace Information: 0 : 20916, 4, 2023/04/28, 11:37:38.907, 6677529859923, testhost.dll, AssemblyResolver.OnResolve: Microsoft.VisualStudio.TestPlatform.MSTest.TestAdapter.resources: Resolving assembly.
TpTrace Information: 0 : 20916, 4, 2023/04/28, 11:37:38.907, 6677529860311, testhost.dll, AssemblyResolver.OnResolve: Microsoft.VisualStudio.TestPlatform.MSTest.TestAdapter.resources: Searching in: 'C:\MyDev\Sources\unittest\net6.0'.
TpTrace Information: 0 : 20916, 4, 2023/04/28, 11:37:38.907, 6677529860851, testhost.dll, AssemblyResolver.OnResolve: Microsoft.VisualStudio.TestPlatform.MSTest.TestAdapter.resources: Assembly path does not exist: 'C:\MyDev\Sources\unittest\net6.0\Microsoft.VisualStudio.TestPlatform.MSTest.TestAdapter.resources.dll', returning.
TpTrace Information: 0 : 20916, 4, 2023/04/28, 11:37:38.907, 6677529861269, testhost.dll, AssemblyResolver.OnResolve: Microsoft.VisualStudio.TestPlatform.MSTest.TestAdapter.resources: Assembly path does not exist: 'C:\MyDev\Sources\unittest\net6.0\Microsoft.VisualStudio.TestPlatform.MSTest.TestAdapter.resources.exe', returning.
TpTrace Information: 0 : 20916, 4, 2023/04/28, 11:37:38.907, 6677529861424, testhost.dll, AssemblyResolver.OnResolve: Microsoft.VisualStudio.TestPlatform.MSTest.TestAdapter.resources: Failed to load assembly.
TpTrace Warning: 0 : 20916, 4, 2023/04/28, 11:37:38.911, 6677529895118, testhost.dll, MSTest - MSTestExecutor.TryGetTests: Failed to discover tests from assembly C:\MyDev\Sources\unittest\net6.0\DemoUnitTestProject.dll. Reason:System.Reflection.ReflectionTypeLoadException: Unable to load one or more of the requested types.
Could not load file or assembly 'DemoTestBase, Version=1.0.0.0, Culture=neutral, PublicKeyToken=null'. The system cannot find the file specified.
   at System.Reflection.RuntimeModule.GetTypes(RuntimeModule module)
   at System.Reflection.RuntimeAssembly.get_DefinedTypes()
   at Microsoft.VisualStudio.TestPlatform.MSTest.TestAdapter.Discovery.AssemblyEnumerator.GetTypes(Assembly assembly, String assemblyFileName, ICollection`1 warningMessages)
System.IO.FileNotFoundException: Could not load file or assembly 'DemoTestBase, Version=1.0.0.0, Culture=neutral, PublicKeyToken=null'. The system cannot find the file specified.
File name: 'DemoTestBase, Version=1.0.0.0, Culture=neutral, PublicKeyToken=null'
TpTrace Warning: 0 : 20916, 4, 2023/04/28, 11:37:38.911, 6677529895946, testhost.dll, MSTest - Exceptions thrown:
TpTrace Warning: 0 : 20916, 4, 2023/04/28, 11:37:38.911, 6677529901437, testhost.dll, MSTest - System.IO.FileNotFoundException: Could not load file or assembly 'DemoTestBase, Version=1.0.0.0, Culture=neutral, PublicKeyToken=null'. The system cannot find the file specified.
File name: 'DemoTestBase, Version=1.0.0.0, Culture=neutral, PublicKeyToken=null'
TpTrace Information: 0 : 20916, 4, 2023/04/28, 11:37:38.916, 6677529946458, testhost.dll, MSTest - DictionaryHelper.ConcatWithOverwrites: The source is null or empty, returning the overwrite dictionary.
TpTrace Information: 0 : 20916, 4, 2023/04/28, 11:37:38.920, 6677529986785, testhost.dll, MSTest - DictionaryHelper.ConcatWithOverwrites: The source is null or empty, returning the overwrite dictionary.
TpTrace Information: 0 : 20916, 4, 2023/04/28, 11:37:38.923, 6677530018653, testhost.dll, AssemblyResolver.OnResolve: Microsoft.TestPlatform.AdapterUtilities: Resolving assembly.
TpTrace Information: 0 : 20916, 4, 2023/04/28, 11:37:38.923, 6677530019091, testhost.dll, AssemblyResolver.OnResolve: Microsoft.TestPlatform.AdapterUtilities: Searching in: 'C:\MyDev\Sources\unittest\net6.0'.
TpTrace Information: 0 : 20916, 4, 2023/04/28, 11:37:38.923, 6677530020545, testhost.dll, AssemblyResolver.OnResolve: Microsoft.TestPlatform.AdapterUtilities: Loading assembly 'C:\MyDev\Sources\unittest\net6.0\Microsoft.TestPlatform.AdapterUtilities.dll'.
TpTrace Information: 0 : 20916, 4, 2023/04/28, 11:37:38.924, 6677530022881, testhost.dll, AssemblyResolver.OnResolve: Resolved assembly: Microsoft.TestPlatform.AdapterUtilities, from path: C:\MyDev\Sources\unittest\net6.0\Microsoft.TestPlatform.AdapterUtilities.dll
TpTrace Information: 0 : 20916, 4, 2023/04/28, 11:37:38.933, 6677530120124, testhost.dll, AssemblyResolver.OnResolve: DemoTestBase: Resolving assembly.
TpTrace Information: 0 : 20916, 4, 2023/04/28, 11:37:38.933, 6677530120538, testhost.dll, AssemblyResolver.OnResolve: DemoTestBase: Resolved from cache.
TpTrace Warning: 0 : 20916, 4, 2023/04/28, 11:37:38.934, 6677530122225, testhost.dll, MSTest - MSTestExecutor.TryGetTests: Failed to discover tests from assembly DemoUnitTestProject, Version=1.0.0.0, Culture=neutral, PublicKeyToken=null. Reason:System.Reflection.ReflectionTypeLoadException: Unable to load one or more of the requested types.
Could not load file or assembly 'DemoTestBase, Version=1.0.0.0, Culture=neutral, PublicKeyToken=null'. The system cannot find the file specified.
   at System.Reflection.RuntimeModule.GetTypes(RuntimeModule module)
   at System.Reflection.RuntimeAssembly.get_DefinedTypes()
   at Microsoft.VisualStudio.TestPlatform.MSTest.TestAdapter.Discovery.AssemblyEnumerator.GetTypes(Assembly assembly, String assemblyFileName, ICollection`1 warningMessages)
System.IO.FileNotFoundException: Could not load file or assembly 'DemoTestBase, Version=1.0.0.0, Culture=neutral, PublicKeyToken=null'. The system cannot find the file specified.
File name: 'DemoTestBase, Version=1.0.0.0, Culture=neutral, PublicKeyToken=null'
TpTrace Warning: 0 : 20916, 4, 2023/04/28, 11:37:38.934, 6677530122547, testhost.dll, MSTest - Exceptions thrown:
TpTrace Warning: 0 : 20916, 4, 2023/04/28, 11:37:38.934, 6677530122720, testhost.dll, MSTest - System.IO.FileNotFoundException: Could not load file or assembly 'DemoTestBase, Version=1.0.0.0, Culture=neutral, PublicKeyToken=null'. The system cannot find the file specified.
File name: 'DemoTestBase, Version=1.0.0.0, Culture=neutral, PublicKeyToken=null'
TpTrace Information: 0 : 20916, 4, 2023/04/28, 11:37:38.938, 6677530168968, testhost.dll, MSTest - MSTestDiscoverer: Warning during discovery from C:\MyDev\Sources\unittest\net6.0\DemoUnitTestProject.dll. Unable to load types from the test source 'C:\MyDev\Sources\unittest\net6.0\DemoUnitTestProject.dll'. Some or all of the tests in this source may not be discovered.
Error: System.IO.FileNotFoundException: Could not load file or assembly 'DemoTestBase, Version=1.0.0.0, Culture=neutral, PublicKeyToken=null'. The system cannot find the file specified.
 
TpTrace Warning: 0 : 20916, 4, 2023/04/28, 11:37:38.939, 6677530172222, testhost.dll, [MSTest][Discovery][C:\MyDev\Sources\unittest\net6.0\DemoUnitTestProject.dll] Unable to load types from the test source 'C:\MyDev\Sources\unittest\net6.0\DemoUnitTestProject.dll'. Some or all of the tests in this source may not be discovered.
Error: System.IO.FileNotFoundException: Could not load file or assembly 'DemoTestBase, Version=1.0.0.0, Culture=neutral, PublicKeyToken=null'. The system cannot find the file specified.

TpTrace Verbose: 0 : 20916, 4, 2023/04/28, 11:37:38.939, 6677530172907, testhost.dll, TestRequestHandler.SendData: sending data from testhost: {"Version":7,"MessageType":"TestSession.Message","Payload":{"MessageLevel":1,"Message":"[MSTest][Discovery][C:\\MyDev\\Sources\\unittest\\net6.0\\DemoUnitTestProject.dll] Unable to load types from the test source 'C:\\MyDev\\Sources\\unittest\\net6.0\\DemoUnitTestProject.dll'. Some or all of the tests in this source may not be discovered.\r\nError: System.IO.FileNotFoundException: Could not load file or assembly 'DemoTestBase, Version=1.0.0.0, Culture=neutral, PublicKeyToken=null'. The system cannot find the file specified.\r\n"}}
TpTrace Verbose: 0 : 20916, 4, 2023/04/28, 11:37:38.939, 6677530175611, testhost.dll, MulticastDelegateUtilities.SafeInvoke: TestRunMessageLoggerProxy.SendMessage: Invoking callback 1/1 for Microsoft.VisualStudio.TestPlatform.CrossPlatEngine.Execution.RunTestsWithSources., took 0 ms.
TpTrace Information: 0 : 20916, 4, 2023/04/28, 11:37:38.939, 6677530175893, testhost.dll, MSTest - MSTestDiscoverer: Found 1 tests from source C:\MyDev\Sources\unittest\net6.0\DemoUnitTestProject.dll
TpTrace Information: 0 : 20916, 4, 2023/04/28, 11:37:38.949, 6677530271666, testhost.dll, AssemblyResolver.OnResolve: Microsoft.VisualStudio.TestPlatform.MSTestAdapter.PlatformServices.resources: Resolving assembly.
TpTrace Information: 0 : 20916, 4, 2023/04/28, 11:37:38.949, 6677530272289, testhost.dll, AssemblyResolver.OnResolve: Microsoft.VisualStudio.TestPlatform.MSTestAdapter.PlatformServices.resources: Searching in: 'C:\MyDev\Sources\unittest\net6.0'.
TpTrace Information: 0 : 20916, 4, 2023/04/28, 11:37:38.949, 6677530272836, testhost.dll, AssemblyResolver.OnResolve: Microsoft.VisualStudio.TestPlatform.MSTestAdapter.PlatformServices.resources: Assembly path does not exist: 'C:\MyDev\Sources\unittest\net6.0\Microsoft.VisualStudio.TestPlatform.MSTestAdapter.PlatformServices.resources.dll', returning.
TpTrace Information: 0 : 20916, 4, 2023/04/28, 11:37:38.949, 6677530273265, testhost.dll, AssemblyResolver.OnResolve: Microsoft.VisualStudio.TestPlatform.MSTestAdapter.PlatformServices.resources: Assembly path does not exist: 'C:\MyDev\Sources\unittest\net6.0\Microsoft.VisualStudio.TestPlatform.MSTestAdapter.PlatformServices.resources.exe', returning.
TpTrace Information: 0 : 20916, 4, 2023/04/28, 11:37:38.949, 6677530273416, testhost.dll, AssemblyResolver.OnResolve: Microsoft.VisualStudio.TestPlatform.MSTestAdapter.PlatformServices.resources: Failed to load assembly.
TpTrace Information: 0 : 20916, 4, 2023/04/28, 11:37:38.954, 6677530330621, testhost.dll, MSTest - Created unit-test runner C:\MyDev\Sources\unittest\net6.0\DemoUnitTestProject.dll
TpTrace Verbose: 0 : 20916, 4, 2023/04/28, 11:37:38.958, 6677530367037, testhost.dll, TestExecutionRecorder.RecordStart: Starting test: DemoUnitTestProject.UnitTest2.TestMethod1.
TpTrace Information: 0 : 20916, 4, 2023/04/28, 11:37:38.959, 6677530377328, testhost.dll, MSTest - Executing test TestMethod1
TpTrace Information: 0 : 20916, 4, 2023/04/28, 11:37:38.960, 6677530386418, testhost.dll, AssemblyResolver.OnResolve: DemoTestBase: Resolving assembly.
TpTrace Information: 0 : 20916, 4, 2023/04/28, 11:37:38.960, 6677530386788, testhost.dll, AssemblyResolver.OnResolve: DemoTestBase: Resolved from cache.
TpTrace Warning: 0 : 20916, 4, 2023/04/28, 11:37:38.960, 6677530388741, testhost.dll, MSTest - MSTestExecutor.TryGetTests: Failed to discover tests from assembly DemoUnitTestProject, Version=1.0.0.0, Culture=neutral, PublicKeyToken=null. Reason:System.Reflection.ReflectionTypeLoadException: Unable to load one or more of the requested types.
Could not load file or assembly 'DemoTestBase, Version=1.0.0.0, Culture=neutral, PublicKeyToken=null'. The system cannot find the file specified.
   at System.Reflection.RuntimeModule.GetTypes(RuntimeModule module)
   at System.Reflection.RuntimeAssembly.get_DefinedTypes()
   at Microsoft.VisualStudio.TestPlatform.MSTest.TestAdapter.Discovery.AssemblyEnumerator.GetTypes(Assembly assembly, String assemblyFileName, ICollection`1 warningMessages)
System.IO.FileNotFoundException: Could not load file or assembly 'DemoTestBase, Version=1.0.0.0, Culture=neutral, PublicKeyToken=null'. The system cannot find the file specified.
File name: 'DemoTestBase, Version=1.0.0.0, Culture=neutral, PublicKeyToken=null'
TpTrace Warning: 0 : 20916, 4, 2023/04/28, 11:37:38.960, 6677530389510, testhost.dll, MSTest - Exceptions thrown:
TpTrace Warning: 0 : 20916, 4, 2023/04/28, 11:37:38.960, 6677530389809, testhost.dll, MSTest - System.IO.FileNotFoundException: Could not load file or assembly 'DemoTestBase, Version=1.0.0.0, Culture=neutral, PublicKeyToken=null'. The system cannot find the file specified.
File name: 'DemoTestBase, Version=1.0.0.0, Culture=neutral, PublicKeyToken=null'
TpTrace Information: 0 : 20916, 4, 2023/04/28, 11:37:38.968, 6677530464906, testhost.dll, AssemblyResolver.OnResolve: DemoProject: Resolving assembly.
TpTrace Information: 0 : 20916, 4, 2023/04/28, 11:37:38.968, 6677530465383, testhost.dll, AssemblyResolver.OnResolve: DemoProject: Searching in: 'C:\MyDev\Sources\unittest\net6.0'.
TpTrace Information: 0 : 20916, 4, 2023/04/28, 11:37:38.968, 6677530466100, testhost.dll, AssemblyResolver.OnResolve: DemoProject: Assembly path does not exist: 'C:\MyDev\Sources\unittest\net6.0\DemoProject.dll', returning.
TpTrace Information: 0 : 20916, 4, 2023/04/28, 11:37:38.968, 6677530466466, testhost.dll, AssemblyResolver.OnResolve: DemoProject: Assembly path does not exist: 'C:\MyDev\Sources\unittest\net6.0\DemoProject.exe', returning.
TpTrace Information: 0 : 20916, 4, 2023/04/28, 11:37:38.968, 6677530466647, testhost.dll, AssemblyResolver.OnResolve: DemoProject: Failed to load assembly.
TpTrace Information: 0 : 20916, 4, 2023/04/28, 11:37:38.982, 6677530604841, testhost.dll, MSTest - Executed test TestMethod1
TpTrace Verbose: 0 : 20916, 4, 2023/04/28, 11:37:38.984, 6677530629932, testhost.dll, TestExecutionRecorder.RecordEnd: test: DemoUnitTestProject.UnitTest2.TestMethod1 execution completed.
TpTrace Information: 0 : 20916, 4, 2023/04/28, 11:37:38.985, 6677530633643, testhost.dll, MSTest - MSTestExecutor:Test DemoUnitTestProject.UnitTest2.TestMethod1 failed. ErrorMessage:Test method DemoUnitTestProject.UnitTest2.TestMethod1 threw exception: 
System.IO.FileNotFoundException: Could not load file or assembly 'DemoProject, Version=1.0.0.0, Culture=neutral, PublicKeyToken=null'. The system cannot find the file specified., ErrorStackTrace:    at DemoUnitTestProject.UnitTest2.TestMethod1()
.
TpTrace Verbose: 0 : 20916, 4, 2023/04/28, 11:37:38.985, 6677530634790, testhost.dll, TestExecutionRecorder.RecordResult: Received result for test: DemoUnitTestProject.UnitTest2.TestMethod1.
TpTrace Warning: 0 : 20916, 4, 2023/04/28, 11:37:38.987, 6677530652559, testhost.dll, TestRunCache: InProgressTests is null
TpTrace Warning: 0 : 20916, 4, 2023/04/28, 11:37:38.987, 6677530653094, testhost.dll, TestRunCache: No test found corresponding to testResult 'TestMethod1' in inProgress list.
TpTrace Information: 0 : 20916, 4, 2023/04/28, 11:37:38.987, 6677530653367, testhost.dll, MSTest - Executed tests belonging to source C:\MyDev\Sources\unittest\net6.0\DemoUnitTestProject.dll
TpTrace Verbose: 0 : 20916, 4, 2023/04/28, 11:37:38.987, 6677530655559, testhost.dll, BaseRunTests.RunTestInternalWithExecutors: Completed running tests for executor://MSTestAdapter/v2
TpTrace Information: 0 : 20916, 4, 2023/04/28, 11:37:38.990, 6677530682628, testhost.dll, Sending test run complete
TpTrace Verbose: 0 : 20916, 4, 2023/04/28, 11:37:39.018, 6677530962440, testhost.dll, TestRequestHandler.SendData: sending data from testhost: {"Version":7,"MessageType":"TestExecution.Completed","Payload":{"TestRunCompleteArgs":{"TestRunStatistics":{"ExecutedTests":1,"Stats":{"Failed":1}},"IsCanceled":false,"IsAborted":false,"Error":null,"AttachmentSets":[],"InvokedDataCollectors":[],"ElapsedTimeInRunningTests":"00:00:00.0976219","Metrics":{},"DiscoveredExtensions":{"TestDiscoverers":["Microsoft.VisualStudio.TestPlatform.MSTest.TestAdapter.MSTestDiscoverer, Microsoft.VisualStudio.TestPlatform.MSTest.TestAdapter, Version=14.0.0.0, Culture=neutral, PublicKeyToken=b03f5f7f11d50a3a"],"TestExecutors":["executor://MSTestAdapter/v2"],"TestExecutors2":[],"TestSettingsProviders":[]}},"LastRunTests":{"NewTestResults":[{"TestCase":{"Id":"f8978072-a49d-6504-db04-a3e14d0cf097","FullyQualifiedName":"DemoUnitTestProject.UnitTest2.TestMethod1","DisplayName":"TestMethod1","ExecutorUri":"executor://MSTestAdapter/v2","Source":"C:\\MyDev\\Sources\\unittest\\net6.0\\DemoUnitTestProject.dll","CodeFilePath":null,"LineNumber":-1,"Properties":[{"Key":{"Id":"TestCase.ManagedType","Label":"ManagedType","Category":"","Description":"","Attributes":1,"ValueType":"System.String"},"Value":"DemoUnitTestProject.UnitTest2"},{"Key":{"Id":"TestCase.ManagedMethod","Label":"ManagedMethod","Category":"","Description":"","Attributes":1,"ValueType":"System.String"},"Value":"TestMethod1"},{"Key":{"Id":"MSTestDiscoverer.TestClassName","Label":"ClassName","Category":"","Description":"","Attributes":1,"ValueType":"System.String"},"Value":"DemoUnitTestProject.UnitTest2"},{"Key":{"Id":"TestCase.Hierarchy","Label":"Hierarchy","Category":"","Description":"","Attributes":2,"ValueType":"System.String[]"},"Value":[null,"DemoUnitTestProject","UnitTest2","TestMethod1"]},{"Key":{"Id":"TestObject.Traits","Label":"Traits","Category":"","Description":"","Attributes":5,"ValueType":"System.Collections.Generic.KeyValuePair`2[[System.String],[System.String]][]"},"Value":[]},{"Key":{"Id":"MSTest.TestIdGenerationStrategy","Label":"TestIdGenerationStrategy","Category":"","Description":"","Attributes":1,"ValueType":"System.Int32"},"Value":2}]},"Attachments":[],"Outcome":2,"ErrorMessage":"Test method DemoUnitTestProject.UnitTest2.TestMethod1 threw exception: \r\nSystem.IO.FileNotFoundException: Could not load file or assembly 'DemoProject, Version=1.0.0.0, Culture=neutral, PublicKeyToken=null'. The system cannot find the file specified.","ErrorStackTrace":"    at DemoUnitTestProject.UnitTest2.TestMethod1()\r\n","DisplayName":"TestMethod1","Messages":[],"ComputerName":"LT-22-592","Duration":"00:00:00.0116659","StartTime":"2023-04-28T11:37:38.9587419+08:00","EndTime":"2023-04-28T11:37:38.9823881+08:00","Properties":[{"Key":{"Id":"ExecutionId","Label":"ExecutionId","Category":"","Description":"","Attributes":1,"ValueType":"System.Guid"},"Value":"00000000-0000-0000-0000-000000000000"},{"Key":{"Id":"ParentExecId","Label":"ParentExecId","Category":"","Description":"","Attributes":1,"ValueType":"System.Guid"},"Value":"00000000-0000-0000-0000-000000000000"},{"Key":{"Id":"InnerResultsCount","Label":"InnerResultsCount","Category":"","Description":"","Attributes":1,"ValueType":"System.Int32"},"Value":0}]}],"TestRunStatistics":{"ExecutedTests":1,"Stats":{"Failed":1}},"ActiveTests":[]},"RunAttachments":[],"ExecutorUris":["executor://mstestadapter/v2"]}}
TpTrace Verbose: 0 : 20916, 4, 2023/04/28, 11:37:39.018, 6677530966003, testhost.dll, BaseRunTests.RunTests: Run is complete.
TpTrace Verbose: 0 : 20916, 9, 2023/04/28, 11:37:39.019, 6677530979562, testhost.dll, TcpClientExtensions.MessageLoopAsync: NotifyDataAvailable remoteEndPoint: [::ffff:127.0.0.1]:52813 localEndPoint: [::ffff:127.0.0.1]:52814
TpTrace Information: 0 : 20916, 9, 2023/04/28, 11:37:39.019, 6677530980398, testhost.dll, TestRequestHandler.OnMessageReceived: received message: (TestSession.Terminate) -> {"MessageType":"TestSession.Terminate","Payload":null}
TpTrace Information: 0 : 20916, 9, 2023/04/28, 11:37:39.019, 6677530980629, testhost.dll, Session End message received from server. Closing the connection.
TpTrace Information: 0 : 20916, 1, 2023/04/28, 11:37:39.020, 6677530983095, testhost.dll, SocketClient.Stop: Stop communication from server endpoint: 127.0.0.1:052813
TpTrace Information: 0 : 20916, 9, 2023/04/28, 11:37:39.020, 6677530983133, testhost.dll, SocketClient.Stop: Stop communication from server endpoint: 127.0.0.1:052813
TpTrace Information: 0 : 20916, 1, 2023/04/28, 11:37:39.020, 6677530983498, testhost.dll, SocketClient: Stop: Cancellation requested. Stopping message loop.
TpTrace Information: 0 : 20916, 9, 2023/04/28, 11:37:39.020, 6677530983811, testhost.dll, SocketClient: Stop: Cancellation requested. Stopping message loop.
TpTrace Verbose: 0 : 20916, 1, 2023/04/28, 11:37:39.020, 6677530985166, testhost.dll, LengthPrefixCommunicationChannel.Dispose: Dispose reader and writer.
TpTrace Verbose: 0 : 20916, 9, 2023/04/28, 11:37:39.020, 6677530985153, testhost.dll, LengthPrefixCommunicationChannel.Dispose: Dispose reader and writer.
TpTrace Information: 0 : 20916, 1, 2023/04/28, 11:37:39.020, 6677530986244, testhost.dll, Testhost process exiting.
TpTrace Information: 0 : 20916, 9, 2023/04/28, 11:37:39.020, 6677530986284, testhost.dll, Closing the connection !
TpTrace Verbose: 0 : 20916, 9, 2023/04/28, 11:37:39.020, 6677530986802, testhost.dll, MulticastDelegateUtilities.SafeInvoke: LengthPrefixCommunicationChannel: MessageReceived: Invoking callback 1/1 for Microsoft.VisualStudio.TestPlatform.CommunicationUtilities.TestRequestHandler., took 0 ms.
TpTrace Information: 0 : 20916, 9, 2023/04/28, 11:37:39.020, 6677530988249, testhost.dll, SocketClient.PrivateStop: Stop communication from server endpoint: 127.0.0.1:052813, error:
