TpTrace Verbose: 0 : 21236, 1, 2023/04/28, 11:37:38.162, 6677522420223, vstest.console.exe, Version: 17.5.0-release-20221220-01 Current process architecture: X64
TpTrace Verbose: 0 : 21236, 1, 2023/04/28, 11:37:38.164, 6677522435280, vstest.console.exe, Runtime location: C:\Windows\Microsoft.NET\Framework64\v4.0.30319
TpTrace Verbose: 0 : 21236, 1, 2023/04/28, 11:37:38.169, 6677522486615, vstest.console.exe, Using effective platform:X64 effective framework:.NETFramework,Version=v4.0
TpTrace Information: 0 : 21236, 1, 2023/04/28, 11:37:38.175, 6677522547105, vstest.console.exe, FilePatternParser: The given file C:\MyDev\Sources\unittest\net6.0\DemoUnitTestProject.dll is a full path.
TpTrace Verbose: 0 : 21236, 1, 2023/04/28, 11:37:38.189, 6677522683843, vstest.console.exe, TestPluginCache.DiscoverTestExtensions: finding test extensions in assemblies ends with: RuntimeProvider.dll TPluginInfo: Microsoft.VisualStudio.TestPlatform.Common.ExtensionFramework.Utilities.TestRuntimePluginInformation TExtension: Microsoft.VisualStudio.TestPlatform.ObjectModel.Host.ITestRuntimeProvider
TpTrace Verbose: 0 : 21236, 1, 2023/04/28, 11:37:38.190, 6677522699877, vstest.console.exe, TestPluginCache.GetExtensionPaths: Filtered extension paths: 
TpTrace Verbose: 0 : 21236, 1, 2023/04/28, 11:37:38.190, 6677522700497, vstest.console.exe, TestPluginCache.GetExtensionPaths: Added default extension paths: C:\Program Files\Microsoft Visual Studio\2022\Enterprise\Common7\IDE\Extensions\TestPlatform\Extensions\Microsoft.Cci.dll
C:\Program Files\Microsoft Visual Studio\2022\Enterprise\Common7\IDE\Extensions\TestPlatform\Extensions\Microsoft.CodeCoverage.Core.dll
C:\Program Files\Microsoft Visual Studio\2022\Enterprise\Common7\IDE\Extensions\TestPlatform\Extensions\Microsoft.CodeCoverage.Instrumentation.dll
C:\Program Files\Microsoft Visual Studio\2022\Enterprise\Common7\IDE\Extensions\TestPlatform\Extensions\Microsoft.CodeCoverage.Interprocess.dll
C:\Program Files\Microsoft Visual Studio\2022\Enterprise\Common7\IDE\Extensions\TestPlatform\Extensions\Microsoft.CodeCoverage.Telemetry.dll
C:\Program Files\Microsoft Visual Studio\2022\Enterprise\Common7\IDE\Extensions\TestPlatform\Extensions\Microsoft.TestPlatform.Extensions.BlameDataCollector.dll
C:\Program Files\Microsoft Visual Studio\2022\Enterprise\Common7\IDE\Extensions\TestPlatform\Extensions\Microsoft.TestPlatform.Extensions.EventLogCollector.dll
C:\Program Files\Microsoft Visual Studio\2022\Enterprise\Common7\IDE\Extensions\TestPlatform\Extensions\Microsoft.TestPlatform.TestHostRuntimeProvider.dll
C:\Program Files\Microsoft Visual Studio\2022\Enterprise\Common7\IDE\Extensions\TestPlatform\Extensions\Microsoft.VisualStudio.ArchitectureTools.PEReader.dll
C:\Program Files\Microsoft Visual Studio\2022\Enterprise\Common7\IDE\Extensions\TestPlatform\Extensions\Microsoft.VisualStudio.Fakes.DataCollector.dll
C:\Program Files\Microsoft Visual Studio\2022\Enterprise\Common7\IDE\Extensions\TestPlatform\Extensions\Microsoft.VisualStudio.TestPlatform.Extensions.CodedWebTestAdapter.dll
C:\Program Files\Microsoft Visual Studio\2022\Enterprise\Common7\IDE\Extensions\TestPlatform\Extensions\Microsoft.VisualStudio.TestPlatform.Extensions.Html.TestLogger.dll
C:\Program Files\Microsoft Visual Studio\2022\Enterprise\Common7\IDE\Extensions\TestPlatform\Extensions\Microsoft.VisualStudio.TestPlatform.Extensions.TmiAdapter.dll
C:\Program Files\Microsoft Visual Studio\2022\Enterprise\Common7\IDE\Extensions\TestPlatform\Extensions\Microsoft.VisualStudio.TestPlatform.Extensions.Trx.TestLogger.dll
C:\Program Files\Microsoft Visual Studio\2022\Enterprise\Common7\IDE\Extensions\TestPlatform\Extensions\Microsoft.VisualStudio.TestPlatform.Extensions.VSTestIntegration.dll
C:\Program Files\Microsoft Visual Studio\2022\Enterprise\Common7\IDE\Extensions\TestPlatform\Extensions\Microsoft.VisualStudio.TestPlatform.Extensions.WebTestAdapter.dll
C:\Program Files\Microsoft Visual Studio\2022\Enterprise\Common7\IDE\Extensions\TestPlatform\Extensions\Microsoft.VisualStudio.TestTools.CppUnitTestFramework.ComInterfaces.dll
C:\Program Files\Microsoft Visual Studio\2022\Enterprise\Common7\IDE\Extensions\TestPlatform\Extensions\Microsoft.VisualStudio.TestTools.CppUnitTestFramework.CppUnitTestExtension.dll
C:\Program Files\Microsoft Visual Studio\2022\Enterprise\Common7\IDE\Extensions\TestPlatform\Extensions\Microsoft.VisualStudio.TestTools.DataCollection.MediaRecorder.Model.dll
C:\Program Files\Microsoft Visual Studio\2022\Enterprise\Common7\IDE\Extensions\TestPlatform\Extensions\Microsoft.VisualStudio.TestTools.DataCollection.VideoRecorderCollector.dll
C:\Program Files\Microsoft Visual Studio\2022\Enterprise\Common7\IDE\Extensions\TestPlatform\Extensions\Microsoft.VisualStudio.TraceDataCollector.dll
C:\Program Files\Microsoft Visual Studio\2022\Enterprise\Common7\IDE\Extensions\TestPlatform\Extensions\Mono.Cecil.dll
C:\Program Files\Microsoft Visual Studio\2022\Enterprise\Common7\IDE\Extensions\TestPlatform\Extensions\Mono.Cecil.Pdb.dll
C:\Program Files\Microsoft Visual Studio\2022\Enterprise\Common7\IDE\Extensions\TestPlatform\Extensions\Mono.Cecil.Rocks.dll
C:\Program Files\Microsoft Visual Studio\2022\Enterprise\Common7\IDE\Extensions\TestPlatform\Extensions\System.Runtime.CompilerServices.Unsafe.dll
TpTrace Verbose: 0 : 21236, 1, 2023/04/28, 11:37:38.191, 6677522701317, vstest.console.exe, TestPluginCache.GetExtensionPaths: Added unfilterableExtensionPaths: 
TpTrace Information: 0 : 21236, 1, 2023/04/28, 11:37:38.192, 6677522712707, vstest.console.exe, AssemblyResolver.ctor: Creating AssemblyResolver with searchDirectories C:\Program Files\Microsoft Visual Studio\2022\Enterprise\Common7\IDE\Extensions\TestPlatform\Extensions,C:\Program Files\Microsoft Visual Studio\2022\Enterprise\Common7\IDE\Extensions\TestPlatform,C:\Program Files\Microsoft Visual Studio\2022\Enterprise\Common7\IDE\PrivateAssemblies,C:\Program Files\Microsoft Visual Studio\2022\Enterprise\Common7\IDE\PublicAssemblies,C:\Program Files\Microsoft Visual Studio\2022\Enterprise\Common7\IDE\CommonExtensions\Microsoft\TestWindow,C:\Program Files\Microsoft Visual Studio\2022\Enterprise\Common7\IDE\CommonExtensions\Microsoft\TeamFoundation\Team Explorer,C:\Program Files\Microsoft Visual Studio\2022\Enterprise\Common7\IDE
TpTrace Verbose: 0 : 21236, 1, 2023/04/28, 11:37:38.192, 6677522716430, vstest.console.exe, TestPluginCache.DiscoverTestExtensions: Discovering the extensions using extension path.
TpTrace Verbose: 0 : 21236, 1, 2023/04/28, 11:37:38.192, 6677522717146, vstest.console.exe, TestPluginCache.GetExtensionPaths: Filtered extension paths: 
TpTrace Verbose: 0 : 21236, 1, 2023/04/28, 11:37:38.192, 6677522717513, vstest.console.exe, TestPluginCache.GetExtensionPaths: Added default extension paths: C:\Program Files\Microsoft Visual Studio\2022\Enterprise\Common7\IDE\Extensions\TestPlatform\Extensions\Microsoft.Cci.dll
C:\Program Files\Microsoft Visual Studio\2022\Enterprise\Common7\IDE\Extensions\TestPlatform\Extensions\Microsoft.CodeCoverage.Core.dll
C:\Program Files\Microsoft Visual Studio\2022\Enterprise\Common7\IDE\Extensions\TestPlatform\Extensions\Microsoft.CodeCoverage.Instrumentation.dll
C:\Program Files\Microsoft Visual Studio\2022\Enterprise\Common7\IDE\Extensions\TestPlatform\Extensions\Microsoft.CodeCoverage.Interprocess.dll
C:\Program Files\Microsoft Visual Studio\2022\Enterprise\Common7\IDE\Extensions\TestPlatform\Extensions\Microsoft.CodeCoverage.Telemetry.dll
C:\Program Files\Microsoft Visual Studio\2022\Enterprise\Common7\IDE\Extensions\TestPlatform\Extensions\Microsoft.TestPlatform.Extensions.BlameDataCollector.dll
C:\Program Files\Microsoft Visual Studio\2022\Enterprise\Common7\IDE\Extensions\TestPlatform\Extensions\Microsoft.TestPlatform.Extensions.EventLogCollector.dll
C:\Program Files\Microsoft Visual Studio\2022\Enterprise\Common7\IDE\Extensions\TestPlatform\Extensions\Microsoft.TestPlatform.TestHostRuntimeProvider.dll
C:\Program Files\Microsoft Visual Studio\2022\Enterprise\Common7\IDE\Extensions\TestPlatform\Extensions\Microsoft.VisualStudio.ArchitectureTools.PEReader.dll
C:\Program Files\Microsoft Visual Studio\2022\Enterprise\Common7\IDE\Extensions\TestPlatform\Extensions\Microsoft.VisualStudio.Fakes.DataCollector.dll
C:\Program Files\Microsoft Visual Studio\2022\Enterprise\Common7\IDE\Extensions\TestPlatform\Extensions\Microsoft.VisualStudio.TestPlatform.Extensions.CodedWebTestAdapter.dll
C:\Program Files\Microsoft Visual Studio\2022\Enterprise\Common7\IDE\Extensions\TestPlatform\Extensions\Microsoft.VisualStudio.TestPlatform.Extensions.Html.TestLogger.dll
C:\Program Files\Microsoft Visual Studio\2022\Enterprise\Common7\IDE\Extensions\TestPlatform\Extensions\Microsoft.VisualStudio.TestPlatform.Extensions.TmiAdapter.dll
C:\Program Files\Microsoft Visual Studio\2022\Enterprise\Common7\IDE\Extensions\TestPlatform\Extensions\Microsoft.VisualStudio.TestPlatform.Extensions.Trx.TestLogger.dll
C:\Program Files\Microsoft Visual Studio\2022\Enterprise\Common7\IDE\Extensions\TestPlatform\Extensions\Microsoft.VisualStudio.TestPlatform.Extensions.VSTestIntegration.dll
C:\Program Files\Microsoft Visual Studio\2022\Enterprise\Common7\IDE\Extensions\TestPlatform\Extensions\Microsoft.VisualStudio.TestPlatform.Extensions.WebTestAdapter.dll
C:\Program Files\Microsoft Visual Studio\2022\Enterprise\Common7\IDE\Extensions\TestPlatform\Extensions\Microsoft.VisualStudio.TestTools.CppUnitTestFramework.ComInterfaces.dll
C:\Program Files\Microsoft Visual Studio\2022\Enterprise\Common7\IDE\Extensions\TestPlatform\Extensions\Microsoft.VisualStudio.TestTools.CppUnitTestFramework.CppUnitTestExtension.dll
C:\Program Files\Microsoft Visual Studio\2022\Enterprise\Common7\IDE\Extensions\TestPlatform\Extensions\Microsoft.VisualStudio.TestTools.DataCollection.MediaRecorder.Model.dll
C:\Program Files\Microsoft Visual Studio\2022\Enterprise\Common7\IDE\Extensions\TestPlatform\Extensions\Microsoft.VisualStudio.TestTools.DataCollection.VideoRecorderCollector.dll
C:\Program Files\Microsoft Visual Studio\2022\Enterprise\Common7\IDE\Extensions\TestPlatform\Extensions\Microsoft.VisualStudio.TraceDataCollector.dll
C:\Program Files\Microsoft Visual Studio\2022\Enterprise\Common7\IDE\Extensions\TestPlatform\Extensions\Mono.Cecil.dll
C:\Program Files\Microsoft Visual Studio\2022\Enterprise\Common7\IDE\Extensions\TestPlatform\Extensions\Mono.Cecil.Pdb.dll
C:\Program Files\Microsoft Visual Studio\2022\Enterprise\Common7\IDE\Extensions\TestPlatform\Extensions\Mono.Cecil.Rocks.dll
C:\Program Files\Microsoft Visual Studio\2022\Enterprise\Common7\IDE\Extensions\TestPlatform\Extensions\System.Runtime.CompilerServices.Unsafe.dll
TpTrace Verbose: 0 : 21236, 1, 2023/04/28, 11:37:38.192, 6677522718189, vstest.console.exe, TestPluginCache.GetExtensionPaths: Added unfilterableExtensionPaths: 
TpTrace Verbose: 0 : 21236, 1, 2023/04/28, 11:37:38.192, 6677522718587, vstest.console.exe, TestPluginCache.DiscoverTestExtensions: Discovering the extensions using allExtensionPaths: C:\Program Files\Microsoft Visual Studio\2022\Enterprise\Common7\IDE\Extensions\TestPlatform\Extensions\Microsoft.Cci.dll
C:\Program Files\Microsoft Visual Studio\2022\Enterprise\Common7\IDE\Extensions\TestPlatform\Extensions\Microsoft.CodeCoverage.Core.dll
C:\Program Files\Microsoft Visual Studio\2022\Enterprise\Common7\IDE\Extensions\TestPlatform\Extensions\Microsoft.CodeCoverage.Instrumentation.dll
C:\Program Files\Microsoft Visual Studio\2022\Enterprise\Common7\IDE\Extensions\TestPlatform\Extensions\Microsoft.CodeCoverage.Interprocess.dll
C:\Program Files\Microsoft Visual Studio\2022\Enterprise\Common7\IDE\Extensions\TestPlatform\Extensions\Microsoft.CodeCoverage.Telemetry.dll
C:\Program Files\Microsoft Visual Studio\2022\Enterprise\Common7\IDE\Extensions\TestPlatform\Extensions\Microsoft.TestPlatform.Extensions.BlameDataCollector.dll
C:\Program Files\Microsoft Visual Studio\2022\Enterprise\Common7\IDE\Extensions\TestPlatform\Extensions\Microsoft.TestPlatform.Extensions.EventLogCollector.dll
C:\Program Files\Microsoft Visual Studio\2022\Enterprise\Common7\IDE\Extensions\TestPlatform\Extensions\Microsoft.TestPlatform.TestHostRuntimeProvider.dll
C:\Program Files\Microsoft Visual Studio\2022\Enterprise\Common7\IDE\Extensions\TestPlatform\Extensions\Microsoft.VisualStudio.ArchitectureTools.PEReader.dll
C:\Program Files\Microsoft Visual Studio\2022\Enterprise\Common7\IDE\Extensions\TestPlatform\Extensions\Microsoft.VisualStudio.Fakes.DataCollector.dll
C:\Program Files\Microsoft Visual Studio\2022\Enterprise\Common7\IDE\Extensions\TestPlatform\Extensions\Microsoft.VisualStudio.TestPlatform.Extensions.CodedWebTestAdapter.dll
C:\Program Files\Microsoft Visual Studio\2022\Enterprise\Common7\IDE\Extensions\TestPlatform\Extensions\Microsoft.VisualStudio.TestPlatform.Extensions.Html.TestLogger.dll
C:\Program Files\Microsoft Visual Studio\2022\Enterprise\Common7\IDE\Extensions\TestPlatform\Extensions\Microsoft.VisualStudio.TestPlatform.Extensions.TmiAdapter.dll
C:\Program Files\Microsoft Visual Studio\2022\Enterprise\Common7\IDE\Extensions\TestPlatform\Extensions\Microsoft.VisualStudio.TestPlatform.Extensions.Trx.TestLogger.dll
C:\Program Files\Microsoft Visual Studio\2022\Enterprise\Common7\IDE\Extensions\TestPlatform\Extensions\Microsoft.VisualStudio.TestPlatform.Extensions.VSTestIntegration.dll
C:\Program Files\Microsoft Visual Studio\2022\Enterprise\Common7\IDE\Extensions\TestPlatform\Extensions\Microsoft.VisualStudio.TestPlatform.Extensions.WebTestAdapter.dll
C:\Program Files\Microsoft Visual Studio\2022\Enterprise\Common7\IDE\Extensions\TestPlatform\Extensions\Microsoft.VisualStudio.TestTools.CppUnitTestFramework.ComInterfaces.dll
C:\Program Files\Microsoft Visual Studio\2022\Enterprise\Common7\IDE\Extensions\TestPlatform\Extensions\Microsoft.VisualStudio.TestTools.CppUnitTestFramework.CppUnitTestExtension.dll
C:\Program Files\Microsoft Visual Studio\2022\Enterprise\Common7\IDE\Extensions\TestPlatform\Extensions\Microsoft.VisualStudio.TestTools.DataCollection.MediaRecorder.Model.dll
C:\Program Files\Microsoft Visual Studio\2022\Enterprise\Common7\IDE\Extensions\TestPlatform\Extensions\Microsoft.VisualStudio.TestTools.DataCollection.VideoRecorderCollector.dll
C:\Program Files\Microsoft Visual Studio\2022\Enterprise\Common7\IDE\Extensions\TestPlatform\Extensions\Microsoft.VisualStudio.TraceDataCollector.dll
C:\Program Files\Microsoft Visual Studio\2022\Enterprise\Common7\IDE\Extensions\TestPlatform\Extensions\Mono.Cecil.dll
C:\Program Files\Microsoft Visual Studio\2022\Enterprise\Common7\IDE\Extensions\TestPlatform\Extensions\Mono.Cecil.Pdb.dll
C:\Program Files\Microsoft Visual Studio\2022\Enterprise\Common7\IDE\Extensions\TestPlatform\Extensions\Mono.Cecil.Rocks.dll
C:\Program Files\Microsoft Visual Studio\2022\Enterprise\Common7\IDE\Extensions\TestPlatform\Extensions\System.Runtime.CompilerServices.Unsafe.dll
TpTrace Information: 0 : 21236, 1, 2023/04/28, 11:37:38.193, 6677522725855, vstest.console.exe, AssemblyResolver.AddSearchDirectories: Adding more searchDirectories C:\Program Files\Microsoft Visual Studio\2022\Enterprise\Common7\IDE\Extensions\TestPlatform\Extensions,C:\Program Files\Microsoft Visual Studio\2022\Enterprise\Common7\IDE\Extensions\TestPlatform
TpTrace Information: 0 : 21236, 1, 2023/04/28, 11:37:38.193, 6677522726468, vstest.console.exe, AssemblyResolver.AddSearchDirectories: Adding more searchDirectories C:\Program Files\Microsoft Visual Studio\2022\Enterprise\Common7\IDE\Extensions\TestPlatform\Extensions,C:\Program Files\Microsoft Visual Studio\2022\Enterprise\Common7\IDE\Extensions\TestPlatform
TpTrace Information: 0 : 21236, 1, 2023/04/28, 11:37:38.193, 6677522726732, vstest.console.exe, AssemblyResolver.AddSearchDirectories: Adding more searchDirectories C:\Program Files\Microsoft Visual Studio\2022\Enterprise\Common7\IDE\Extensions\TestPlatform\Extensions,C:\Program Files\Microsoft Visual Studio\2022\Enterprise\Common7\IDE\Extensions\TestPlatform
TpTrace Information: 0 : 21236, 1, 2023/04/28, 11:37:38.193, 6677522727004, vstest.console.exe, AssemblyResolver.AddSearchDirectories: Adding more searchDirectories C:\Program Files\Microsoft Visual Studio\2022\Enterprise\Common7\IDE\Extensions\TestPlatform\Extensions,C:\Program Files\Microsoft Visual Studio\2022\Enterprise\Common7\IDE\Extensions\TestPlatform
TpTrace Information: 0 : 21236, 1, 2023/04/28, 11:37:38.193, 6677522727509, vstest.console.exe, AssemblyResolver.AddSearchDirectories: Adding more searchDirectories C:\Program Files\Microsoft Visual Studio\2022\Enterprise\Common7\IDE\Extensions\TestPlatform\Extensions,C:\Program Files\Microsoft Visual Studio\2022\Enterprise\Common7\IDE\Extensions\TestPlatform
TpTrace Information: 0 : 21236, 1, 2023/04/28, 11:37:38.193, 6677522727802, vstest.console.exe, AssemblyResolver.AddSearchDirectories: Adding more searchDirectories C:\Program Files\Microsoft Visual Studio\2022\Enterprise\Common7\IDE\Extensions\TestPlatform\Extensions,C:\Program Files\Microsoft Visual Studio\2022\Enterprise\Common7\IDE\Extensions\TestPlatform
TpTrace Information: 0 : 21236, 1, 2023/04/28, 11:37:38.193, 6677522728047, vstest.console.exe, AssemblyResolver.AddSearchDirectories: Adding more searchDirectories C:\Program Files\Microsoft Visual Studio\2022\Enterprise\Common7\IDE\Extensions\TestPlatform\Extensions,C:\Program Files\Microsoft Visual Studio\2022\Enterprise\Common7\IDE\Extensions\TestPlatform
TpTrace Information: 0 : 21236, 1, 2023/04/28, 11:37:38.193, 6677522728276, vstest.console.exe, AssemblyResolver.AddSearchDirectories: Adding more searchDirectories C:\Program Files\Microsoft Visual Studio\2022\Enterprise\Common7\IDE\Extensions\TestPlatform\Extensions,C:\Program Files\Microsoft Visual Studio\2022\Enterprise\Common7\IDE\Extensions\TestPlatform
TpTrace Information: 0 : 21236, 1, 2023/04/28, 11:37:38.193, 6677522728499, vstest.console.exe, AssemblyResolver.AddSearchDirectories: Adding more searchDirectories C:\Program Files\Microsoft Visual Studio\2022\Enterprise\Common7\IDE\Extensions\TestPlatform\Extensions,C:\Program Files\Microsoft Visual Studio\2022\Enterprise\Common7\IDE\Extensions\TestPlatform
TpTrace Information: 0 : 21236, 1, 2023/04/28, 11:37:38.193, 6677522728728, vstest.console.exe, AssemblyResolver.AddSearchDirectories: Adding more searchDirectories C:\Program Files\Microsoft Visual Studio\2022\Enterprise\Common7\IDE\Extensions\TestPlatform\Extensions,C:\Program Files\Microsoft Visual Studio\2022\Enterprise\Common7\IDE\Extensions\TestPlatform
TpTrace Information: 0 : 21236, 1, 2023/04/28, 11:37:38.193, 6677522728953, vstest.console.exe, AssemblyResolver.AddSearchDirectories: Adding more searchDirectories C:\Program Files\Microsoft Visual Studio\2022\Enterprise\Common7\IDE\Extensions\TestPlatform\Extensions,C:\Program Files\Microsoft Visual Studio\2022\Enterprise\Common7\IDE\Extensions\TestPlatform
TpTrace Information: 0 : 21236, 1, 2023/04/28, 11:37:38.193, 6677522729178, vstest.console.exe, AssemblyResolver.AddSearchDirectories: Adding more searchDirectories C:\Program Files\Microsoft Visual Studio\2022\Enterprise\Common7\IDE\Extensions\TestPlatform\Extensions,C:\Program Files\Microsoft Visual Studio\2022\Enterprise\Common7\IDE\Extensions\TestPlatform
TpTrace Information: 0 : 21236, 1, 2023/04/28, 11:37:38.193, 6677522729405, vstest.console.exe, AssemblyResolver.AddSearchDirectories: Adding more searchDirectories C:\Program Files\Microsoft Visual Studio\2022\Enterprise\Common7\IDE\Extensions\TestPlatform\Extensions,C:\Program Files\Microsoft Visual Studio\2022\Enterprise\Common7\IDE\Extensions\TestPlatform
TpTrace Information: 0 : 21236, 1, 2023/04/28, 11:37:38.193, 6677522729631, vstest.console.exe, AssemblyResolver.AddSearchDirectories: Adding more searchDirectories C:\Program Files\Microsoft Visual Studio\2022\Enterprise\Common7\IDE\Extensions\TestPlatform\Extensions,C:\Program Files\Microsoft Visual Studio\2022\Enterprise\Common7\IDE\Extensions\TestPlatform
TpTrace Information: 0 : 21236, 1, 2023/04/28, 11:37:38.193, 6677522729871, vstest.console.exe, AssemblyResolver.AddSearchDirectories: Adding more searchDirectories C:\Program Files\Microsoft Visual Studio\2022\Enterprise\Common7\IDE\Extensions\TestPlatform\Extensions,C:\Program Files\Microsoft Visual Studio\2022\Enterprise\Common7\IDE\Extensions\TestPlatform
TpTrace Information: 0 : 21236, 1, 2023/04/28, 11:37:38.193, 6677522730103, vstest.console.exe, AssemblyResolver.AddSearchDirectories: Adding more searchDirectories C:\Program Files\Microsoft Visual Studio\2022\Enterprise\Common7\IDE\Extensions\TestPlatform\Extensions,C:\Program Files\Microsoft Visual Studio\2022\Enterprise\Common7\IDE\Extensions\TestPlatform
TpTrace Information: 0 : 21236, 1, 2023/04/28, 11:37:38.194, 6677522731787, vstest.console.exe, AssemblyResolver.AddSearchDirectories: Adding more searchDirectories C:\Program Files\Microsoft Visual Studio\2022\Enterprise\Common7\IDE\Extensions\TestPlatform\Extensions,C:\Program Files\Microsoft Visual Studio\2022\Enterprise\Common7\IDE\Extensions\TestPlatform
TpTrace Information: 0 : 21236, 1, 2023/04/28, 11:37:38.194, 6677522732107, vstest.console.exe, AssemblyResolver.AddSearchDirectories: Adding more searchDirectories C:\Program Files\Microsoft Visual Studio\2022\Enterprise\Common7\IDE\Extensions\TestPlatform\Extensions,C:\Program Files\Microsoft Visual Studio\2022\Enterprise\Common7\IDE\Extensions\TestPlatform
TpTrace Information: 0 : 21236, 1, 2023/04/28, 11:37:38.194, 6677522732337, vstest.console.exe, AssemblyResolver.AddSearchDirectories: Adding more searchDirectories C:\Program Files\Microsoft Visual Studio\2022\Enterprise\Common7\IDE\Extensions\TestPlatform\Extensions,C:\Program Files\Microsoft Visual Studio\2022\Enterprise\Common7\IDE\Extensions\TestPlatform
TpTrace Information: 0 : 21236, 1, 2023/04/28, 11:37:38.194, 6677522732619, vstest.console.exe, AssemblyResolver.AddSearchDirectories: Adding more searchDirectories C:\Program Files\Microsoft Visual Studio\2022\Enterprise\Common7\IDE\Extensions\TestPlatform\Extensions,C:\Program Files\Microsoft Visual Studio\2022\Enterprise\Common7\IDE\Extensions\TestPlatform
TpTrace Information: 0 : 21236, 1, 2023/04/28, 11:37:38.194, 6677522732841, vstest.console.exe, AssemblyResolver.AddSearchDirectories: Adding more searchDirectories C:\Program Files\Microsoft Visual Studio\2022\Enterprise\Common7\IDE\Extensions\TestPlatform\Extensions,C:\Program Files\Microsoft Visual Studio\2022\Enterprise\Common7\IDE\Extensions\TestPlatform
TpTrace Information: 0 : 21236, 1, 2023/04/28, 11:37:38.194, 6677522733126, vstest.console.exe, AssemblyResolver.AddSearchDirectories: Adding more searchDirectories C:\Program Files\Microsoft Visual Studio\2022\Enterprise\Common7\IDE\Extensions\TestPlatform\Extensions,C:\Program Files\Microsoft Visual Studio\2022\Enterprise\Common7\IDE\Extensions\TestPlatform
TpTrace Information: 0 : 21236, 1, 2023/04/28, 11:37:38.194, 6677522733368, vstest.console.exe, AssemblyResolver.AddSearchDirectories: Adding more searchDirectories C:\Program Files\Microsoft Visual Studio\2022\Enterprise\Common7\IDE\Extensions\TestPlatform\Extensions,C:\Program Files\Microsoft Visual Studio\2022\Enterprise\Common7\IDE\Extensions\TestPlatform
TpTrace Information: 0 : 21236, 1, 2023/04/28, 11:37:38.194, 6677522733598, vstest.console.exe, AssemblyResolver.AddSearchDirectories: Adding more searchDirectories C:\Program Files\Microsoft Visual Studio\2022\Enterprise\Common7\IDE\Extensions\TestPlatform\Extensions,C:\Program Files\Microsoft Visual Studio\2022\Enterprise\Common7\IDE\Extensions\TestPlatform
TpTrace Information: 0 : 21236, 1, 2023/04/28, 11:37:38.194, 6677522733846, vstest.console.exe, AssemblyResolver.AddSearchDirectories: Adding more searchDirectories C:\Program Files\Microsoft Visual Studio\2022\Enterprise\Common7\IDE\Extensions\TestPlatform\Extensions,C:\Program Files\Microsoft Visual Studio\2022\Enterprise\Common7\IDE\Extensions\TestPlatform
TpTrace Verbose: 0 : 21236, 1, 2023/04/28, 11:37:38.206, 6677522851782, vstest.console.exe, MetadataReaderExtensionsHelper: Discovering extensions inside assembly 'Microsoft.Cci, Version=4.0.0.0, Culture=neutral, PublicKeyToken=b03f5f7f11d50a3a' file path 'C:\Program Files\Microsoft Visual Studio\2022\Enterprise\Common7\IDE\Extensions\TestPlatform\Extensions\Microsoft.Cci.dll'
TpTrace Verbose: 0 : 21236, 1, 2023/04/28, 11:37:38.302, 6677523820887, vstest.console.exe, MetadataReaderExtensionsHelper: Discovering extensions inside assembly 'Microsoft.CodeCoverage.Core, Version=17.5.5.0, Culture=neutral, PublicKeyToken=b03f5f7f11d50a3a' file path 'C:\Program Files\Microsoft Visual Studio\2022\Enterprise\Common7\IDE\Extensions\TestPlatform\Extensions\Microsoft.CodeCoverage.Core.dll'
TpTrace Verbose: 0 : 21236, 1, 2023/04/28, 11:37:38.309, 6677523886681, vstest.console.exe, MetadataReaderExtensionsHelper: Discovering extensions inside assembly 'Microsoft.CodeCoverage.Instrumentation, Version=17.5.5.0, Culture=neutral, PublicKeyToken=b03f5f7f11d50a3a' file path 'C:\Program Files\Microsoft Visual Studio\2022\Enterprise\Common7\IDE\Extensions\TestPlatform\Extensions\Microsoft.CodeCoverage.Instrumentation.dll'
TpTrace Verbose: 0 : 21236, 1, 2023/04/28, 11:37:38.313, 6677523928962, vstest.console.exe, MetadataReaderExtensionsHelper: Discovering extensions inside assembly 'Microsoft.CodeCoverage.Interprocess, Version=17.5.5.0, Culture=neutral, PublicKeyToken=b03f5f7f11d50a3a' file path 'C:\Program Files\Microsoft Visual Studio\2022\Enterprise\Common7\IDE\Extensions\TestPlatform\Extensions\Microsoft.CodeCoverage.Interprocess.dll'
TpTrace Verbose: 0 : 21236, 1, 2023/04/28, 11:37:38.317, 6677523963581, vstest.console.exe, MetadataReaderExtensionsHelper: Discovering extensions inside assembly 'Microsoft.CodeCoverage.Telemetry, Version=17.5.5.0, Culture=neutral, PublicKeyToken=b03f5f7f11d50a3a' file path 'C:\Program Files\Microsoft Visual Studio\2022\Enterprise\Common7\IDE\Extensions\TestPlatform\Extensions\Microsoft.CodeCoverage.Telemetry.dll'
TpTrace Verbose: 0 : 21236, 1, 2023/04/28, 11:37:38.319, 6677523989263, vstest.console.exe, MetadataReaderExtensionsHelper: Discovering extensions inside assembly 'Microsoft.TestPlatform.Extensions.BlameDataCollector, Version=15.0.0.0, Culture=neutral, PublicKeyToken=b03f5f7f11d50a3a' file path 'C:\Program Files\Microsoft Visual Studio\2022\Enterprise\Common7\IDE\Extensions\TestPlatform\Extensions\Microsoft.TestPlatform.Extensions.BlameDataCollector.dll'
TpTrace Verbose: 0 : 21236, 1, 2023/04/28, 11:37:38.323, 6677524028952, vstest.console.exe, MetadataReaderExtensionsHelper: Discovering extensions inside assembly 'Microsoft.TestPlatform.Extensions.EventLogCollector, Version=15.0.0.0, Culture=neutral, PublicKeyToken=b03f5f7f11d50a3a' file path 'C:\Program Files\Microsoft Visual Studio\2022\Enterprise\Common7\IDE\Extensions\TestPlatform\Extensions\Microsoft.TestPlatform.Extensions.EventLogCollector.dll'
TpTrace Verbose: 0 : 21236, 1, 2023/04/28, 11:37:38.325, 6677524043122, vstest.console.exe, MetadataReaderExtensionsHelper: Discovering extensions inside assembly 'Microsoft.TestPlatform.TestHostRuntimeProvider, Version=15.0.0.0, Culture=neutral, PublicKeyToken=b03f5f7f11d50a3a' file path 'C:\Program Files\Microsoft Visual Studio\2022\Enterprise\Common7\IDE\Extensions\TestPlatform\Extensions\Microsoft.TestPlatform.TestHostRuntimeProvider.dll'
TpTrace Information: 0 : 21236, 1, 2023/04/28, 11:37:38.327, 6677524063791, vstest.console.exe, GetTestExtensionFromType: Register extension with identifier data 'HostProvider://DefaultTestHost' and type 'Microsoft.VisualStudio.TestPlatform.CrossPlatEngine.Hosting.DefaultTestHostManager, Microsoft.TestPlatform.TestHostRuntimeProvider, Version=15.0.0.0, Culture=neutral, PublicKeyToken=b03f5f7f11d50a3a' inside file 'C:\Program Files\Microsoft Visual Studio\2022\Enterprise\Common7\IDE\Extensions\TestPlatform\Extensions\Microsoft.TestPlatform.TestHostRuntimeProvider.dll'
TpTrace Information: 0 : 21236, 1, 2023/04/28, 11:37:38.327, 6677524064563, vstest.console.exe, GetTestExtensionFromType: Register extension with identifier data 'HostProvider://DotnetTestHost' and type 'Microsoft.VisualStudio.TestPlatform.CrossPlatEngine.Hosting.DotnetTestHostManager, Microsoft.TestPlatform.TestHostRuntimeProvider, Version=15.0.0.0, Culture=neutral, PublicKeyToken=b03f5f7f11d50a3a' inside file 'C:\Program Files\Microsoft Visual Studio\2022\Enterprise\Common7\IDE\Extensions\TestPlatform\Extensions\Microsoft.TestPlatform.TestHostRuntimeProvider.dll'
TpTrace Verbose: 0 : 21236, 1, 2023/04/28, 11:37:38.328, 6677524077558, vstest.console.exe, MetadataReaderExtensionsHelper: Discovering extensions inside assembly 'Microsoft.VisualStudio.ArchitectureTools.PEReader, Version=17.0.0.0, Culture=neutral, PublicKeyToken=b03f5f7f11d50a3a' file path 'C:\Program Files\Microsoft Visual Studio\2022\Enterprise\Common7\IDE\Extensions\TestPlatform\Extensions\Microsoft.VisualStudio.ArchitectureTools.PEReader.dll'
TpTrace Verbose: 0 : 21236, 1, 2023/04/28, 11:37:38.363, 6677524429068, vstest.console.exe, MetadataReaderExtensionsHelper: Discovering extensions inside assembly 'Microsoft.VisualStudio.Fakes.DataCollector, Version=17.0.0.0, Culture=neutral, PublicKeyToken=b03f5f7f11d50a3a' file path 'C:\Program Files\Microsoft Visual Studio\2022\Enterprise\Common7\IDE\Extensions\TestPlatform\Extensions\Microsoft.VisualStudio.Fakes.DataCollector.dll'
TpTrace Verbose: 0 : 21236, 1, 2023/04/28, 11:37:38.377, 6677524568889, vstest.console.exe, MetadataReaderExtensionsHelper: Discovering extensions inside assembly 'Microsoft.VisualStudio.TestPlatform.Extensions.CodedWebTestAdapter, Version=17.0.0.0, Culture=neutral, PublicKeyToken=b03f5f7f11d50a3a' file path 'C:\Program Files\Microsoft Visual Studio\2022\Enterprise\Common7\IDE\Extensions\TestPlatform\Extensions\Microsoft.VisualStudio.TestPlatform.Extensions.CodedWebTestAdapter.dll'
TpTrace Verbose: 0 : 21236, 1, 2023/04/28, 11:37:38.381, 6677524606735, vstest.console.exe, MetadataReaderExtensionsHelper: Discovering extensions inside assembly 'Microsoft.VisualStudio.TestPlatform.Extensions.Html.TestLogger, Version=15.0.0.0, Culture=neutral, PublicKeyToken=b03f5f7f11d50a3a' file path 'C:\Program Files\Microsoft Visual Studio\2022\Enterprise\Common7\IDE\Extensions\TestPlatform\Extensions\Microsoft.VisualStudio.TestPlatform.Extensions.Html.TestLogger.dll'
TpTrace Verbose: 0 : 21236, 1, 2023/04/28, 11:37:38.382, 6677524616220, vstest.console.exe, MetadataReaderExtensionsHelper: Discovering extensions inside assembly 'Microsoft.VisualStudio.TestPlatform.Extensions.TmiAdapter, Version=17.0.0.0, Culture=neutral, PublicKeyToken=b03f5f7f11d50a3a' file path 'C:\Program Files\Microsoft Visual Studio\2022\Enterprise\Common7\IDE\Extensions\TestPlatform\Extensions\Microsoft.VisualStudio.TestPlatform.Extensions.TmiAdapter.dll'
TpTrace Verbose: 0 : 21236, 1, 2023/04/28, 11:37:38.409, 6677524887084, vstest.console.exe, MetadataReaderExtensionsHelper: Discovering extensions inside assembly 'Microsoft.VisualStudio.TestPlatform.Extensions.Trx.TestLogger, Version=15.0.0.0, Culture=neutral, PublicKeyToken=b03f5f7f11d50a3a' file path 'C:\Program Files\Microsoft Visual Studio\2022\Enterprise\Common7\IDE\Extensions\TestPlatform\Extensions\Microsoft.VisualStudio.TestPlatform.Extensions.Trx.TestLogger.dll'
TpTrace Verbose: 0 : 21236, 1, 2023/04/28, 11:37:38.411, 6677524902656, vstest.console.exe, MetadataReaderExtensionsHelper: Discovering extensions inside assembly 'Microsoft.VisualStudio.TestPlatform.Extensions.VSTestIntegration, Version=17.0.0.0, Culture=neutral, PublicKeyToken=b03f5f7f11d50a3a' file path 'C:\Program Files\Microsoft Visual Studio\2022\Enterprise\Common7\IDE\Extensions\TestPlatform\Extensions\Microsoft.VisualStudio.TestPlatform.Extensions.VSTestIntegration.dll'
TpTrace Verbose: 0 : 21236, 1, 2023/04/28, 11:37:38.416, 6677524958212, vstest.console.exe, MetadataReaderExtensionsHelper: Discovering extensions inside assembly 'Microsoft.VisualStudio.TestPlatform.Extensions.WebTestAdapter, Version=17.0.0.0, Culture=neutral, PublicKeyToken=b03f5f7f11d50a3a' file path 'C:\Program Files\Microsoft Visual Studio\2022\Enterprise\Common7\IDE\Extensions\TestPlatform\Extensions\Microsoft.VisualStudio.TestPlatform.Extensions.WebTestAdapter.dll'
TpTrace Verbose: 0 : 21236, 1, 2023/04/28, 11:37:38.418, 6677524972759, vstest.console.exe, MetadataReaderExtensionsHelper: Discovering extensions inside assembly 'Microsoft.VisualStudio.TestTools.CppUnitTestFramework.ComInterfaces, Version=17.0.0.0, Culture=neutral, PublicKeyToken=b03f5f7f11d50a3a' file path 'C:\Program Files\Microsoft Visual Studio\2022\Enterprise\Common7\IDE\Extensions\TestPlatform\Extensions\Microsoft.VisualStudio.TestTools.CppUnitTestFramework.ComInterfaces.dll'
TpTrace Verbose: 0 : 21236, 1, 2023/04/28, 11:37:38.419, 6677524987357, vstest.console.exe, MetadataReaderExtensionsHelper: Discovering extensions inside assembly 'Microsoft.VisualStudio.TestTools.CppUnitTestFramework.CppUnitTestExtension, Version=17.0.0.0, Culture=neutral, PublicKeyToken=b03f5f7f11d50a3a' file path 'C:\Program Files\Microsoft Visual Studio\2022\Enterprise\Common7\IDE\Extensions\TestPlatform\Extensions\Microsoft.VisualStudio.TestTools.CppUnitTestFramework.CppUnitTestExtension.dll'
TpTrace Verbose: 0 : 21236, 1, 2023/04/28, 11:37:38.421, 6677525003961, vstest.console.exe, MetadataReaderExtensionsHelper: Discovering extensions inside assembly 'Microsoft.VisualStudio.TestTools.DataCollection.MediaRecorder.Model, Version=4.0.0.0, Culture=neutral, PublicKeyToken=b03f5f7f11d50a3a' file path 'C:\Program Files\Microsoft Visual Studio\2022\Enterprise\Common7\IDE\Extensions\TestPlatform\Extensions\Microsoft.VisualStudio.TestTools.DataCollection.MediaRecorder.Model.dll'
TpTrace Verbose: 0 : 21236, 1, 2023/04/28, 11:37:38.422, 6677525016802, vstest.console.exe, MetadataReaderExtensionsHelper: Discovering extensions inside assembly 'Microsoft.VisualStudio.TestTools.DataCollection.VideoRecorderCollector, Version=17.0.0.0, Culture=neutral, PublicKeyToken=b03f5f7f11d50a3a' file path 'C:\Program Files\Microsoft Visual Studio\2022\Enterprise\Common7\IDE\Extensions\TestPlatform\Extensions\Microsoft.VisualStudio.TestTools.DataCollection.VideoRecorderCollector.dll'
TpTrace Verbose: 0 : 21236, 1, 2023/04/28, 11:37:38.424, 6677525034617, vstest.console.exe, MetadataReaderExtensionsHelper: Discovering extensions inside assembly 'Microsoft.VisualStudio.TraceDataCollector, Version=16.0.0.0, Culture=neutral, PublicKeyToken=b03f5f7f11d50a3a' file path 'C:\Program Files\Microsoft Visual Studio\2022\Enterprise\Common7\IDE\Extensions\TestPlatform\Extensions\Microsoft.VisualStudio.TraceDataCollector.dll'
TpTrace Verbose: 0 : 21236, 1, 2023/04/28, 11:37:38.426, 6677525051557, vstest.console.exe, MetadataReaderExtensionsHelper: Valid extension found: extension type 'DataCollector' identifier 'datacollector://Microsoft/CodeCoverage/2.0' implementation 'Microsoft.VisualStudio.Coverage.DynamicCoverageDataCollector' version '1'
TpTrace Verbose: 0 : 21236, 1, 2023/04/28, 11:37:38.426, 6677525052196, vstest.console.exe, MetadataReaderExtensionsHelper: Valid extension found: extension type 'DataCollector' identifier 'datacollector://Microsoft/CodeCoverage/2.0' implementation 'Microsoft.VisualStudio.Coverage.DynamicCoverageDataCollectorWithAttachmentProcessor' version '2'
TpTrace Verbose: 0 : 21236, 1, 2023/04/28, 11:37:38.426, 6677525052713, vstest.console.exe, MetadataReaderExtensionsHelper: Valid extension found: extension type 'DataCollector' identifier 'datacollector://microsoft/unittestisolation/1.0' implementation 'Microsoft.VisualStudio.TraceCollector.UnitTestIsolationDataCollector' version '1'
TpTrace Verbose: 0 : 21236, 1, 2023/04/28, 11:37:38.426, 6677525053124, vstest.console.exe, MetadataReaderExtensionsHelper: Valid extension found: extension type 'DataCollector' identifier 'datacollector://Microsoft/TestImpact/1.0' implementation 'Microsoft.VisualStudio.TraceCollector.TestImpactDataCollector' version '1'
TpTrace Verbose: 0 : 21236, 1, 2023/04/28, 11:37:38.426, 6677525061102, vstest.console.exe, MetadataReaderExtensionsHelper: Discovering extensions inside assembly 'Mono.Cecil, Version=0.11.4.0, Culture=neutral, PublicKeyToken=50cebf1cceb9d05e' file path 'C:\Program Files\Microsoft Visual Studio\2022\Enterprise\Common7\IDE\Extensions\TestPlatform\Extensions\Mono.Cecil.dll'
TpTrace Verbose: 0 : 21236, 1, 2023/04/28, 11:37:38.434, 6677525131952, vstest.console.exe, MetadataReaderExtensionsHelper: Discovering extensions inside assembly 'Mono.Cecil.Pdb, Version=0.11.4.0, Culture=neutral, PublicKeyToken=50cebf1cceb9d05e' file path 'C:\Program Files\Microsoft Visual Studio\2022\Enterprise\Common7\IDE\Extensions\TestPlatform\Extensions\Mono.Cecil.Pdb.dll'
TpTrace Verbose: 0 : 21236, 1, 2023/04/28, 11:37:38.437, 6677525169280, vstest.console.exe, MetadataReaderExtensionsHelper: Discovering extensions inside assembly 'Mono.Cecil.Rocks, Version=0.11.4.0, Culture=neutral, PublicKeyToken=50cebf1cceb9d05e' file path 'C:\Program Files\Microsoft Visual Studio\2022\Enterprise\Common7\IDE\Extensions\TestPlatform\Extensions\Mono.Cecil.Rocks.dll'
TpTrace Verbose: 0 : 21236, 1, 2023/04/28, 11:37:38.439, 6677525189113, vstest.console.exe, MetadataReaderExtensionsHelper: Discovering extensions inside assembly 'System.Runtime.CompilerServices.Unsafe, Version=4.0.4.1, Culture=neutral, PublicKeyToken=b03f5f7f11d50a3a' file path 'C:\Program Files\Microsoft Visual Studio\2022\Enterprise\Common7\IDE\Extensions\TestPlatform\Extensions\System.Runtime.CompilerServices.Unsafe.dll'
TpTrace Verbose: 0 : 21236, 1, 2023/04/28, 11:37:38.445, 6677525242842, vstest.console.exe, TestPluginCache: Discovered the extensions using extension path ''.
TpTrace Verbose: 0 : 21236, 1, 2023/04/28, 11:37:38.446, 6677525254707, vstest.console.exe, TestPluginCache: Discoverers are ''.
TpTrace Verbose: 0 : 21236, 1, 2023/04/28, 11:37:38.446, 6677525255080, vstest.console.exe, TestPluginCache: Executors are ''.
TpTrace Verbose: 0 : 21236, 1, 2023/04/28, 11:37:38.446, 6677525255263, vstest.console.exe, TestPluginCache: Executors2 are ''.
TpTrace Verbose: 0 : 21236, 1, 2023/04/28, 11:37:38.446, 6677525255401, vstest.console.exe, TestPluginCache: Setting providers are ''.
TpTrace Verbose: 0 : 21236, 1, 2023/04/28, 11:37:38.446, 6677525255535, vstest.console.exe, TestPluginCache: Loggers are ''.
TpTrace Verbose: 0 : 21236, 1, 2023/04/28, 11:37:38.446, 6677525255770, vstest.console.exe, TestPluginCache: TestHosts are 'HostProvider://DefaultTestHost,HostProvider://DotnetTestHost'.
TpTrace Verbose: 0 : 21236, 1, 2023/04/28, 11:37:38.446, 6677525255911, vstest.console.exe, TestPluginCache: DataCollectors are ''.
TpTrace Information: 0 : 21236, 1, 2023/04/28, 11:37:38.463, 6677525426104, vstest.console.exe, RunTestsArgumentProcessor:Execute: Test run is starting.
TpTrace Verbose: 0 : 21236, 1, 2023/04/28, 11:37:38.463, 6677525426773, vstest.console.exe, RunTestsArgumentProcessor:Execute: Queuing Test run.
TpTrace Information: 0 : 21236, 1, 2023/04/28, 11:37:38.466, 6677525453515, vstest.console.exe, TestRequestManager.RunTests: run tests started.
TpTrace Information: 0 : 21236, 1, 2023/04/28, 11:37:38.473, 6677525528271, vstest.console.exe, AssemblyMetadataProvider.GetFrameworkName: Determined framework:'.NETCoreApp,Version=v6.0' for source: 'C:\MyDev\Sources\unittest\net6.0\DemoUnitTestProject.dll'
TpTrace Information: 0 : 21236, 1, 2023/04/28, 11:37:38.473, 6677525529139, vstest.console.exe, Determined framework for all sources: .NETCoreApp,Version=v6.0
TpTrace Verbose: 0 : 21236, 1, 2023/04/28, 11:37:38.474, 6677525539988, vstest.console.exe, TestRequestManager.UpdateRunSettingsIfRequired: Default architecture: X64 IsDefaultTargetArchitecture: True, Current process architecture: X64 OperatingSystem: Windows.
TpTrace Information: 0 : 21236, 1, 2023/04/28, 11:37:38.478, 6677525580150, vstest.console.exe, AssemblyMetadataProvider.GetArchitecture: Determined architecture:AnyCPU info for assembly: C:\MyDev\Sources\unittest\net6.0\DemoUnitTestProject.dll
TpTrace Information: 0 : 21236, 1, 2023/04/28, 11:37:38.478, 6677525580504, vstest.console.exe, Determined platform for source 'C:\MyDev\Sources\unittest\net6.0\DemoUnitTestProject.dll' was AnyCPU and it will use the default plaform X64.
TpTrace Information: 0 : 21236, 1, 2023/04/28, 11:37:38.478, 6677525580741, vstest.console.exe, None of the sources provided any runnable platform, using the default platform: X64
TpTrace Information: 0 : 21236, 1, 2023/04/28, 11:37:38.479, 6677525581831, vstest.console.exe, Platform was updated to 'X64'.
TpTrace Verbose: 0 : 21236, 1, 2023/04/28, 11:37:38.500, 6677525800858, vstest.console.exe, TestPluginCache.DiscoverTestExtensions: finding test extensions in assemblies ends with: TestLogger.dll TPluginInfo: Microsoft.VisualStudio.TestPlatform.Common.ExtensionFramework.Utilities.TestLoggerPluginInformation TExtension: Microsoft.VisualStudio.TestPlatform.ObjectModel.Client.ITestLogger
TpTrace Verbose: 0 : 21236, 1, 2023/04/28, 11:37:38.501, 6677525803770, vstest.console.exe, TestPluginCache.GetExtensionPaths: Filtered extension paths: 
TpTrace Verbose: 0 : 21236, 1, 2023/04/28, 11:37:38.501, 6677525804356, vstest.console.exe, TestPluginCache.GetExtensionPaths: Added default extension paths: C:\Program Files\Microsoft Visual Studio\2022\Enterprise\Common7\IDE\Extensions\TestPlatform\Extensions\Microsoft.Cci.dll
C:\Program Files\Microsoft Visual Studio\2022\Enterprise\Common7\IDE\Extensions\TestPlatform\Extensions\Microsoft.CodeCoverage.Core.dll
C:\Program Files\Microsoft Visual Studio\2022\Enterprise\Common7\IDE\Extensions\TestPlatform\Extensions\Microsoft.CodeCoverage.Instrumentation.dll
C:\Program Files\Microsoft Visual Studio\2022\Enterprise\Common7\IDE\Extensions\TestPlatform\Extensions\Microsoft.CodeCoverage.Interprocess.dll
C:\Program Files\Microsoft Visual Studio\2022\Enterprise\Common7\IDE\Extensions\TestPlatform\Extensions\Microsoft.CodeCoverage.Telemetry.dll
C:\Program Files\Microsoft Visual Studio\2022\Enterprise\Common7\IDE\Extensions\TestPlatform\Extensions\Microsoft.TestPlatform.Extensions.BlameDataCollector.dll
C:\Program Files\Microsoft Visual Studio\2022\Enterprise\Common7\IDE\Extensions\TestPlatform\Extensions\Microsoft.TestPlatform.Extensions.EventLogCollector.dll
C:\Program Files\Microsoft Visual Studio\2022\Enterprise\Common7\IDE\Extensions\TestPlatform\Extensions\Microsoft.TestPlatform.TestHostRuntimeProvider.dll
C:\Program Files\Microsoft Visual Studio\2022\Enterprise\Common7\IDE\Extensions\TestPlatform\Extensions\Microsoft.VisualStudio.ArchitectureTools.PEReader.dll
C:\Program Files\Microsoft Visual Studio\2022\Enterprise\Common7\IDE\Extensions\TestPlatform\Extensions\Microsoft.VisualStudio.Fakes.DataCollector.dll
C:\Program Files\Microsoft Visual Studio\2022\Enterprise\Common7\IDE\Extensions\TestPlatform\Extensions\Microsoft.VisualStudio.TestPlatform.Extensions.CodedWebTestAdapter.dll
C:\Program Files\Microsoft Visual Studio\2022\Enterprise\Common7\IDE\Extensions\TestPlatform\Extensions\Microsoft.VisualStudio.TestPlatform.Extensions.Html.TestLogger.dll
C:\Program Files\Microsoft Visual Studio\2022\Enterprise\Common7\IDE\Extensions\TestPlatform\Extensions\Microsoft.VisualStudio.TestPlatform.Extensions.TmiAdapter.dll
C:\Program Files\Microsoft Visual Studio\2022\Enterprise\Common7\IDE\Extensions\TestPlatform\Extensions\Microsoft.VisualStudio.TestPlatform.Extensions.Trx.TestLogger.dll
C:\Program Files\Microsoft Visual Studio\2022\Enterprise\Common7\IDE\Extensions\TestPlatform\Extensions\Microsoft.VisualStudio.TestPlatform.Extensions.VSTestIntegration.dll
C:\Program Files\Microsoft Visual Studio\2022\Enterprise\Common7\IDE\Extensions\TestPlatform\Extensions\Microsoft.VisualStudio.TestPlatform.Extensions.WebTestAdapter.dll
C:\Program Files\Microsoft Visual Studio\2022\Enterprise\Common7\IDE\Extensions\TestPlatform\Extensions\Microsoft.VisualStudio.TestTools.CppUnitTestFramework.ComInterfaces.dll
C:\Program Files\Microsoft Visual Studio\2022\Enterprise\Common7\IDE\Extensions\TestPlatform\Extensions\Microsoft.VisualStudio.TestTools.CppUnitTestFramework.CppUnitTestExtension.dll
C:\Program Files\Microsoft Visual Studio\2022\Enterprise\Common7\IDE\Extensions\TestPlatform\Extensions\Microsoft.VisualStudio.TestTools.DataCollection.MediaRecorder.Model.dll
C:\Program Files\Microsoft Visual Studio\2022\Enterprise\Common7\IDE\Extensions\TestPlatform\Extensions\Microsoft.VisualStudio.TestTools.DataCollection.VideoRecorderCollector.dll
C:\Program Files\Microsoft Visual Studio\2022\Enterprise\Common7\IDE\Extensions\TestPlatform\Extensions\Microsoft.VisualStudio.TraceDataCollector.dll
C:\Program Files\Microsoft Visual Studio\2022\Enterprise\Common7\IDE\Extensions\TestPlatform\Extensions\Mono.Cecil.dll
C:\Program Files\Microsoft Visual Studio\2022\Enterprise\Common7\IDE\Extensions\TestPlatform\Extensions\Mono.Cecil.Pdb.dll
C:\Program Files\Microsoft Visual Studio\2022\Enterprise\Common7\IDE\Extensions\TestPlatform\Extensions\Mono.Cecil.Rocks.dll
C:\Program Files\Microsoft Visual Studio\2022\Enterprise\Common7\IDE\Extensions\TestPlatform\Extensions\System.Runtime.CompilerServices.Unsafe.dll
TpTrace Verbose: 0 : 21236, 1, 2023/04/28, 11:37:38.501, 6677525804815, vstest.console.exe, TestPluginCache.GetExtensionPaths: Added unfilterableExtensionPaths: 
TpTrace Information: 0 : 21236, 1, 2023/04/28, 11:37:38.501, 6677525806587, vstest.console.exe, AssemblyResolver.AddSearchDirectories: Adding more searchDirectories C:\Program Files\Microsoft Visual Studio\2022\Enterprise\Common7\IDE\Extensions\TestPlatform\Extensions,C:\Program Files\Microsoft Visual Studio\2022\Enterprise\Common7\IDE\Extensions\TestPlatform,C:\Program Files\Microsoft Visual Studio\2022\Enterprise\Common7\IDE\PrivateAssemblies,C:\Program Files\Microsoft Visual Studio\2022\Enterprise\Common7\IDE\PublicAssemblies,C:\Program Files\Microsoft Visual Studio\2022\Enterprise\Common7\IDE\CommonExtensions\Microsoft\TestWindow,C:\Program Files\Microsoft Visual Studio\2022\Enterprise\Common7\IDE\CommonExtensions\Microsoft\TeamFoundation\Team Explorer,C:\Program Files\Microsoft Visual Studio\2022\Enterprise\Common7\IDE
TpTrace Verbose: 0 : 21236, 1, 2023/04/28, 11:37:38.501, 6677525806906, vstest.console.exe, TestPluginCache.DiscoverTestExtensions: Discovering the extensions using extension path.
TpTrace Verbose: 0 : 21236, 1, 2023/04/28, 11:37:38.501, 6677525807072, vstest.console.exe, TestPluginCache.GetExtensionPaths: Filtered extension paths: 
TpTrace Verbose: 0 : 21236, 1, 2023/04/28, 11:37:38.501, 6677525807407, vstest.console.exe, TestPluginCache.GetExtensionPaths: Added default extension paths: C:\Program Files\Microsoft Visual Studio\2022\Enterprise\Common7\IDE\Extensions\TestPlatform\Extensions\Microsoft.Cci.dll
C:\Program Files\Microsoft Visual Studio\2022\Enterprise\Common7\IDE\Extensions\TestPlatform\Extensions\Microsoft.CodeCoverage.Core.dll
C:\Program Files\Microsoft Visual Studio\2022\Enterprise\Common7\IDE\Extensions\TestPlatform\Extensions\Microsoft.CodeCoverage.Instrumentation.dll
C:\Program Files\Microsoft Visual Studio\2022\Enterprise\Common7\IDE\Extensions\TestPlatform\Extensions\Microsoft.CodeCoverage.Interprocess.dll
C:\Program Files\Microsoft Visual Studio\2022\Enterprise\Common7\IDE\Extensions\TestPlatform\Extensions\Microsoft.CodeCoverage.Telemetry.dll
C:\Program Files\Microsoft Visual Studio\2022\Enterprise\Common7\IDE\Extensions\TestPlatform\Extensions\Microsoft.TestPlatform.Extensions.BlameDataCollector.dll
C:\Program Files\Microsoft Visual Studio\2022\Enterprise\Common7\IDE\Extensions\TestPlatform\Extensions\Microsoft.TestPlatform.Extensions.EventLogCollector.dll
C:\Program Files\Microsoft Visual Studio\2022\Enterprise\Common7\IDE\Extensions\TestPlatform\Extensions\Microsoft.TestPlatform.TestHostRuntimeProvider.dll
C:\Program Files\Microsoft Visual Studio\2022\Enterprise\Common7\IDE\Extensions\TestPlatform\Extensions\Microsoft.VisualStudio.ArchitectureTools.PEReader.dll
C:\Program Files\Microsoft Visual Studio\2022\Enterprise\Common7\IDE\Extensions\TestPlatform\Extensions\Microsoft.VisualStudio.Fakes.DataCollector.dll
C:\Program Files\Microsoft Visual Studio\2022\Enterprise\Common7\IDE\Extensions\TestPlatform\Extensions\Microsoft.VisualStudio.TestPlatform.Extensions.CodedWebTestAdapter.dll
C:\Program Files\Microsoft Visual Studio\2022\Enterprise\Common7\IDE\Extensions\TestPlatform\Extensions\Microsoft.VisualStudio.TestPlatform.Extensions.Html.TestLogger.dll
C:\Program Files\Microsoft Visual Studio\2022\Enterprise\Common7\IDE\Extensions\TestPlatform\Extensions\Microsoft.VisualStudio.TestPlatform.Extensions.TmiAdapter.dll
C:\Program Files\Microsoft Visual Studio\2022\Enterprise\Common7\IDE\Extensions\TestPlatform\Extensions\Microsoft.VisualStudio.TestPlatform.Extensions.Trx.TestLogger.dll
C:\Program Files\Microsoft Visual Studio\2022\Enterprise\Common7\IDE\Extensions\TestPlatform\Extensions\Microsoft.VisualStudio.TestPlatform.Extensions.VSTestIntegration.dll
C:\Program Files\Microsoft Visual Studio\2022\Enterprise\Common7\IDE\Extensions\TestPlatform\Extensions\Microsoft.VisualStudio.TestPlatform.Extensions.WebTestAdapter.dll
C:\Program Files\Microsoft Visual Studio\2022\Enterprise\Common7\IDE\Extensions\TestPlatform\Extensions\Microsoft.VisualStudio.TestTools.CppUnitTestFramework.ComInterfaces.dll
C:\Program Files\Microsoft Visual Studio\2022\Enterprise\Common7\IDE\Extensions\TestPlatform\Extensions\Microsoft.VisualStudio.TestTools.CppUnitTestFramework.CppUnitTestExtension.dll
C:\Program Files\Microsoft Visual Studio\2022\Enterprise\Common7\IDE\Extensions\TestPlatform\Extensions\Microsoft.VisualStudio.TestTools.DataCollection.MediaRecorder.Model.dll
C:\Program Files\Microsoft Visual Studio\2022\Enterprise\Common7\IDE\Extensions\TestPlatform\Extensions\Microsoft.VisualStudio.TestTools.DataCollection.VideoRecorderCollector.dll
C:\Program Files\Microsoft Visual Studio\2022\Enterprise\Common7\IDE\Extensions\TestPlatform\Extensions\Microsoft.VisualStudio.TraceDataCollector.dll
C:\Program Files\Microsoft Visual Studio\2022\Enterprise\Common7\IDE\Extensions\TestPlatform\Extensions\Mono.Cecil.dll
C:\Program Files\Microsoft Visual Studio\2022\Enterprise\Common7\IDE\Extensions\TestPlatform\Extensions\Mono.Cecil.Pdb.dll
C:\Program Files\Microsoft Visual Studio\2022\Enterprise\Common7\IDE\Extensions\TestPlatform\Extensions\Mono.Cecil.Rocks.dll
C:\Program Files\Microsoft Visual Studio\2022\Enterprise\Common7\IDE\Extensions\TestPlatform\Extensions\System.Runtime.CompilerServices.Unsafe.dll
TpTrace Verbose: 0 : 21236, 1, 2023/04/28, 11:37:38.501, 6677525807800, vstest.console.exe, TestPluginCache.GetExtensionPaths: Added unfilterableExtensionPaths: 
TpTrace Verbose: 0 : 21236, 1, 2023/04/28, 11:37:38.501, 6677525808088, vstest.console.exe, TestPluginCache.DiscoverTestExtensions: Discovering the extensions using allExtensionPaths: C:\Program Files\Microsoft Visual Studio\2022\Enterprise\Common7\IDE\Extensions\TestPlatform\Extensions\Microsoft.Cci.dll
C:\Program Files\Microsoft Visual Studio\2022\Enterprise\Common7\IDE\Extensions\TestPlatform\Extensions\Microsoft.CodeCoverage.Core.dll
C:\Program Files\Microsoft Visual Studio\2022\Enterprise\Common7\IDE\Extensions\TestPlatform\Extensions\Microsoft.CodeCoverage.Instrumentation.dll
C:\Program Files\Microsoft Visual Studio\2022\Enterprise\Common7\IDE\Extensions\TestPlatform\Extensions\Microsoft.CodeCoverage.Interprocess.dll
C:\Program Files\Microsoft Visual Studio\2022\Enterprise\Common7\IDE\Extensions\TestPlatform\Extensions\Microsoft.CodeCoverage.Telemetry.dll
C:\Program Files\Microsoft Visual Studio\2022\Enterprise\Common7\IDE\Extensions\TestPlatform\Extensions\Microsoft.TestPlatform.Extensions.BlameDataCollector.dll
C:\Program Files\Microsoft Visual Studio\2022\Enterprise\Common7\IDE\Extensions\TestPlatform\Extensions\Microsoft.TestPlatform.Extensions.EventLogCollector.dll
C:\Program Files\Microsoft Visual Studio\2022\Enterprise\Common7\IDE\Extensions\TestPlatform\Extensions\Microsoft.TestPlatform.TestHostRuntimeProvider.dll
C:\Program Files\Microsoft Visual Studio\2022\Enterprise\Common7\IDE\Extensions\TestPlatform\Extensions\Microsoft.VisualStudio.ArchitectureTools.PEReader.dll
C:\Program Files\Microsoft Visual Studio\2022\Enterprise\Common7\IDE\Extensions\TestPlatform\Extensions\Microsoft.VisualStudio.Fakes.DataCollector.dll
C:\Program Files\Microsoft Visual Studio\2022\Enterprise\Common7\IDE\Extensions\TestPlatform\Extensions\Microsoft.VisualStudio.TestPlatform.Extensions.CodedWebTestAdapter.dll
C:\Program Files\Microsoft Visual Studio\2022\Enterprise\Common7\IDE\Extensions\TestPlatform\Extensions\Microsoft.VisualStudio.TestPlatform.Extensions.Html.TestLogger.dll
C:\Program Files\Microsoft Visual Studio\2022\Enterprise\Common7\IDE\Extensions\TestPlatform\Extensions\Microsoft.VisualStudio.TestPlatform.Extensions.TmiAdapter.dll
C:\Program Files\Microsoft Visual Studio\2022\Enterprise\Common7\IDE\Extensions\TestPlatform\Extensions\Microsoft.VisualStudio.TestPlatform.Extensions.Trx.TestLogger.dll
C:\Program Files\Microsoft Visual Studio\2022\Enterprise\Common7\IDE\Extensions\TestPlatform\Extensions\Microsoft.VisualStudio.TestPlatform.Extensions.VSTestIntegration.dll
C:\Program Files\Microsoft Visual Studio\2022\Enterprise\Common7\IDE\Extensions\TestPlatform\Extensions\Microsoft.VisualStudio.TestPlatform.Extensions.WebTestAdapter.dll
C:\Program Files\Microsoft Visual Studio\2022\Enterprise\Common7\IDE\Extensions\TestPlatform\Extensions\Microsoft.VisualStudio.TestTools.CppUnitTestFramework.ComInterfaces.dll
C:\Program Files\Microsoft Visual Studio\2022\Enterprise\Common7\IDE\Extensions\TestPlatform\Extensions\Microsoft.VisualStudio.TestTools.CppUnitTestFramework.CppUnitTestExtension.dll
C:\Program Files\Microsoft Visual Studio\2022\Enterprise\Common7\IDE\Extensions\TestPlatform\Extensions\Microsoft.VisualStudio.TestTools.DataCollection.MediaRecorder.Model.dll
C:\Program Files\Microsoft Visual Studio\2022\Enterprise\Common7\IDE\Extensions\TestPlatform\Extensions\Microsoft.VisualStudio.TestTools.DataCollection.VideoRecorderCollector.dll
C:\Program Files\Microsoft Visual Studio\2022\Enterprise\Common7\IDE\Extensions\TestPlatform\Extensions\Microsoft.VisualStudio.TraceDataCollector.dll
C:\Program Files\Microsoft Visual Studio\2022\Enterprise\Common7\IDE\Extensions\TestPlatform\Extensions\Mono.Cecil.dll
C:\Program Files\Microsoft Visual Studio\2022\Enterprise\Common7\IDE\Extensions\TestPlatform\Extensions\Mono.Cecil.Pdb.dll
C:\Program Files\Microsoft Visual Studio\2022\Enterprise\Common7\IDE\Extensions\TestPlatform\Extensions\Mono.Cecil.Rocks.dll
C:\Program Files\Microsoft Visual Studio\2022\Enterprise\Common7\IDE\Extensions\TestPlatform\Extensions\System.Runtime.CompilerServices.Unsafe.dll
TpTrace Information: 0 : 21236, 1, 2023/04/28, 11:37:38.501, 6677525808712, vstest.console.exe, AssemblyResolver.AddSearchDirectories: Adding more searchDirectories C:\Program Files\Microsoft Visual Studio\2022\Enterprise\Common7\IDE\Extensions\TestPlatform\Extensions,C:\Program Files\Microsoft Visual Studio\2022\Enterprise\Common7\IDE\Extensions\TestPlatform
TpTrace Information: 0 : 21236, 1, 2023/04/28, 11:37:38.501, 6677525808977, vstest.console.exe, AssemblyResolver.AddSearchDirectories: Adding more searchDirectories C:\Program Files\Microsoft Visual Studio\2022\Enterprise\Common7\IDE\Extensions\TestPlatform\Extensions,C:\Program Files\Microsoft Visual Studio\2022\Enterprise\Common7\IDE\Extensions\TestPlatform
TpTrace Information: 0 : 21236, 1, 2023/04/28, 11:37:38.501, 6677525809208, vstest.console.exe, AssemblyResolver.AddSearchDirectories: Adding more searchDirectories C:\Program Files\Microsoft Visual Studio\2022\Enterprise\Common7\IDE\Extensions\TestPlatform\Extensions,C:\Program Files\Microsoft Visual Studio\2022\Enterprise\Common7\IDE\Extensions\TestPlatform
TpTrace Information: 0 : 21236, 1, 2023/04/28, 11:37:38.501, 6677525809435, vstest.console.exe, AssemblyResolver.AddSearchDirectories: Adding more searchDirectories C:\Program Files\Microsoft Visual Studio\2022\Enterprise\Common7\IDE\Extensions\TestPlatform\Extensions,C:\Program Files\Microsoft Visual Studio\2022\Enterprise\Common7\IDE\Extensions\TestPlatform
TpTrace Information: 0 : 21236, 1, 2023/04/28, 11:37:38.501, 6677525809707, vstest.console.exe, AssemblyResolver.AddSearchDirectories: Adding more searchDirectories C:\Program Files\Microsoft Visual Studio\2022\Enterprise\Common7\IDE\Extensions\TestPlatform\Extensions,C:\Program Files\Microsoft Visual Studio\2022\Enterprise\Common7\IDE\Extensions\TestPlatform
TpTrace Information: 0 : 21236, 1, 2023/04/28, 11:37:38.501, 6677525809978, vstest.console.exe, AssemblyResolver.AddSearchDirectories: Adding more searchDirectories C:\Program Files\Microsoft Visual Studio\2022\Enterprise\Common7\IDE\Extensions\TestPlatform\Extensions,C:\Program Files\Microsoft Visual Studio\2022\Enterprise\Common7\IDE\Extensions\TestPlatform
TpTrace Information: 0 : 21236, 1, 2023/04/28, 11:37:38.501, 6677525810250, vstest.console.exe, AssemblyResolver.AddSearchDirectories: Adding more searchDirectories C:\Program Files\Microsoft Visual Studio\2022\Enterprise\Common7\IDE\Extensions\TestPlatform\Extensions,C:\Program Files\Microsoft Visual Studio\2022\Enterprise\Common7\IDE\Extensions\TestPlatform
TpTrace Information: 0 : 21236, 1, 2023/04/28, 11:37:38.501, 6677525810565, vstest.console.exe, AssemblyResolver.AddSearchDirectories: Adding more searchDirectories C:\Program Files\Microsoft Visual Studio\2022\Enterprise\Common7\IDE\Extensions\TestPlatform\Extensions,C:\Program Files\Microsoft Visual Studio\2022\Enterprise\Common7\IDE\Extensions\TestPlatform
TpTrace Information: 0 : 21236, 1, 2023/04/28, 11:37:38.501, 6677525810834, vstest.console.exe, AssemblyResolver.AddSearchDirectories: Adding more searchDirectories C:\Program Files\Microsoft Visual Studio\2022\Enterprise\Common7\IDE\Extensions\TestPlatform\Extensions,C:\Program Files\Microsoft Visual Studio\2022\Enterprise\Common7\IDE\Extensions\TestPlatform
TpTrace Information: 0 : 21236, 1, 2023/04/28, 11:37:38.501, 6677525811103, vstest.console.exe, AssemblyResolver.AddSearchDirectories: Adding more searchDirectories C:\Program Files\Microsoft Visual Studio\2022\Enterprise\Common7\IDE\Extensions\TestPlatform\Extensions,C:\Program Files\Microsoft Visual Studio\2022\Enterprise\Common7\IDE\Extensions\TestPlatform
TpTrace Information: 0 : 21236, 1, 2023/04/28, 11:37:38.502, 6677525811392, vstest.console.exe, AssemblyResolver.AddSearchDirectories: Adding more searchDirectories C:\Program Files\Microsoft Visual Studio\2022\Enterprise\Common7\IDE\Extensions\TestPlatform\Extensions,C:\Program Files\Microsoft Visual Studio\2022\Enterprise\Common7\IDE\Extensions\TestPlatform
TpTrace Information: 0 : 21236, 1, 2023/04/28, 11:37:38.502, 6677525811732, vstest.console.exe, AssemblyResolver.AddSearchDirectories: Adding more searchDirectories C:\Program Files\Microsoft Visual Studio\2022\Enterprise\Common7\IDE\Extensions\TestPlatform\Extensions,C:\Program Files\Microsoft Visual Studio\2022\Enterprise\Common7\IDE\Extensions\TestPlatform
TpTrace Information: 0 : 21236, 1, 2023/04/28, 11:37:38.502, 6677525812003, vstest.console.exe, AssemblyResolver.AddSearchDirectories: Adding more searchDirectories C:\Program Files\Microsoft Visual Studio\2022\Enterprise\Common7\IDE\Extensions\TestPlatform\Extensions,C:\Program Files\Microsoft Visual Studio\2022\Enterprise\Common7\IDE\Extensions\TestPlatform
TpTrace Information: 0 : 21236, 1, 2023/04/28, 11:37:38.502, 6677525812273, vstest.console.exe, AssemblyResolver.AddSearchDirectories: Adding more searchDirectories C:\Program Files\Microsoft Visual Studio\2022\Enterprise\Common7\IDE\Extensions\TestPlatform\Extensions,C:\Program Files\Microsoft Visual Studio\2022\Enterprise\Common7\IDE\Extensions\TestPlatform
TpTrace Information: 0 : 21236, 1, 2023/04/28, 11:37:38.502, 6677525812536, vstest.console.exe, AssemblyResolver.AddSearchDirectories: Adding more searchDirectories C:\Program Files\Microsoft Visual Studio\2022\Enterprise\Common7\IDE\Extensions\TestPlatform\Extensions,C:\Program Files\Microsoft Visual Studio\2022\Enterprise\Common7\IDE\Extensions\TestPlatform
TpTrace Information: 0 : 21236, 1, 2023/04/28, 11:37:38.502, 6677525812816, vstest.console.exe, AssemblyResolver.AddSearchDirectories: Adding more searchDirectories C:\Program Files\Microsoft Visual Studio\2022\Enterprise\Common7\IDE\Extensions\TestPlatform\Extensions,C:\Program Files\Microsoft Visual Studio\2022\Enterprise\Common7\IDE\Extensions\TestPlatform
TpTrace Information: 0 : 21236, 1, 2023/04/28, 11:37:38.502, 6677525813083, vstest.console.exe, AssemblyResolver.AddSearchDirectories: Adding more searchDirectories C:\Program Files\Microsoft Visual Studio\2022\Enterprise\Common7\IDE\Extensions\TestPlatform\Extensions,C:\Program Files\Microsoft Visual Studio\2022\Enterprise\Common7\IDE\Extensions\TestPlatform
TpTrace Information: 0 : 21236, 1, 2023/04/28, 11:37:38.502, 6677525813353, vstest.console.exe, AssemblyResolver.AddSearchDirectories: Adding more searchDirectories C:\Program Files\Microsoft Visual Studio\2022\Enterprise\Common7\IDE\Extensions\TestPlatform\Extensions,C:\Program Files\Microsoft Visual Studio\2022\Enterprise\Common7\IDE\Extensions\TestPlatform
TpTrace Information: 0 : 21236, 1, 2023/04/28, 11:37:38.502, 6677525813628, vstest.console.exe, AssemblyResolver.AddSearchDirectories: Adding more searchDirectories C:\Program Files\Microsoft Visual Studio\2022\Enterprise\Common7\IDE\Extensions\TestPlatform\Extensions,C:\Program Files\Microsoft Visual Studio\2022\Enterprise\Common7\IDE\Extensions\TestPlatform
TpTrace Information: 0 : 21236, 1, 2023/04/28, 11:37:38.502, 6677525813899, vstest.console.exe, AssemblyResolver.AddSearchDirectories: Adding more searchDirectories C:\Program Files\Microsoft Visual Studio\2022\Enterprise\Common7\IDE\Extensions\TestPlatform\Extensions,C:\Program Files\Microsoft Visual Studio\2022\Enterprise\Common7\IDE\Extensions\TestPlatform
TpTrace Information: 0 : 21236, 1, 2023/04/28, 11:37:38.502, 6677525814190, vstest.console.exe, AssemblyResolver.AddSearchDirectories: Adding more searchDirectories C:\Program Files\Microsoft Visual Studio\2022\Enterprise\Common7\IDE\Extensions\TestPlatform\Extensions,C:\Program Files\Microsoft Visual Studio\2022\Enterprise\Common7\IDE\Extensions\TestPlatform
TpTrace Information: 0 : 21236, 1, 2023/04/28, 11:37:38.502, 6677525814409, vstest.console.exe, AssemblyResolver.AddSearchDirectories: Adding more searchDirectories C:\Program Files\Microsoft Visual Studio\2022\Enterprise\Common7\IDE\Extensions\TestPlatform\Extensions,C:\Program Files\Microsoft Visual Studio\2022\Enterprise\Common7\IDE\Extensions\TestPlatform
TpTrace Information: 0 : 21236, 1, 2023/04/28, 11:37:38.502, 6677525814632, vstest.console.exe, AssemblyResolver.AddSearchDirectories: Adding more searchDirectories C:\Program Files\Microsoft Visual Studio\2022\Enterprise\Common7\IDE\Extensions\TestPlatform\Extensions,C:\Program Files\Microsoft Visual Studio\2022\Enterprise\Common7\IDE\Extensions\TestPlatform
TpTrace Information: 0 : 21236, 1, 2023/04/28, 11:37:38.502, 6677525814853, vstest.console.exe, AssemblyResolver.AddSearchDirectories: Adding more searchDirectories C:\Program Files\Microsoft Visual Studio\2022\Enterprise\Common7\IDE\Extensions\TestPlatform\Extensions,C:\Program Files\Microsoft Visual Studio\2022\Enterprise\Common7\IDE\Extensions\TestPlatform
TpTrace Information: 0 : 21236, 1, 2023/04/28, 11:37:38.502, 6677525815094, vstest.console.exe, AssemblyResolver.AddSearchDirectories: Adding more searchDirectories C:\Program Files\Microsoft Visual Studio\2022\Enterprise\Common7\IDE\Extensions\TestPlatform\Extensions,C:\Program Files\Microsoft Visual Studio\2022\Enterprise\Common7\IDE\Extensions\TestPlatform
TpTrace Verbose: 0 : 21236, 1, 2023/04/28, 11:37:38.502, 6677525815847, vstest.console.exe, MetadataReaderExtensionsHelper: Discovering extensions inside assembly 'Microsoft.Cci, Version=4.0.0.0, Culture=neutral, PublicKeyToken=b03f5f7f11d50a3a' file path 'C:\Program Files\Microsoft Visual Studio\2022\Enterprise\Common7\IDE\Extensions\TestPlatform\Extensions\Microsoft.Cci.dll'
TpTrace Verbose: 0 : 21236, 1, 2023/04/28, 11:37:38.503, 6677525824447, vstest.console.exe, MetadataReaderExtensionsHelper: Discovering extensions inside assembly 'Microsoft.CodeCoverage.Core, Version=17.5.5.0, Culture=neutral, PublicKeyToken=b03f5f7f11d50a3a' file path 'C:\Program Files\Microsoft Visual Studio\2022\Enterprise\Common7\IDE\Extensions\TestPlatform\Extensions\Microsoft.CodeCoverage.Core.dll'
TpTrace Verbose: 0 : 21236, 1, 2023/04/28, 11:37:38.503, 6677525829898, vstest.console.exe, MetadataReaderExtensionsHelper: Discovering extensions inside assembly 'Microsoft.CodeCoverage.Instrumentation, Version=17.5.5.0, Culture=neutral, PublicKeyToken=b03f5f7f11d50a3a' file path 'C:\Program Files\Microsoft Visual Studio\2022\Enterprise\Common7\IDE\Extensions\TestPlatform\Extensions\Microsoft.CodeCoverage.Instrumentation.dll'
TpTrace Verbose: 0 : 21236, 1, 2023/04/28, 11:37:38.504, 6677525834749, vstest.console.exe, MetadataReaderExtensionsHelper: Discovering extensions inside assembly 'Microsoft.CodeCoverage.Interprocess, Version=17.5.5.0, Culture=neutral, PublicKeyToken=b03f5f7f11d50a3a' file path 'C:\Program Files\Microsoft Visual Studio\2022\Enterprise\Common7\IDE\Extensions\TestPlatform\Extensions\Microsoft.CodeCoverage.Interprocess.dll'
TpTrace Verbose: 0 : 21236, 1, 2023/04/28, 11:37:38.504, 6677525839731, vstest.console.exe, MetadataReaderExtensionsHelper: Discovering extensions inside assembly 'Microsoft.CodeCoverage.Telemetry, Version=17.5.5.0, Culture=neutral, PublicKeyToken=b03f5f7f11d50a3a' file path 'C:\Program Files\Microsoft Visual Studio\2022\Enterprise\Common7\IDE\Extensions\TestPlatform\Extensions\Microsoft.CodeCoverage.Telemetry.dll'
TpTrace Verbose: 0 : 21236, 1, 2023/04/28, 11:37:38.505, 6677525844216, vstest.console.exe, MetadataReaderExtensionsHelper: Discovering extensions inside assembly 'Microsoft.TestPlatform.Extensions.BlameDataCollector, Version=15.0.0.0, Culture=neutral, PublicKeyToken=b03f5f7f11d50a3a' file path 'C:\Program Files\Microsoft Visual Studio\2022\Enterprise\Common7\IDE\Extensions\TestPlatform\Extensions\Microsoft.TestPlatform.Extensions.BlameDataCollector.dll'
TpTrace Information: 0 : 21236, 1, 2023/04/28, 11:37:38.506, 6677525853581, vstest.console.exe, GetTestExtensionFromType: Register extension with identifier data 'logger://Microsoft/TestPlatform/Extensions/Blame/v1' and type 'Microsoft.TestPlatform.Extensions.BlameDataCollector.BlameLogger, Microsoft.TestPlatform.Extensions.BlameDataCollector, Version=15.0.0.0, Culture=neutral, PublicKeyToken=b03f5f7f11d50a3a' inside file 'C:\Program Files\Microsoft Visual Studio\2022\Enterprise\Common7\IDE\Extensions\TestPlatform\Extensions\Microsoft.TestPlatform.Extensions.BlameDataCollector.dll'
TpTrace Verbose: 0 : 21236, 1, 2023/04/28, 11:37:38.506, 6677525854232, vstest.console.exe, MetadataReaderExtensionsHelper: Discovering extensions inside assembly 'Microsoft.TestPlatform.Extensions.EventLogCollector, Version=15.0.0.0, Culture=neutral, PublicKeyToken=b03f5f7f11d50a3a' file path 'C:\Program Files\Microsoft Visual Studio\2022\Enterprise\Common7\IDE\Extensions\TestPlatform\Extensions\Microsoft.TestPlatform.Extensions.EventLogCollector.dll'
TpTrace Verbose: 0 : 21236, 1, 2023/04/28, 11:37:38.506, 6677525858217, vstest.console.exe, MetadataReaderExtensionsHelper: Discovering extensions inside assembly 'Microsoft.TestPlatform.TestHostRuntimeProvider, Version=15.0.0.0, Culture=neutral, PublicKeyToken=b03f5f7f11d50a3a' file path 'C:\Program Files\Microsoft Visual Studio\2022\Enterprise\Common7\IDE\Extensions\TestPlatform\Extensions\Microsoft.TestPlatform.TestHostRuntimeProvider.dll'
TpTrace Verbose: 0 : 21236, 1, 2023/04/28, 11:37:38.507, 6677525862200, vstest.console.exe, MetadataReaderExtensionsHelper: Discovering extensions inside assembly 'Microsoft.VisualStudio.ArchitectureTools.PEReader, Version=17.0.0.0, Culture=neutral, PublicKeyToken=b03f5f7f11d50a3a' file path 'C:\Program Files\Microsoft Visual Studio\2022\Enterprise\Common7\IDE\Extensions\TestPlatform\Extensions\Microsoft.VisualStudio.ArchitectureTools.PEReader.dll'
TpTrace Verbose: 0 : 21236, 1, 2023/04/28, 11:37:38.507, 6677525870017, vstest.console.exe, MetadataReaderExtensionsHelper: Discovering extensions inside assembly 'Microsoft.VisualStudio.Fakes.DataCollector, Version=17.0.0.0, Culture=neutral, PublicKeyToken=b03f5f7f11d50a3a' file path 'C:\Program Files\Microsoft Visual Studio\2022\Enterprise\Common7\IDE\Extensions\TestPlatform\Extensions\Microsoft.VisualStudio.Fakes.DataCollector.dll'
TpTrace Verbose: 0 : 21236, 1, 2023/04/28, 11:37:38.508, 6677525875505, vstest.console.exe, MetadataReaderExtensionsHelper: Discovering extensions inside assembly 'Microsoft.VisualStudio.TestPlatform.Extensions.CodedWebTestAdapter, Version=17.0.0.0, Culture=neutral, PublicKeyToken=b03f5f7f11d50a3a' file path 'C:\Program Files\Microsoft Visual Studio\2022\Enterprise\Common7\IDE\Extensions\TestPlatform\Extensions\Microsoft.VisualStudio.TestPlatform.Extensions.CodedWebTestAdapter.dll'
TpTrace Verbose: 0 : 21236, 1, 2023/04/28, 11:37:38.508, 6677525879905, vstest.console.exe, MetadataReaderExtensionsHelper: Discovering extensions inside assembly 'Microsoft.VisualStudio.TestPlatform.Extensions.Html.TestLogger, Version=15.0.0.0, Culture=neutral, PublicKeyToken=b03f5f7f11d50a3a' file path 'C:\Program Files\Microsoft Visual Studio\2022\Enterprise\Common7\IDE\Extensions\TestPlatform\Extensions\Microsoft.VisualStudio.TestPlatform.Extensions.Html.TestLogger.dll'
TpTrace Information: 0 : 21236, 1, 2023/04/28, 11:37:38.509, 6677525884951, vstest.console.exe, GetTestExtensionFromType: Register extension with identifier data 'logger://Microsoft/TestPlatform/HtmlLogger/v1' and type 'Microsoft.VisualStudio.TestPlatform.Extensions.HtmlLogger.HtmlLogger, Microsoft.VisualStudio.TestPlatform.Extensions.Html.TestLogger, Version=15.0.0.0, Culture=neutral, PublicKeyToken=b03f5f7f11d50a3a' inside file 'C:\Program Files\Microsoft Visual Studio\2022\Enterprise\Common7\IDE\Extensions\TestPlatform\Extensions\Microsoft.VisualStudio.TestPlatform.Extensions.Html.TestLogger.dll'
TpTrace Verbose: 0 : 21236, 1, 2023/04/28, 11:37:38.509, 6677525885576, vstest.console.exe, MetadataReaderExtensionsHelper: Discovering extensions inside assembly 'Microsoft.VisualStudio.TestPlatform.Extensions.TmiAdapter, Version=17.0.0.0, Culture=neutral, PublicKeyToken=b03f5f7f11d50a3a' file path 'C:\Program Files\Microsoft Visual Studio\2022\Enterprise\Common7\IDE\Extensions\TestPlatform\Extensions\Microsoft.VisualStudio.TestPlatform.Extensions.TmiAdapter.dll'
TpTrace Verbose: 0 : 21236, 1, 2023/04/28, 11:37:38.509, 6677525889860, vstest.console.exe, MetadataReaderExtensionsHelper: Discovering extensions inside assembly 'Microsoft.VisualStudio.TestPlatform.Extensions.Trx.TestLogger, Version=15.0.0.0, Culture=neutral, PublicKeyToken=b03f5f7f11d50a3a' file path 'C:\Program Files\Microsoft Visual Studio\2022\Enterprise\Common7\IDE\Extensions\TestPlatform\Extensions\Microsoft.VisualStudio.TestPlatform.Extensions.Trx.TestLogger.dll'
TpTrace Information: 0 : 21236, 1, 2023/04/28, 11:37:38.510, 6677525894490, vstest.console.exe, GetTestExtensionFromType: Register extension with identifier data 'logger://Microsoft/TestPlatform/TrxLogger/v1' and type 'Microsoft.VisualStudio.TestPlatform.Extensions.TrxLogger.TrxLogger, Microsoft.VisualStudio.TestPlatform.Extensions.Trx.TestLogger, Version=15.0.0.0, Culture=neutral, PublicKeyToken=b03f5f7f11d50a3a' inside file 'C:\Program Files\Microsoft Visual Studio\2022\Enterprise\Common7\IDE\Extensions\TestPlatform\Extensions\Microsoft.VisualStudio.TestPlatform.Extensions.Trx.TestLogger.dll'
TpTrace Verbose: 0 : 21236, 1, 2023/04/28, 11:37:38.510, 6677525895082, vstest.console.exe, MetadataReaderExtensionsHelper: Discovering extensions inside assembly 'Microsoft.VisualStudio.TestPlatform.Extensions.VSTestIntegration, Version=17.0.0.0, Culture=neutral, PublicKeyToken=b03f5f7f11d50a3a' file path 'C:\Program Files\Microsoft Visual Studio\2022\Enterprise\Common7\IDE\Extensions\TestPlatform\Extensions\Microsoft.VisualStudio.TestPlatform.Extensions.VSTestIntegration.dll'
TpTrace Verbose: 0 : 21236, 1, 2023/04/28, 11:37:38.510, 6677525899634, vstest.console.exe, MetadataReaderExtensionsHelper: Discovering extensions inside assembly 'Microsoft.VisualStudio.TestPlatform.Extensions.WebTestAdapter, Version=17.0.0.0, Culture=neutral, PublicKeyToken=b03f5f7f11d50a3a' file path 'C:\Program Files\Microsoft Visual Studio\2022\Enterprise\Common7\IDE\Extensions\TestPlatform\Extensions\Microsoft.VisualStudio.TestPlatform.Extensions.WebTestAdapter.dll'
TpTrace Verbose: 0 : 21236, 1, 2023/04/28, 11:37:38.511, 6677525903764, vstest.console.exe, MetadataReaderExtensionsHelper: Discovering extensions inside assembly 'Microsoft.VisualStudio.TestTools.CppUnitTestFramework.ComInterfaces, Version=17.0.0.0, Culture=neutral, PublicKeyToken=b03f5f7f11d50a3a' file path 'C:\Program Files\Microsoft Visual Studio\2022\Enterprise\Common7\IDE\Extensions\TestPlatform\Extensions\Microsoft.VisualStudio.TestTools.CppUnitTestFramework.ComInterfaces.dll'
TpTrace Verbose: 0 : 21236, 1, 2023/04/28, 11:37:38.511, 6677525907681, vstest.console.exe, MetadataReaderExtensionsHelper: Discovering extensions inside assembly 'Microsoft.VisualStudio.TestTools.CppUnitTestFramework.CppUnitTestExtension, Version=17.0.0.0, Culture=neutral, PublicKeyToken=b03f5f7f11d50a3a' file path 'C:\Program Files\Microsoft Visual Studio\2022\Enterprise\Common7\IDE\Extensions\TestPlatform\Extensions\Microsoft.VisualStudio.TestTools.CppUnitTestFramework.CppUnitTestExtension.dll'
TpTrace Verbose: 0 : 21236, 1, 2023/04/28, 11:37:38.512, 6677525912461, vstest.console.exe, MetadataReaderExtensionsHelper: Discovering extensions inside assembly 'Microsoft.VisualStudio.TestTools.DataCollection.MediaRecorder.Model, Version=4.0.0.0, Culture=neutral, PublicKeyToken=b03f5f7f11d50a3a' file path 'C:\Program Files\Microsoft Visual Studio\2022\Enterprise\Common7\IDE\Extensions\TestPlatform\Extensions\Microsoft.VisualStudio.TestTools.DataCollection.MediaRecorder.Model.dll'
TpTrace Verbose: 0 : 21236, 1, 2023/04/28, 11:37:38.512, 6677525916401, vstest.console.exe, MetadataReaderExtensionsHelper: Discovering extensions inside assembly 'Microsoft.VisualStudio.TestTools.DataCollection.VideoRecorderCollector, Version=17.0.0.0, Culture=neutral, PublicKeyToken=b03f5f7f11d50a3a' file path 'C:\Program Files\Microsoft Visual Studio\2022\Enterprise\Common7\IDE\Extensions\TestPlatform\Extensions\Microsoft.VisualStudio.TestTools.DataCollection.VideoRecorderCollector.dll'
TpTrace Verbose: 0 : 21236, 1, 2023/04/28, 11:37:38.513, 6677525921642, vstest.console.exe, MetadataReaderExtensionsHelper: Discovering extensions inside assembly 'Microsoft.VisualStudio.TraceDataCollector, Version=16.0.0.0, Culture=neutral, PublicKeyToken=b03f5f7f11d50a3a' file path 'C:\Program Files\Microsoft Visual Studio\2022\Enterprise\Common7\IDE\Extensions\TestPlatform\Extensions\Microsoft.VisualStudio.TraceDataCollector.dll'
TpTrace Verbose: 0 : 21236, 1, 2023/04/28, 11:37:38.513, 6677525925062, vstest.console.exe, MetadataReaderExtensionsHelper: Valid extension found: extension type 'DataCollector' identifier 'datacollector://Microsoft/CodeCoverage/2.0' implementation 'Microsoft.VisualStudio.Coverage.DynamicCoverageDataCollector' version '1'
TpTrace Verbose: 0 : 21236, 1, 2023/04/28, 11:37:38.513, 6677525925365, vstest.console.exe, MetadataReaderExtensionsHelper: Valid extension found: extension type 'DataCollector' identifier 'datacollector://Microsoft/CodeCoverage/2.0' implementation 'Microsoft.VisualStudio.Coverage.DynamicCoverageDataCollectorWithAttachmentProcessor' version '2'
TpTrace Verbose: 0 : 21236, 1, 2023/04/28, 11:37:38.513, 6677525925602, vstest.console.exe, MetadataReaderExtensionsHelper: Valid extension found: extension type 'DataCollector' identifier 'datacollector://microsoft/unittestisolation/1.0' implementation 'Microsoft.VisualStudio.TraceCollector.UnitTestIsolationDataCollector' version '1'
TpTrace Verbose: 0 : 21236, 1, 2023/04/28, 11:37:38.513, 6677525925848, vstest.console.exe, MetadataReaderExtensionsHelper: Valid extension found: extension type 'DataCollector' identifier 'datacollector://Microsoft/TestImpact/1.0' implementation 'Microsoft.VisualStudio.TraceCollector.TestImpactDataCollector' version '1'
TpTrace Verbose: 0 : 21236, 1, 2023/04/28, 11:37:38.513, 6677525926871, vstest.console.exe, MetadataReaderExtensionsHelper: Discovering extensions inside assembly 'Mono.Cecil, Version=0.11.4.0, Culture=neutral, PublicKeyToken=50cebf1cceb9d05e' file path 'C:\Program Files\Microsoft Visual Studio\2022\Enterprise\Common7\IDE\Extensions\TestPlatform\Extensions\Mono.Cecil.dll'
TpTrace Verbose: 0 : 21236, 1, 2023/04/28, 11:37:38.514, 6677525932141, vstest.console.exe, MetadataReaderExtensionsHelper: Discovering extensions inside assembly 'Mono.Cecil.Pdb, Version=0.11.4.0, Culture=neutral, PublicKeyToken=50cebf1cceb9d05e' file path 'C:\Program Files\Microsoft Visual Studio\2022\Enterprise\Common7\IDE\Extensions\TestPlatform\Extensions\Mono.Cecil.Pdb.dll'
TpTrace Verbose: 0 : 21236, 1, 2023/04/28, 11:37:38.514, 6677525937135, vstest.console.exe, MetadataReaderExtensionsHelper: Discovering extensions inside assembly 'Mono.Cecil.Rocks, Version=0.11.4.0, Culture=neutral, PublicKeyToken=50cebf1cceb9d05e' file path 'C:\Program Files\Microsoft Visual Studio\2022\Enterprise\Common7\IDE\Extensions\TestPlatform\Extensions\Mono.Cecil.Rocks.dll'
TpTrace Verbose: 0 : 21236, 1, 2023/04/28, 11:37:38.514, 6677525940997, vstest.console.exe, MetadataReaderExtensionsHelper: Discovering extensions inside assembly 'System.Runtime.CompilerServices.Unsafe, Version=4.0.4.1, Culture=neutral, PublicKeyToken=b03f5f7f11d50a3a' file path 'C:\Program Files\Microsoft Visual Studio\2022\Enterprise\Common7\IDE\Extensions\TestPlatform\Extensions\System.Runtime.CompilerServices.Unsafe.dll'
TpTrace Verbose: 0 : 21236, 1, 2023/04/28, 11:37:38.515, 6677525946988, vstest.console.exe, TestPluginCache: Discovered the extensions using extension path ''.
TpTrace Verbose: 0 : 21236, 1, 2023/04/28, 11:37:38.515, 6677525947280, vstest.console.exe, TestPluginCache: Discoverers are ''.
TpTrace Verbose: 0 : 21236, 1, 2023/04/28, 11:37:38.515, 6677525947452, vstest.console.exe, TestPluginCache: Executors are ''.
TpTrace Verbose: 0 : 21236, 1, 2023/04/28, 11:37:38.515, 6677525947585, vstest.console.exe, TestPluginCache: Executors2 are ''.
TpTrace Verbose: 0 : 21236, 1, 2023/04/28, 11:37:38.515, 6677525947740, vstest.console.exe, TestPluginCache: Setting providers are ''.
TpTrace Verbose: 0 : 21236, 1, 2023/04/28, 11:37:38.515, 6677525947946, vstest.console.exe, TestPluginCache: Loggers are 'logger://Microsoft/TestPlatform/Extensions/Blame/v1,logger://Microsoft/TestPlatform/HtmlLogger/v1,logger://Microsoft/TestPlatform/TrxLogger/v1'.
TpTrace Verbose: 0 : 21236, 1, 2023/04/28, 11:37:38.515, 6677525948126, vstest.console.exe, TestPluginCache: TestHosts are 'HostProvider://DefaultTestHost,HostProvider://DotnetTestHost'.
TpTrace Verbose: 0 : 21236, 1, 2023/04/28, 11:37:38.515, 6677525948262, vstest.console.exe, TestPluginCache: DataCollectors are ''.
TpTrace Information: 0 : 21236, 1, 2023/04/28, 11:37:38.518, 6677525974391, vstest.console.exe, TestPluginManager.CreateTestExtension: Attempting to load test extension: Microsoft.VisualStudio.TestPlatform.Extensions.TrxLogger.TrxLogger
TpTrace Verbose: 0 : 21236, 1, 2023/04/28, 11:37:38.533, 6677526123752, vstest.console.exe, TestEngine: Initializing Parallel Execution as MaxCpuCount is set to: 1
TpTrace Information: 0 : 21236, 1, 2023/04/28, 11:37:38.536, 6677526153387, vstest.console.exe, TestPluginManager.CreateTestExtension: Attempting to load test extension: Microsoft.VisualStudio.TestPlatform.CrossPlatEngine.Hosting.DefaultTestHostManager
TpTrace Information: 0 : 21236, 1, 2023/04/28, 11:37:38.537, 6677526165348, vstest.console.exe, TestPluginManager.CreateTestExtension: Attempting to load test extension: Microsoft.VisualStudio.TestPlatform.CrossPlatEngine.Hosting.DotnetTestHostManager
TpTrace Verbose: 0 : 21236, 1, 2023/04/28, 11:37:38.543, 6677526230892, vstest.console.exe, TestEngine.GetExecutionManager: Chosen execution manager 'Microsoft.VisualStudio.TestPlatform.CrossPlatEngine.Client.Parallel.ParallelProxyExecutionManager, Microsoft.TestPlatform.CrossPlatEngine, Version=15.0.0.0, Culture=neutral, PublicKeyToken=b03f5f7f11d50a3a' ParallelLevel '1'.
TpTrace Verbose: 0 : 21236, 1, 2023/04/28, 11:37:38.544, 6677526233518, vstest.console.exe, TestRunRequest.ExecuteAsync: Creating test run request.
TpTrace Verbose: 0 : 21236, 1, 2023/04/28, 11:37:38.545, 6677526248689, vstest.console.exe, TestRunRequest.ExecuteAsync: Starting.
TpTrace Information: 0 : 21236, 1, 2023/04/28, 11:37:38.546, 6677526254450, vstest.console.exe, TestRunRequest.ExecuteAsync: Starting run with settings:TestRunCriteria:
   KeepAlive=False,FrequencyOfRunStatsChangeEvent=10,RunStatsChangeEventTimeout=00:00:01.5000000,TestCaseFilter=,TestExecutorLauncher=
   Settingsxml=<RunSettings>
  <MSTest>
    <MapInconclusiveToFailed>True</MapInconclusiveToFailed>
    <CaptureTraceOutput>False</CaptureTraceOutput>
    <DeleteDeploymentDirectoryAfterTestRunIsComplete>False</DeleteDeploymentDirectoryAfterTestRunIsComplete>
    <DeploymentEnabled>True</DeploymentEnabled>
    <AssemblyResolution>
      <Directory path="..\..\" includeSubDirectories="true" />
    </AssemblyResolution>
  </MSTest>
  <RunSettingsDirectory>C:\MyDev\Sources</RunSettingsDirectory>
  <RunConfiguration>
    <ResultsDirectory>C:\MyDev\Sources\TestResults</ResultsDirectory>
    <TargetPlatform>X64</TargetPlatform>
    <TargetFrameworkVersion>.NETCoreApp,Version=v6.0</TargetFrameworkVersion>
    <DesignMode>False</DesignMode>
    <CollectSourceInformation>False</CollectSourceInformation>
  </RunConfiguration>
  <LoggerRunSettings>
    <Loggers>
      <Logger friendlyName="trx" enabled="True">
        <Configuration>
          <LoggerFileName>C:\MyDev\Sources\trx6.log</LoggerFileName>
        </Configuration>
      </Logger>
      <Logger friendlyName="Console" uri="logger://microsoft/TestPlatform/ConsoleLogger/v1" assemblyQualifiedName="Microsoft.VisualStudio.TestPlatform.CommandLine.Internal.ConsoleLogger, vstest.console, Version=15.0.0.0, Culture=neutral, PublicKeyToken=b03f5f7f11d50a3a" codeBase="C:\Program Files\Microsoft Visual Studio\2022\Enterprise\Common7\IDE\Extensions\TestPlatform\vstest.console.exe" enabled="True" />
    </Loggers>
  </LoggerRunSettings>
</RunSettings>

TpTrace Verbose: 0 : 21236, 1, 2023/04/28, 11:37:38.546, 6677526254910, vstest.console.exe, TestRunRequest.ExecuteAsync: Wait for the first run request is over.
TpTrace Verbose: 0 : 21236, 1, 2023/04/28, 11:37:38.547, 6677526268454, vstest.console.exe, MulticastDelegateUtilities.SafeInvoke: TestRun.TestRunStart: Invoking callbacks was skipped because there are no subscribers.
TpTrace Verbose: 0 : 21236, 4, 2023/04/28, 11:37:38.549, 6677526282082, vstest.console.exe, MulticastDelegateUtilities.SafeInvoke: InternalTestLoggerEvents.SendTestRunStart: Invoking callback 1/1 for Microsoft.VisualStudio.TestPlatform.CommandLine.Internal.ConsoleLogger., took 0 ms.
TpTrace Verbose: 0 : 21236, 1, 2023/04/28, 11:37:38.552, 6677526321352, vstest.console.exe, ParallelProxyExecutionManager: Start execution. Total sources: 1
TpTrace Verbose: 0 : 21236, 1, 2023/04/28, 11:37:38.559, 6677526382322, vstest.console.exe, TestRequestSender is acting as server.
TpTrace Verbose: 0 : 21236, 1, 2023/04/28, 11:37:38.560, 6677526394806, vstest.console.exe, ProxyParallelExecutionManager: No sources available for execution.
TpTrace Information: 0 : 21236, 1, 2023/04/28, 11:37:38.560, 6677526395198, vstest.console.exe, TestRunRequest.ExecuteAsync: Started.
TpTrace Verbose: 0 : 21236, 1, 2023/04/28, 11:37:38.560, 6677526397513, vstest.console.exe, TestRunRequest.WaitForCompletion: Waiting with timeout -1.
TpTrace Verbose: 0 : 21236, 5, 2023/04/28, 11:37:38.560, 6677526398304, vstest.console.exe, ParallelProxyExecutionManager: Execution started. Started clients: 1
TpTrace Verbose: 0 : 21236, 5, 2023/04/28, 11:37:38.562, 6677526415860, vstest.console.exe, ProxyExecutionManager: Test host is always Lazy initialize.
TpTrace Verbose: 0 : 21236, 5, 2023/04/28, 11:37:38.564, 6677526438860, vstest.console.exe, TestRequestSender.InitializeCommunication: initialize communication. 
TpTrace Information: 0 : 21236, 5, 2023/04/28, 11:37:38.567, 6677526470084, vstest.console.exe, SocketServer.Start: Listening on endpoint : 127.0.0.1:52813
TpTrace Verbose: 0 : 21236, 5, 2023/04/28, 11:37:38.573, 6677526529835, vstest.console.exe, DotnetTestHostmanager.GetTestHostProcessStartInfo: Platform environment 'X64' target architecture 'X64' framework '.NETCoreApp,Version=v6.0' OS 'Windows'
TpTrace Verbose: 0 : 21236, 5, 2023/04/28, 11:37:38.573, 6677526530993, vstest.console.exe, DotnetTestHostmanager: Adding  --runtimeconfig "C:\MyDev\Sources\unittest\net6.0\DemoUnitTestProject.runtimeconfig.json" in args
TpTrace Verbose: 0 : 21236, 5, 2023/04/28, 11:37:38.573, 6677526531504, vstest.console.exe, DotnetTestHostmanager: Adding  --depsfile "C:\MyDev\Sources\unittest\net6.0\DemoUnitTestProject.deps.json" in args
TpTrace Verbose: 0 : 21236, 5, 2023/04/28, 11:37:38.574, 6677526535514, vstest.console.exe, DotnetTestHostmanager.IsWinOnArm: Current PROCESSOR_ARCHITECTURE from environment variable 'AMD64'
TpTrace Verbose: 0 : 21236, 5, 2023/04/28, 11:37:38.574, 6677526536033, vstest.console.exe, DotnetTestHostmanager.IsWinOnArm: Is Windows on ARM 'False'
TpTrace Verbose: 0 : 21236, 5, 2023/04/28, 11:37:38.574, 6677526536689, vstest.console.exe, DotnetTestHostManager: testhost.exe found at path: C:\MyDev\Sources\unittest\net6.0\testhost.exe
TpTrace Verbose: 0 : 21236, 5, 2023/04/28, 11:37:38.574, 6677526536877, vstest.console.exe, DotnetTestHostmanager: Full path of host exe is C:\MyDev\Sources\unittest\net6.0\testhost.exe
TpTrace Verbose: 0 : 21236, 5, 2023/04/28, 11:37:38.574, 6677526540877, vstest.console.exe, DotnetTestHostmanager.LaunchTestHostAsync: Prefix 'VSTEST_WINAPPHOST_*' not found in env variables
TpTrace Verbose: 0 : 21236, 5, 2023/04/28, 11:37:38.576, 6677526553729, vstest.console.exe, DotnetTestHostManager: Starting process 'C:\MyDev\Sources\unittest\net6.0\testhost.exe' with command line ' --runtimeconfig "C:\MyDev\Sources\unittest\net6.0\DemoUnitTestProject.runtimeconfig.json" --depsfile "C:\MyDev\Sources\unittest\net6.0\DemoUnitTestProject.deps.json" --port 52813 --endpoint 127.0.0.1:052813 --role client --parentprocessid 21236 --diag "C:\MyDev\Sources\diag6.host.23-04-28_11-37-38_56899_5.txt" --tracelevel 4 --telemetryoptedin false'
TpTrace Verbose: 0 : 21236, 5, 2023/04/28, 11:37:38.592, 6677526713104, vstest.console.exe, Test Runtime launched
TpTrace Verbose: 0 : 21236, 5, 2023/04/28, 11:37:38.592, 6677526714007, vstest.console.exe, MulticastDelegateUtilities.SafeInvoke: HostProviderEvents.OnHostLaunched: Invoking callback 1/1 for Microsoft.VisualStudio.TestPlatform.CrossPlatEngine.Client.ProxyOperationManager., took 0 ms.
TpTrace Verbose: 0 : 21236, 5, 2023/04/28, 11:37:38.592, 6677526719266, vstest.console.exe, TestRequestSender.WaitForRequestHandlerConnection: waiting for connection with timeout: 90000.
TpTrace Verbose: 0 : 21236, 5, 2023/04/28, 11:37:38.693, 6677527725438, vstest.console.exe, TestRequestSender.WaitForRequestHandlerConnection: waiting took 100 ms, with timeout 90000 ms, and result 0, which is success.
TpTrace Verbose: 0 : 21236, 9, 2023/04/28, 11:37:38.693, 6677527725438, vstest.console.exe, MulticastDelegateUtilities.SafeInvoke: SocketServer: ClientConnected: Invoking callback 1/1 for Microsoft.VisualStudio.TestPlatform.CommunicationUtilities.TestRequestSender., took 0 ms.
TpTrace Verbose: 0 : 21236, 9, 2023/04/28, 11:37:38.693, 6677527726904, vstest.console.exe, SocketServer.OnClientConnected: Client connected for endPoint: 127.0.0.1:52813, starting MessageLoopAsync:
TpTrace Verbose: 0 : 21236, 11, 2023/04/28, 11:37:38.694, 6677527741064, vstest.console.exe, TcpClientExtensions.MessageLoopAsync: Polling on remoteEndPoint: 127.0.0.1:52814 localEndPoint: 127.0.0.1:52813
TpTrace Verbose: 0 : 21236, 5, 2023/04/28, 11:37:38.703, 6677527827183, vstest.console.exe, TestRequestSender.CheckVersionWithTestHost: Sending check version message: {"MessageType":"ProtocolVersion","Payload":7}
TpTrace Verbose: 0 : 21236, 11, 2023/04/28, 11:37:38.787, 6677528652817, vstest.console.exe, TcpClientExtensions.MessageLoopAsync: NotifyDataAvailable remoteEndPoint: 127.0.0.1:52814 localEndPoint: 127.0.0.1:52813
TpTrace Verbose: 0 : 21236, 11, 2023/04/28, 11:37:38.788, 6677528669479, vstest.console.exe, TestRequestSender.CheckVersionWithTestHost: onMessageReceived received message: (ProtocolVersion) -> {"MessageType":"ProtocolVersion","Payload":7}
TpTrace Verbose: 0 : 21236, 11, 2023/04/28, 11:37:38.790, 6677528690463, vstest.console.exe, MulticastDelegateUtilities.SafeInvoke: LengthPrefixCommunicationChannel: MessageReceived: Invoking callback 1/1 for Microsoft.VisualStudio.TestPlatform.CommunicationUtilities.TestRequestSender+<>c__DisplayClass29_0., took 3 ms.
TpTrace Verbose: 0 : 21236, 11, 2023/04/28, 11:37:38.790, 6677528690834, vstest.console.exe, TcpClientExtensions.MessageLoopAsync: Polling on remoteEndPoint: 127.0.0.1:52814 localEndPoint: 127.0.0.1:52813
TpTrace Verbose: 0 : 21236, 11, 2023/04/28, 11:37:38.790, 6677528691080, vstest.console.exe, TcpClientExtensions.MessageLoopAsync: NotifyDataAvailable remoteEndPoint: 127.0.0.1:52814 localEndPoint: 127.0.0.1:52813
TpTrace Verbose: 0 : 21236, 11, 2023/04/28, 11:37:38.790, 6677528691434, vstest.console.exe, TestRequestSender.CheckVersionWithTestHost: onMessageReceived received message: (TestSession.Message) -> {"Version":7,"MessageType":"TestSession.Message","Payload":{"MessageLevel":0,"Message":"Logging TestHost Diagnostics in file: C:\\MyDev\\Sources\\diag6.host.23-04-28_11-37-38_56899_5.txt"}}
TpTrace Verbose: 0 : 21236, 11, 2023/04/28, 11:37:38.791, 6677528691653, vstest.console.exe, MulticastDelegateUtilities.SafeInvoke: LengthPrefixCommunicationChannel: MessageReceived: Invoking callback 1/1 for Microsoft.VisualStudio.TestPlatform.CommunicationUtilities.TestRequestSender+<>c__DisplayClass29_0., took 0 ms.
TpTrace Verbose: 0 : 21236, 11, 2023/04/28, 11:37:38.791, 6677528691821, vstest.console.exe, TcpClientExtensions.MessageLoopAsync: Polling on remoteEndPoint: 127.0.0.1:52814 localEndPoint: 127.0.0.1:52813
TpTrace Verbose: 0 : 21236, 5, 2023/04/28, 11:37:38.791, 6677528697150, vstest.console.exe, TestPluginCache.GetExtensionPaths: Filtered extension paths: 
TpTrace Verbose: 0 : 21236, 5, 2023/04/28, 11:37:38.791, 6677528697646, vstest.console.exe, TestPluginCache.GetExtensionPaths: Added default extension paths: C:\Program Files\Microsoft Visual Studio\2022\Enterprise\Common7\IDE\Extensions\TestPlatform\Extensions\Microsoft.Cci.dll
C:\Program Files\Microsoft Visual Studio\2022\Enterprise\Common7\IDE\Extensions\TestPlatform\Extensions\Microsoft.CodeCoverage.Core.dll
C:\Program Files\Microsoft Visual Studio\2022\Enterprise\Common7\IDE\Extensions\TestPlatform\Extensions\Microsoft.CodeCoverage.Instrumentation.dll
C:\Program Files\Microsoft Visual Studio\2022\Enterprise\Common7\IDE\Extensions\TestPlatform\Extensions\Microsoft.CodeCoverage.Interprocess.dll
C:\Program Files\Microsoft Visual Studio\2022\Enterprise\Common7\IDE\Extensions\TestPlatform\Extensions\Microsoft.CodeCoverage.Telemetry.dll
C:\Program Files\Microsoft Visual Studio\2022\Enterprise\Common7\IDE\Extensions\TestPlatform\Extensions\Microsoft.TestPlatform.Extensions.BlameDataCollector.dll
C:\Program Files\Microsoft Visual Studio\2022\Enterprise\Common7\IDE\Extensions\TestPlatform\Extensions\Microsoft.TestPlatform.Extensions.EventLogCollector.dll
C:\Program Files\Microsoft Visual Studio\2022\Enterprise\Common7\IDE\Extensions\TestPlatform\Extensions\Microsoft.TestPlatform.TestHostRuntimeProvider.dll
C:\Program Files\Microsoft Visual Studio\2022\Enterprise\Common7\IDE\Extensions\TestPlatform\Extensions\Microsoft.VisualStudio.ArchitectureTools.PEReader.dll
C:\Program Files\Microsoft Visual Studio\2022\Enterprise\Common7\IDE\Extensions\TestPlatform\Extensions\Microsoft.VisualStudio.Fakes.DataCollector.dll
C:\Program Files\Microsoft Visual Studio\2022\Enterprise\Common7\IDE\Extensions\TestPlatform\Extensions\Microsoft.VisualStudio.TestPlatform.Extensions.CodedWebTestAdapter.dll
C:\Program Files\Microsoft Visual Studio\2022\Enterprise\Common7\IDE\Extensions\TestPlatform\Extensions\Microsoft.VisualStudio.TestPlatform.Extensions.Html.TestLogger.dll
C:\Program Files\Microsoft Visual Studio\2022\Enterprise\Common7\IDE\Extensions\TestPlatform\Extensions\Microsoft.VisualStudio.TestPlatform.Extensions.TmiAdapter.dll
C:\Program Files\Microsoft Visual Studio\2022\Enterprise\Common7\IDE\Extensions\TestPlatform\Extensions\Microsoft.VisualStudio.TestPlatform.Extensions.Trx.TestLogger.dll
C:\Program Files\Microsoft Visual Studio\2022\Enterprise\Common7\IDE\Extensions\TestPlatform\Extensions\Microsoft.VisualStudio.TestPlatform.Extensions.VSTestIntegration.dll
C:\Program Files\Microsoft Visual Studio\2022\Enterprise\Common7\IDE\Extensions\TestPlatform\Extensions\Microsoft.VisualStudio.TestPlatform.Extensions.WebTestAdapter.dll
C:\Program Files\Microsoft Visual Studio\2022\Enterprise\Common7\IDE\Extensions\TestPlatform\Extensions\Microsoft.VisualStudio.TestTools.CppUnitTestFramework.ComInterfaces.dll
C:\Program Files\Microsoft Visual Studio\2022\Enterprise\Common7\IDE\Extensions\TestPlatform\Extensions\Microsoft.VisualStudio.TestTools.CppUnitTestFramework.CppUnitTestExtension.dll
C:\Program Files\Microsoft Visual Studio\2022\Enterprise\Common7\IDE\Extensions\TestPlatform\Extensions\Microsoft.VisualStudio.TestTools.DataCollection.MediaRecorder.Model.dll
C:\Program Files\Microsoft Visual Studio\2022\Enterprise\Common7\IDE\Extensions\TestPlatform\Extensions\Microsoft.VisualStudio.TestTools.DataCollection.VideoRecorderCollector.dll
C:\Program Files\Microsoft Visual Studio\2022\Enterprise\Common7\IDE\Extensions\TestPlatform\Extensions\Microsoft.VisualStudio.TraceDataCollector.dll
C:\Program Files\Microsoft Visual Studio\2022\Enterprise\Common7\IDE\Extensions\TestPlatform\Extensions\Mono.Cecil.dll
C:\Program Files\Microsoft Visual Studio\2022\Enterprise\Common7\IDE\Extensions\TestPlatform\Extensions\Mono.Cecil.Pdb.dll
C:\Program Files\Microsoft Visual Studio\2022\Enterprise\Common7\IDE\Extensions\TestPlatform\Extensions\Mono.Cecil.Rocks.dll
C:\Program Files\Microsoft Visual Studio\2022\Enterprise\Common7\IDE\Extensions\TestPlatform\Extensions\System.Runtime.CompilerServices.Unsafe.dll
TpTrace Verbose: 0 : 21236, 5, 2023/04/28, 11:37:38.791, 6677528698076, vstest.console.exe, TestPluginCache.GetExtensionPaths: Added unfilterableExtensionPaths: 
TpTrace Verbose: 0 : 21236, 5, 2023/04/28, 11:37:38.794, 6677528728743, vstest.console.exe, TestRequestSender.InitializeExecution: Sending initialize execution with message: {"Version":7,"MessageType":"TestExecution.Initialize","Payload":["C:\\MyDev\\Sources\\unittest\\net6.0\\Microsoft.VisualStudio.TestPlatform.MSTest.TestAdapter.dll"]}
TpTrace Warning: 0 : 21236, 5, 2023/04/28, 11:37:38.798, 6677528767423, vstest.console.exe, InferRunSettingsHelper.MakeRunsettingsCompatible: Removing the following settings: TargetPlatform from RunSettings file. To use those settings please move to latest version of Microsoft.NET.Test.Sdk
TpTrace Verbose: 0 : 21236, 5, 2023/04/28, 11:37:38.804, 6677528823857, vstest.console.exe, TestRequestSender.StartTestRun: Sending test run with message: {"Version":7,"MessageType":"TestExecution.StartWithSources","Payload":{"AdapterSourceMap":{"_none_":["C:\\MyDev\\Sources\\unittest\\net6.0\\DemoUnitTestProject.dll"]},"RunSettings":"<RunSettings>\r\n  <MSTest>\r\n    <MapInconclusiveToFailed>True</MapInconclusiveToFailed>\r\n    <CaptureTraceOutput>False</CaptureTraceOutput>\r\n    <DeleteDeploymentDirectoryAfterTestRunIsComplete>False</DeleteDeploymentDirectoryAfterTestRunIsComplete>\r\n    <DeploymentEnabled>True</DeploymentEnabled>\r\n    <AssemblyResolution>\r\n      <Directory path=\"..\\..\\\" includeSubDirectories=\"true\" />\r\n    </AssemblyResolution>\r\n  </MSTest>\r\n  <RunSettingsDirectory>C:\\MyDev\\Sources</RunSettingsDirectory>\r\n  <RunConfiguration>\r\n    <ResultsDirectory>C:\\MyDev\\Sources\\TestResults</ResultsDirectory>\r\n    <TargetFrameworkVersion>.NETCoreApp,Version=v6.0</TargetFrameworkVersion>\r\n    <DesignMode>False</DesignMode>\r\n    <CollectSourceInformation>False</CollectSourceInformation>\r\n  </RunConfiguration>\r\n  <LoggerRunSettings>\r\n    <Loggers>\r\n      <Logger friendlyName=\"trx\" enabled=\"True\">\r\n        <Configuration>\r\n          <LoggerFileName>C:\\MyDev\\Sources\\trx6.log</LoggerFileName>\r\n        </Configuration>\r\n      </Logger>\r\n      <Logger friendlyName=\"Console\" uri=\"logger://microsoft/TestPlatform/ConsoleLogger/v1\" assemblyQualifiedName=\"Microsoft.VisualStudio.TestPlatform.CommandLine.Internal.ConsoleLogger, vstest.console, Version=15.0.0.0, Culture=neutral, PublicKeyToken=b03f5f7f11d50a3a\" codeBase=\"C:\\Program Files\\Microsoft Visual Studio\\2022\\Enterprise\\Common7\\IDE\\Extensions\\TestPlatform\\vstest.console.exe\" enabled=\"True\" />\r\n    </Loggers>\r\n  </LoggerRunSettings>\r\n</RunSettings>","TestExecutionContext":{"FrequencyOfRunStatsChangeEvent":10,"RunStatsChangeEventTimeout":"00:00:01.5000000","InIsolation":false,"KeepAlive":false,"AreTestCaseLevelEventsRequired":false,"IsDebug":false,"TestCaseFilter":null,"FilterOptions":null},"Package":null}}
TpTrace Verbose: 0 : 21236, 11, 2023/04/28, 11:37:38.939, 6677530175623, vstest.console.exe, TcpClientExtensions.MessageLoopAsync: NotifyDataAvailable remoteEndPoint: 127.0.0.1:52814 localEndPoint: 127.0.0.1:52813
TpTrace Verbose: 0 : 21236, 11, 2023/04/28, 11:37:38.940, 6677530185991, vstest.console.exe, TestRequestSender.OnExecutionMessageReceived: Received message: {"Version":7,"MessageType":"TestSession.Message","Payload":{"MessageLevel":1,"Message":"[MSTest][Discovery][C:\\MyDev\\Sources\\unittest\\net6.0\\DemoUnitTestProject.dll] Unable to load types from the test source 'C:\\MyDev\\Sources\\unittest\\net6.0\\DemoUnitTestProject.dll'. Some or all of the tests in this source may not be discovered.\r\nError: System.IO.FileNotFoundException: Could not load file or assembly 'DemoTestBase, Version=1.0.0.0, Culture=neutral, PublicKeyToken=null'. The system cannot find the file specified.\r\n"}}
TpTrace Verbose: 0 : 21236, 11, 2023/04/28, 11:37:38.943, 6677530216810, vstest.console.exe, TestRunRequest:SendTestRunMessage: Starting.
TpTrace Verbose: 0 : 21236, 11, 2023/04/28, 11:37:38.943, 6677530221540, vstest.console.exe, MulticastDelegateUtilities.SafeInvoke: TestRun.LogMessages: Invoking callback 1/1 for Microsoft.VisualStudio.TestPlatform.CommandLine.TestRunResultAggregator., took 0 ms.
TpTrace Information: 0 : 21236, 11, 2023/04/28, 11:37:38.944, 6677530221985, vstest.console.exe, TestRunRequest:SendTestRunMessage: Completed.
TpTrace Verbose: 0 : 21236, 11, 2023/04/28, 11:37:38.944, 6677530222252, vstest.console.exe, MulticastDelegateUtilities.SafeInvoke: LengthPrefixCommunicationChannel: MessageReceived: Invoking callback 1/1 for Microsoft.VisualStudio.TestPlatform.CommunicationUtilities.TestRequestSender+<>c__DisplayClass34_0., took 4 ms.
TpTrace Verbose: 0 : 21236, 11, 2023/04/28, 11:37:38.944, 6677530222424, vstest.console.exe, TcpClientExtensions.MessageLoopAsync: Polling on remoteEndPoint: 127.0.0.1:52814 localEndPoint: 127.0.0.1:52813
TpTrace Verbose: 0 : 21236, 4, 2023/04/28, 11:37:38.944, 6677530225342, vstest.console.exe, MulticastDelegateUtilities.SafeInvoke: InternalTestLoggerEvents.SendTestRunMessage: Invoking callback 1/2 for Microsoft.VisualStudio.TestPlatform.Extensions.TrxLogger.TrxLogger., took 0 ms.
TpTrace Verbose: 0 : 21236, 4, 2023/04/28, 11:37:38.952, 6677530301813, vstest.console.exe, MulticastDelegateUtilities.SafeInvoke: InternalTestLoggerEvents.SendTestRunMessage: Invoking callback 2/2 for Microsoft.VisualStudio.TestPlatform.CommandLine.Internal.ConsoleLogger., took 7 ms.
TpTrace Verbose: 0 : 21236, 11, 2023/04/28, 11:37:39.018, 6677530965230, vstest.console.exe, TcpClientExtensions.MessageLoopAsync: NotifyDataAvailable remoteEndPoint: 127.0.0.1:52814 localEndPoint: 127.0.0.1:52813
TpTrace Verbose: 0 : 21236, 11, 2023/04/28, 11:37:39.018, 6677530966621, vstest.console.exe, TestRequestSender.OnExecutionMessageReceived: Received message: {"Version":7,"MessageType":"TestExecution.Completed","Payload":{"TestRunCompleteArgs":{"TestRunStatistics":{"ExecutedTests":1,"Stats":{"Failed":1}},"IsCanceled":false,"IsAborted":false,"Error":null,"AttachmentSets":[],"InvokedDataCollectors":[],"ElapsedTimeInRunningTests":"00:00:00.0976219","Metrics":{},"DiscoveredExtensions":{"TestDiscoverers":["Microsoft.VisualStudio.TestPlatform.MSTest.TestAdapter.MSTestDiscoverer, Microsoft.VisualStudio.TestPlatform.MSTest.TestAdapter, Version=14.0.0.0, Culture=neutral, PublicKeyToken=b03f5f7f11d50a3a"],"TestExecutors":["executor://MSTestAdapter/v2"],"TestExecutors2":[],"TestSettingsProviders":[]}},"LastRunTests":{"NewTestResults":[{"TestCase":{"Id":"f8978072-a49d-6504-db04-a3e14d0cf097","FullyQualifiedName":"DemoUnitTestProject.UnitTest2.TestMethod1","DisplayName":"TestMethod1","ExecutorUri":"executor://MSTestAdapter/v2","Source":"C:\\MyDev\\Sources\\unittest\\net6.0\\DemoUnitTestProject.dll","CodeFilePath":null,"LineNumber":-1,"Properties":[{"Key":{"Id":"TestCase.ManagedType","Label":"ManagedType","Category":"","Description":"","Attributes":1,"ValueType":"System.String"},"Value":"DemoUnitTestProject.UnitTest2"},{"Key":{"Id":"TestCase.ManagedMethod","Label":"ManagedMethod","Category":"","Description":"","Attributes":1,"ValueType":"System.String"},"Value":"TestMethod1"},{"Key":{"Id":"MSTestDiscoverer.TestClassName","Label":"ClassName","Category":"","Description":"","Attributes":1,"ValueType":"System.String"},"Value":"DemoUnitTestProject.UnitTest2"},{"Key":{"Id":"TestCase.Hierarchy","Label":"Hierarchy","Category":"","Description":"","Attributes":2,"ValueType":"System.String[]"},"Value":[null,"DemoUnitTestProject","UnitTest2","TestMethod1"]},{"Key":{"Id":"TestObject.Traits","Label":"Traits","Category":"","Description":"","Attributes":5,"ValueType":"System.Collections.Generic.KeyValuePair`2[[System.String],[System.String]][]"},"Value":[]},{"Key":{"Id":"MSTest.TestIdGenerationStrategy","Label":"TestIdGenerationStrategy","Category":"","Description":"","Attributes":1,"ValueType":"System.Int32"},"Value":2}]},"Attachments":[],"Outcome":2,"ErrorMessage":"Test method DemoUnitTestProject.UnitTest2.TestMethod1 threw exception: \r\nSystem.IO.FileNotFoundException: Could not load file or assembly 'DemoProject, Version=1.0.0.0, Culture=neutral, PublicKeyToken=null'. The system cannot find the file specified.","ErrorStackTrace":"    at DemoUnitTestProject.UnitTest2.TestMethod1()\r\n","DisplayName":"TestMethod1","Messages":[],"ComputerName":"LT-22-592","Duration":"00:00:00.0116659","StartTime":"2023-04-28T11:37:38.9587419+08:00","EndTime":"2023-04-28T11:37:38.9823881+08:00","Properties":[{"Key":{"Id":"ExecutionId","Label":"ExecutionId","Category":"","Description":"","Attributes":1,"ValueType":"System.Guid"},"Value":"00000000-0000-0000-0000-000000000000"},{"Key":{"Id":"ParentExecId","Label":"ParentExecId","Category":"","Description":"","Attributes":1,"ValueType":"System.Guid"},"Value":"00000000-0000-0000-0000-000000000000"},{"Key":{"Id":"InnerResultsCount","Label":"InnerResultsCount","Category":"","Description":"","Attributes":1,"ValueType":"System.Int32"},"Value":0}]}],"TestRunStatistics":{"ExecutedTests":1,"Stats":{"Failed":1}},"ActiveTests":[]},"RunAttachments":[],"ExecutorUris":["executor://mstestadapter/v2"]}}
TpTrace Verbose: 0 : 21236, 11, 2023/04/28, 11:37:39.019, 6677530976618, vstest.console.exe, TestRequestSender.EndSession: Sending end session.
TpTrace Verbose: 0 : 21236, 11, 2023/04/28, 11:37:39.019, 6677530979521, vstest.console.exe, ProxyOperationManager.Close: waiting for test host to exit for 100 ms
TpTrace Warning: 0 : 21236, 6, 2023/04/28, 11:37:39.023, 6677531021391, vstest.console.exe, TestHostManagerCallbacks.ErrorReceivedCallback Test host standard error line: 
TpTrace Verbose: 0 : 21236, 7, 2023/04/28, 11:37:39.030, 6677531084241, vstest.console.exe, TestHostProvider.ExitCallBack: Host exited starting callback.
TpTrace Information: 0 : 21236, 7, 2023/04/28, 11:37:39.030, 6677531086015, vstest.console.exe, TestHostManagerCallbacks.ExitCallBack: Testhost processId: 20916 exited with exitcode: 0 error: ''
TpTrace Verbose: 0 : 21236, 7, 2023/04/28, 11:37:39.030, 6677531087452, vstest.console.exe, DotnetTestHostManager.OnHostExited: invoking OnHostExited callback
TpTrace Verbose: 0 : 21236, 7, 2023/04/28, 11:37:39.030, 6677531088937, vstest.console.exe, CrossPlatEngine.TestHostManagerHostExited: calling on client process exit callback.
TpTrace Information: 0 : 21236, 7, 2023/04/28, 11:37:39.030, 6677531090271, vstest.console.exe, TestRequestSender.OnClientProcessExit: Test host process exited. Standard error: 
TpTrace Information: 0 : 21236, 7, 2023/04/28, 11:37:39.031, 6677531092247, vstest.console.exe, SocketServer.Stop: Stop server endPoint: 127.0.0.1:52813
TpTrace Information: 0 : 21236, 7, 2023/04/28, 11:37:39.031, 6677531092551, vstest.console.exe, SocketServer.Stop: Cancellation requested. Stopping message loop.
TpTrace Verbose: 0 : 21236, 7, 2023/04/28, 11:37:39.031, 6677531092822, vstest.console.exe, MulticastDelegateUtilities.SafeInvoke: HostProviderEvents.OnHostExited: Invoking callback 1/1 for Microsoft.VisualStudio.TestPlatform.CrossPlatEngine.Client.ProxyOperationManager., took 0 ms.
TpTrace Information: 0 : 21236, 11, 2023/04/28, 11:37:39.031, 6677531093709, vstest.console.exe, SocketServer.Stop: Stop server endPoint: 127.0.0.1:52813
TpTrace Information: 0 : 21236, 11, 2023/04/28, 11:37:39.031, 6677531094138, vstest.console.exe, SocketServer.Stop: Cancellation requested. Stopping message loop.
TpTrace Information: 0 : 21236, 11, 2023/04/28, 11:37:39.031, 6677531094311, vstest.console.exe, Closing the connection
TpTrace Verbose: 0 : 21236, 11, 2023/04/28, 11:37:39.073, 6677531514591, vstest.console.exe, TestRunRequest:SendTestRunStatsChange: Starting.
TpTrace Verbose: 0 : 21236, 11, 2023/04/28, 11:37:39.074, 6677531522933, vstest.console.exe, MulticastDelegateUtilities.SafeInvoke: TestRun.RunStatsChanged: Invoking callbacks was skipped because there are no subscribers.
TpTrace Information: 0 : 21236, 11, 2023/04/28, 11:37:39.074, 6677531523679, vstest.console.exe, TestRunRequest:SendTestRunStatsChange: Completed.
TpTrace Verbose: 0 : 21236, 11, 2023/04/28, 11:37:39.077, 6677531561111, vstest.console.exe, ParallelProxyExecutionManager: HandlePartialRunComplete: Total completed clients = 1, Run complete = True, Run canceled: False.
TpTrace Verbose: 0 : 21236, 4, 2023/04/28, 11:37:39.094, 6677531722086, vstest.console.exe, MulticastDelegateUtilities.SafeInvoke: InternalTestLoggerEvents.SendTestResult: Invoking callback 1/2 for Microsoft.VisualStudio.TestPlatform.Extensions.TrxLogger.TrxLogger., took 19 ms.
TpTrace Verbose: 0 : 21236, 4, 2023/04/28, 11:37:39.101, 6677531797410, vstest.console.exe, MulticastDelegateUtilities.SafeInvoke: InternalTestLoggerEvents.SendTestResult: Invoking callback 2/2 for Microsoft.VisualStudio.TestPlatform.CommandLine.Internal.ConsoleLogger., took 7 ms.
TpTrace Information: 0 : 21236, 4, 2023/04/28, 11:37:39.116, 6677531948568, vstest.console.exe, Converter.ToCollectionEntries: Converting attachmentSets  to collection entries.
TpTrace Information: 0 : 21236, 4, 2023/04/28, 11:37:39.122, 6677532011470, vstest.console.exe, Results File: C:\MyDev\Sources\TestResults\leef109860_LT-22-592_2023-04-28_11_37_39.trx
TpTrace Verbose: 0 : 21236, 4, 2023/04/28, 11:37:39.123, 6677532012183, vstest.console.exe, MulticastDelegateUtilities.SafeInvoke: InternalTestLoggerEvents.SendTestRunComplete: Invoking callback 1/2 for Microsoft.VisualStudio.TestPlatform.Extensions.TrxLogger.TrxLogger., took 21 ms.
TpTrace Verbose: 0 : 21236, 4, 2023/04/28, 11:37:39.135, 6677532133889, vstest.console.exe, MulticastDelegateUtilities.SafeInvoke: InternalTestLoggerEvents.SendTestRunComplete: Invoking callback 2/2 for Microsoft.VisualStudio.TestPlatform.CommandLine.Internal.ConsoleLogger., took 12 ms.
TpTrace Verbose: 0 : 21236, 11, 2023/04/28, 11:37:39.137, 6677532157111, vstest.console.exe, TestRunRequest:TestRunComplete: Starting. IsAborted:False IsCanceled:False.
TpTrace Verbose: 0 : 21236, 11, 2023/04/28, 11:37:39.141, 6677532200972, vstest.console.exe, TestLoggerManager.HandleTestRunComplete: Ignoring as the object is disposed.
TpTrace Verbose: 0 : 21236, 11, 2023/04/28, 11:37:39.142, 6677532205213, vstest.console.exe, MulticastDelegateUtilities.SafeInvoke: TestRun.TestRunComplete: Invoking callback 1/2 for Microsoft.VisualStudio.TestPlatform.CommandLine.TestRunResultAggregator., took 0 ms.
TpTrace Verbose: 0 : 21236, 11, 2023/04/28, 11:37:39.142, 6677532208668, vstest.console.exe, MulticastDelegateUtilities.SafeInvoke: TestRun.TestRunComplete: Invoking callback 2/2 for Microsoft.VisualStudio.TestPlatform.CommandLine.Processors.RunTestsArgumentExecutor+TestRunRequestEventsRegistrar., took 0 ms.
TpTrace Information: 0 : 21236, 11, 2023/04/28, 11:37:39.142, 6677532209215, vstest.console.exe, TestRunRequest:TestRunComplete: Completed.
TpTrace Verbose: 0 : 21236, 11, 2023/04/28, 11:37:39.142, 6677532210569, vstest.console.exe, TestRequestSender.SetOperationComplete: Setting operation complete.
TpTrace Information: 0 : 21236, 11, 2023/04/28, 11:37:39.142, 6677532210902, vstest.console.exe, SocketServer.Stop: Stop server endPoint: 127.0.0.1:52813
TpTrace Information: 0 : 21236, 11, 2023/04/28, 11:37:39.142, 6677532211046, vstest.console.exe, SocketServer.Stop: Cancellation requested. Stopping message loop.
TpTrace Verbose: 0 : 21236, 11, 2023/04/28, 11:37:39.142, 6677532211343, vstest.console.exe, MulticastDelegateUtilities.SafeInvoke: LengthPrefixCommunicationChannel: MessageReceived: Invoking callback 1/1 for Microsoft.VisualStudio.TestPlatform.CommunicationUtilities.TestRequestSender+<>c__DisplayClass34_0., took 124 ms.
TpTrace Information: 0 : 21236, 11, 2023/04/28, 11:37:39.143, 6677532215110, vstest.console.exe, SocketServer.PrivateStop: Stopping server endPoint: 127.0.0.1:52813 error: 
TpTrace Verbose: 0 : 21236, 1, 2023/04/28, 11:37:39.143, 6677532217945, vstest.console.exe, TestRunRequest.Dispose: Starting.
TpTrace Information: 0 : 21236, 1, 2023/04/28, 11:37:39.143, 6677532218453, vstest.console.exe, TestRunRequest.Dispose: Completed.
TpTrace Information: 0 : 21236, 1, 2023/04/28, 11:37:39.143, 6677532218619, vstest.console.exe, TestRequestManager.RunTests: run tests completed.
TpTrace Verbose: 0 : 21236, 11, 2023/04/28, 11:37:39.143, 6677532219390, vstest.console.exe, LengthPrefixCommunicationChannel.Dispose: Dispose reader and writer.
TpTrace Information: 0 : 21236, 11, 2023/04/28, 11:37:39.143, 6677532219845, vstest.console.exe, SocketServer.Stop: Raise disconnected event endPoint: 127.0.0.1:52813 error: 
TpTrace Information: 0 : 21236, 1, 2023/04/28, 11:37:39.143, 6677532220178, vstest.console.exe, RunTestsArgumentProcessor:Execute: Test run is completed.
TpTrace Verbose: 0 : 21236, 1, 2023/04/28, 11:37:39.143, 6677532221079, vstest.console.exe, Executor.Execute: Exiting with exit code of 1
